#
# A fatal error has been detected by the Java Runtime Environment:
#
#  SIGSEGV (0xb) at pc=0x00007fe958394009, pid=15013, tid=15041
#
# JRE version: OpenJDK Runtime Environment (9.0) (build 9-internal+0-2016-04-14-195246.buildd.src)
# Java VM: OpenJDK 64-Bit Server VM (9-internal+0-2016-04-14-195246.buildd.src, mixed mode, tiered, compressed oops, g1 gc, linux-amd64)
# Problematic frame:
# C  [libjava.so+0x1d009]  JNU_GetEnv+0x19
#
# Core dump will be written. Default location: Core dumps may be processed with "/usr/share/apport/apport %p %s %c %d %P" (or dumping to /home/srosenberg/Documents/Java/Project7/core.15013)
#
# If you would like to submit a bug report, please visit:
#   http://bugreport.java.com/bugreport/crash.jsp
# The crash happened outside the Java Virtual Machine in native code.
# See problematic frame for where to report the bug.
#

---------------  S U M M A R Y ------------

Command Line: SimpleCalc

Host: Intel(R) Core(TM) i7-7500U CPU @ 2.70GHz, 4 cores, 15G, Ubuntu 16.04.3 LTS
Time: Sun Nov 26 22:02:56 2017 EST elapsed time: 0 seconds (0d 0h 0m 0s)

---------------  T H R E A D  ---------------

Current thread (0x00007fe8c8003800):  JavaThread "AWT-EventQueue-0" [_thread_in_native, id=15041, stack(0x00007fe8d821d000,0x00007fe8d831e000)]

Stack: [0x00007fe8d821d000,0x00007fe8d831e000],  sp=0x00007fe8d8317200,  free space=1000k
Native frames: (J=compiled Java code, j=interpreted, Vv=VM code, C=native code)
C  [libjava.so+0x1d009]  JNU_GetEnv+0x19
C  [libfontmanager.so+0x33f8e]
C  [libfreetype.so.6+0x14d2b]  FT_Stream_Seek+0x1b

Java frames: (J=compiled Java code, j=interpreted, Vv=VM code)
j  sun.font.FreetypeFontScaler.initNativeScaler(Lsun/font/Font2D;IIZI)J+0 java.desktop@9-internal
j  sun.font.FreetypeFontScaler.<init>(Lsun/font/Font2D;IZI)V+26 java.desktop@9-internal
v  ~StubRoutines::call_stub
j  sun.reflect.NativeConstructorAccessorImpl.newInstance0(Ljava/lang/reflect/Constructor;[Ljava/lang/Object;)Ljava/lang/Object;+0 java.base@9-internal
j  sun.reflect.NativeConstructorAccessorImpl.newInstance([Ljava/lang/Object;)Ljava/lang/Object;+85 java.base@9-internal
j  sun.reflect.DelegatingConstructorAccessorImpl.newInstance([Ljava/lang/Object;)Ljava/lang/Object;+5 java.base@9-internal
j  java.lang.reflect.Constructor.newInstance([Ljava/lang/Object;)Ljava/lang/Object;+65 java.base@9-internal
j  sun.font.FontScaler.getScaler(Lsun/font/Font2D;IZI)Lsun/font/FontScaler;+39 java.desktop@9-internal
j  sun.font.TrueTypeFont.getScaler()Lsun/font/FontScaler;+21 java.desktop@9-internal
j  sun.font.FileFontStrike.<init>(Lsun/font/FileFont;Lsun/font/FontStrikeDesc;)V+204 java.desktop@9-internal
j  sun.font.FileFont.createStrike(Lsun/font/FontStrikeDesc;)Lsun/font/FontStrike;+18 java.desktop@9-internal
j  sun.font.Font2D.getStrike(Lsun/font/FontStrikeDesc;Z)Lsun/font/FontStrike;+92 java.desktop@9-internal
j  sun.font.Font2D.getStrike(Lsun/font/FontStrikeDesc;)Lsun/font/FontStrike;+3 java.desktop@9-internal
j  sun.font.CompositeStrike.getStrikeForSlot(I)Lsun/font/PhysicalStrike;+23 java.desktop@9-internal
j  sun.font.CompositeStrike.getFontMetrics()Lsun/font/StrikeMetrics;+31 java.desktop@9-internal
j  sun.font.FontDesignMetrics.initMatrixAndMetrics()V+28 java.desktop@9-internal
j  sun.font.FontDesignMetrics.<init>(Ljava/awt/Font;Ljava/awt/font/FontRenderContext;)V+62 java.desktop@9-internal
j  sun.font.FontDesignMetrics.getMetrics(Ljava/awt/Font;Ljava/awt/font/FontRenderContext;)Lsun/font/FontDesignMetrics;+128 java.desktop@9-internal
j  sun.swing.SwingUtilities2.getFontMetrics(Ljavax/swing/JComponent;Ljava/awt/Font;)Ljava/awt/FontMetrics;+15 java.desktop@9-internal
j  javax.swing.JComponent.getFontMetrics(Ljava/awt/Font;)Ljava/awt/FontMetrics;+2 java.desktop@9-internal
j  sun.swing.SwingUtilities2.getFontMetrics(Ljavax/swing/JComponent;Ljava/awt/Graphics;Ljava/awt/Font;)Ljava/awt/FontMetrics;+6 java.desktop@9-internal
j  sun.swing.SwingUtilities2.getFontMetrics(Ljavax/swing/JComponent;Ljava/awt/Graphics;)Ljava/awt/FontMetrics;+6 java.desktop@9-internal
j  javax.swing.plaf.basic.BasicButtonUI.paint(Ljava/awt/Graphics;Ljavax/swing/JComponent;)V+15 java.desktop@9-internal
j  javax.swing.plaf.metal.MetalButtonUI.update(Ljava/awt/Graphics;Ljavax/swing/JComponent;)V+86 java.desktop@9-internal
j  javax.swing.JComponent.paintComponent(Ljava/awt/Graphics;)V+26 java.desktop@9-internal
j  javax.swing.JComponent.paint(Ljava/awt/Graphics;)V+286 java.desktop@9-internal
j  javax.swing.JComponent.paintChildren(Ljava/awt/Graphics;)V+501 java.desktop@9-internal
j  javax.swing.JComponent.paint(Ljava/awt/Graphics;)V+318 java.desktop@9-internal
j  javax.swing.JComponent.paintChildren(Ljava/awt/Graphics;)V+501 java.desktop@9-internal
j  javax.swing.JComponent.paint(Ljava/awt/Graphics;)V+318 java.desktop@9-internal
j  javax.swing.JComponent.paintChildren(Ljava/awt/Graphics;)V+501 java.desktop@9-internal
j  javax.swing.JComponent.paint(Ljava/awt/Graphics;)V+318 java.desktop@9-internal
j  javax.swing.JComponent.paintChildren(Ljava/awt/Graphics;)V+501 java.desktop@9-internal
j  javax.swing.JComponent.paint(Ljava/awt/Graphics;)V+318 java.desktop@9-internal
j  javax.swing.JLayeredPane.paint(Ljava/awt/Graphics;)V+73 java.desktop@9-internal
j  javax.swing.JComponent.paintChildren(Ljava/awt/Graphics;)V+501 java.desktop@9-internal
j  javax.swing.JComponent.paintToOffscreen(Ljava/awt/Graphics;IIIIII)V+72 java.desktop@9-internal
j  javax.swing.BufferStrategyPaintManager.paint(Ljavax/swing/JComponent;Ljavax/swing/JComponent;Ljava/awt/Graphics;IIII)Z+164 java.desktop@9-internal
j  javax.swing.RepaintManager.paint(Ljavax/swing/JComponent;Ljavax/swing/JComponent;Ljava/awt/Graphics;IIII)V+51 java.desktop@9-internal
j  javax.swing.JComponent.paint(Ljava/awt/Graphics;)V+221 java.desktop@9-internal
j  java.awt.GraphicsCallback$PaintCallback.run(Ljava/awt/Component;Ljava/awt/Graphics;)V+2 java.desktop@9-internal
j  sun.awt.SunGraphicsCallback.runOneComponent(Ljava/awt/Component;Ljava/awt/Rectangle;Ljava/awt/Graphics;Ljava/awt/Shape;I)V+155 java.desktop@9-internal
j  sun.awt.SunGraphicsCallback.runComponents([Ljava/awt/Component;Ljava/awt/Graphics;I)V+157 java.desktop@9-internal
j  java.awt.Container.paint(Ljava/awt/Graphics;)V+58 java.desktop@9-internal
j  java.awt.Window.paint(Ljava/awt/Graphics;)V+68 java.desktop@9-internal
j  javax.swing.RepaintManager$4.run()Ljava/lang/Void;+142 java.desktop@9-internal
j  javax.swing.RepaintManager$4.run()Ljava/lang/Object;+1 java.desktop@9-internal
v  ~StubRoutines::call_stub
j  java.security.AccessController.doPrivileged(Ljava/security/PrivilegedAction;Ljava/security/AccessControlContext;)Ljava/lang/Object;+0 java.base@9-internal
j  java.security.ProtectionDomain$JavaSecurityAccessImpl.doIntersectionPrivilege(Ljava/security/PrivilegedAction;Ljava/security/AccessControlContext;Ljava/security/AccessControlContext;)Ljava/lang/Object;+18 java.base@9-internal
j  javax.swing.RepaintManager.paintDirtyRegions(Ljava/util/Map;)V+154 java.desktop@9-internal
j  javax.swing.RepaintManager.paintDirtyRegions()V+46 java.desktop@9-internal
j  javax.swing.RepaintManager.prePaintDirtyRegions()V+73 java.desktop@9-internal
j  javax.swing.RepaintManager.access$1200(Ljavax/swing/RepaintManager;)V+1 java.desktop@9-internal
j  javax.swing.RepaintManager$ProcessingRunnable.run()V+37 java.desktop@9-internal
j  java.awt.event.InvocationEvent.dispatch()V+47 java.desktop@9-internal
j  java.awt.EventQueue.dispatchEventImpl(Ljava/awt/AWTEvent;Ljava/lang/Object;)V+21 java.desktop@9-internal
j  java.awt.EventQueue.access$500(Ljava/awt/EventQueue;Ljava/awt/AWTEvent;Ljava/lang/Object;)V+3 java.desktop@9-internal
j  java.awt.EventQueue$3.run()Ljava/lang/Void;+32 java.desktop@9-internal
j  java.awt.EventQueue$3.run()Ljava/lang/Object;+1 java.desktop@9-internal
v  ~StubRoutines::call_stub
j  java.security.AccessController.doPrivileged(Ljava/security/PrivilegedAction;Ljava/security/AccessControlContext;)Ljava/lang/Object;+0 java.base@9-internal
j  java.security.ProtectionDomain$JavaSecurityAccessImpl.doIntersectionPrivilege(Ljava/security/PrivilegedAction;Ljava/security/AccessControlContext;Ljava/security/AccessControlContext;)Ljava/lang/Object;+18 java.base@9-internal
j  java.awt.EventQueue.dispatchEvent(Ljava/awt/AWTEvent;)V+46 java.desktop@9-internal
j  java.awt.EventDispatchThread.pumpOneEventForFilters(I)V+183 java.desktop@9-internal
j  java.awt.EventDispatchThread.pumpEventsForFilter(ILjava/awt/Conditional;Ljava/awt/EventFilter;)V+35 java.desktop@9-internal
j  java.awt.EventDispatchThread.pumpEventsForHierarchy(ILjava/awt/Conditional;Ljava/awt/Component;)V+11 java.desktop@9-internal
j  java.awt.EventDispatchThread.pumpEvents(ILjava/awt/Conditional;)V+4 java.desktop@9-internal
j  java.awt.EventDispatchThread.pumpEvents(Ljava/awt/Conditional;)V+3 java.desktop@9-internal
j  java.awt.EventDispatchThread.run()V+9 java.desktop@9-internal
v  ~StubRoutines::call_stub

siginfo: si_signo: 11 (SIGSEGV), si_code: 1 (SEGV_MAPERR), si_addr: 0x0000000000000000

Register to memory mapping:

RAX=0x0000000000000000 is an unknown value
RBX=0x0000000000000000 is an unknown value
RCX=0x0000000000000000 is an unknown value
RDX=0x0000000000010002 is an unknown value
RSP=0x00007fe8d8317200 is pointing into the stack for thread: 0x00007fe8c8003800
RBP=0x00007fe8d8317210 is pointing into the stack for thread: 0x00007fe8c8003800
RSI=0x0000000000010002 is an unknown value
RDI=0x0000000000000000 is an unknown value
R8 =0x0000000000000000 is an unknown value
R9 =0x0000000000000000 is an unknown value
R10=0x00000000000001db is an unknown value
R11=0x00007fe958393ff0: JNU_GetEnv+0x0000000000000000 in /usr/lib/jvm/java-9-openjdk-amd64/lib/amd64/libjava.so at 0x00007fe958377000
R12=0x00007fe8c0033790 is an unknown value
R13=0x0000000000000000 is an unknown value
R14=0x0000000000000000 is an unknown value
R15=0x00007fe8c00337f0 is an unknown value


Registers:
RAX=0x0000000000000000, RBX=0x0000000000000000, RCX=0x0000000000000000, RDX=0x0000000000010002
RSP=0x00007fe8d8317200, RBP=0x00007fe8d8317210, RSI=0x0000000000010002, RDI=0x0000000000000000
R8 =0x0000000000000000, R9 =0x0000000000000000, R10=0x00000000000001db, R11=0x00007fe958393ff0
R12=0x00007fe8c0033790, R13=0x0000000000000000, R14=0x0000000000000000, R15=0x00007fe8c00337f0
RIP=0x00007fe958394009, EFLAGS=0x0000000000010246, CSGSFS=0x002b000000000033, ERR=0x0000000000000004
  TRAPNO=0x000000000000000e

Top of Stack: (sp=0x00007fe8d8317200)
0x00007fe8d8317200:   0000000000000000 574ff1407b7f6700
0x00007fe8d8317210:   00007fe8d8317250 00007fe9041bbf8e
0x00007fe8d8317220:   00007fe8c0032c40 00007fe8c0033790
0x00007fe8d8317230:   0000000000000000 0000000000000000
0x00007fe8d8317240:   00007fe8c0033790 00007fe8c00337f0
0x00007fe8d8317250:   0000000000000000 00007fe8d8d69d2b
0x00007fe8d8317260:   0000000000000000 00007fe8d8ffbd80
0x00007fe8d8317270:   0000000000000000 00007fe8d8d7d8e0
0x00007fe8d8317280:   0000000000000002 0000003200000008
0x00007fe8d8317290:   0000000000000000 0000000000000000
0x00007fe8d83172a0:   0000006e0000005b 0000000000000000
0x00007fe8d83172b0:   0000000000000000 0000007c00000077
0x00007fe8d83172c0:   0202020202020202 0202020202020202
0x00007fe8d83172d0:   0000000000000000 0000000000000000
0x00007fe8d83172e0:   468b45f04e8b41d0 00007fe8c0000020
0x00007fe8d83172f0:   0000000000000070 00007fe8d83173a4
0x00007fe8d8317300:   00007fe8c0032c40 00007fe8c00337f0
0x00007fe8d8317310:   00007fe8d83173a4 00007fe95aaa2184
0x00007fe8d8317320:   00007fe959a19f00 00007fe8d8317354
0x00007fe8d8317330:   00007fe8d8ff89e0 574ff1407b7f6700
0x00007fe8d8317340:   0000000000000070 00007fe8c0032a80
0x00007fe8d8317350:   00007fe8d8ff89e0 00007fe8d8317468
0x00007fe8d8317360:   00007fe8c0032c40 00007fe8c00337f0
0x00007fe8d8317370:   00007fe8c0033d20 00007fe8d8d6c4c2
0x00007fe8d8317380:   0000000100000000 00007fe8d8317470
0x00007fe8d8317390:   0000000000000000 0000000000000000
0x00007fe8d83173a0:   00000000d8317468 574ff1407b7f6700
0x00007fe8d83173b0:   00007fe8c0032a80 00007fe8d8317470
0x00007fe8d83173c0:   0000000000000000 00007fe8c0032b68
0x00007fe8d83173d0:   00007fe8d8317670 00007fe8c0032ac8
0x00007fe8d83173e0:   00007fe8c0032c40 00007fe8d8d6e581
0x00007fe8d83173f0:   00007fe8d8317470 00007fe8d8d6e376 

Instructions: (pc=0x00007fe958394009)
0x00007fe958393fe9:   ff eb ea 0f 1f 40 00 55 89 f2 48 89 e5 48 83 ec
0x00007fe958393ff9:   10 64 48 8b 04 25 28 00 00 00 48 89 45 f8 31 c0
0x00007fe958394009:   48 8b 07 48 8d 75 f0 ff 50 30 48 8b 4d f8 64 48
0x00007fe958394019:   33 0c 25 28 00 00 00 48 8b 45 f0 75 02 c9 c3 e8 


---------------  P R O C E S S  ---------------

Java Threads: ( => current thread )
  0x00007fe954011000 JavaThread "DestroyJavaVM" [_thread_blocked, id=15014, stack(0x00007fe95b0fc000,0x00007fe95b1fd000)]
=>0x00007fe8c8003800 JavaThread "AWT-EventQueue-0" [_thread_in_native, id=15041, stack(0x00007fe8d821d000,0x00007fe8d831e000)]
  0x00007fe95448b800 JavaThread "AWT-Shutdown" [_thread_blocked, id=15040, stack(0x00007fe8d831e000,0x00007fe8d841f000)]
  0x00007fe9543fa800 JavaThread "AWT-XAWT" daemon [_thread_in_native, id=15039, stack(0x00007fe8d861f000,0x00007fe8d8720000)]
  0x00007fe9543d5800 JavaThread "Java2D Disposer" daemon [_thread_blocked, id=15038, stack(0x00007fe904087000,0x00007fe904188000)]
  0x00007fe954315800 JavaThread "Service Thread" daemon [_thread_blocked, id=15036, stack(0x00007fe905c17000,0x00007fe905d18000)]
  0x00007fe95425e800 JavaThread "Common-Cleaner" daemon [_thread_blocked, id=15035, stack(0x00007fe905d18000,0x00007fe905e19000)]
  0x00007fe954227000 JavaThread "Sweeper thread" daemon [_thread_blocked, id=15034, stack(0x00007fe906243000,0x00007fe906344000)]
  0x00007fe954225000 JavaThread "C1 CompilerThread2" daemon [_thread_blocked, id=15033, stack(0x00007fe906344000,0x00007fe906445000)]
  0x00007fe954223000 JavaThread "C2 CompilerThread1" daemon [_thread_blocked, id=15032, stack(0x00007fe906445000,0x00007fe906546000)]
  0x00007fe954221800 JavaThread "C2 CompilerThread0" daemon [_thread_in_native, id=15031, stack(0x00007fe906546000,0x00007fe906647000)]
  0x00007fe95421d000 JavaThread "Signal Dispatcher" daemon [_thread_blocked, id=15030, stack(0x00007fe906647000,0x00007fe906748000)]
  0x00007fe95421b000 JavaThread "Surrogate Locker Thread (Concurrent GC)" daemon [_thread_blocked, id=15029, stack(0x00007fe906748000,0x00007fe906849000)]
  0x00007fe954209800 JavaThread "Finalizer" daemon [_thread_blocked, id=15028, stack(0x00007fe907208000,0x00007fe907309000)]
  0x00007fe9541fd800 JavaThread "Reference Handler" daemon [_thread_blocked, id=15027, stack(0x00007fe907309000,0x00007fe90740a000)]

Other Threads:
  0x00007fe9541f3800 VMThread [stack: 0x00007fe90740a000,0x00007fe90750b000] [id=15026]
  0x00007fe954318000 WatcherThread [stack: 0x00007fe905b16000,0x00007fe905c17000] [id=15037]

Threads with active compile tasks:
C2 CompilerThread0 564       4       java.util.HashMap::putVal (300 bytes)

VM state:not at safepoint (normal execution)

VM Mutex/Monitor currently owned by a thread: None

heap address: 0x00000006c7000000, size: 3984 MB, Compressed Oops mode: Zero based, Oop shift amount: 3
Narrow klass base: 0x0000000000000000, Narrow klass shift: 3
Compressed class space size: 1073741824 Address: 0x00000007c0000000

Heap:
 garbage-first heap   total 256000K, used 6144K [0x00000006c7000000, 0x00000006c71007d0, 0x00000007c0000000)
  region size 1024K, 7 young (7168K), 0 survivors (0K)
 Metaspace       used 11908K, capacity 12240K, committed 12544K, reserved 1060864K
  class space    used 1369K, capacity 1507K, committed 1536K, reserved 1048576K

Heap Regions: E=young(eden), S=young(survivor), O=old, HS=humongous(starts), HC=humongous(continues), CS=collection set, F=free, A=archive, TS=gc time stamp, AC=allocation context, TAMS=top-at-mark-start (previous, next)
|   0|0x00000006c7000000, 0x00000006c7000000, 0x00000006c7100000|  0%| F|  |TS  0|AC  0|TAMS 0x00000006c7000000, 0x00000006c7000000|
|   1|0x00000006c7100000, 0x00000006c7100000, 0x00000006c7200000|  0%| F|  |TS  0|AC  0|TAMS 0x00000006c7100000, 0x00000006c7100000|
|   2|0x00000006c7200000, 0x00000006c7200000, 0x00000006c7300000|  0%| F|  |TS  0|AC  0|TAMS 0x00000006c7200000, 0x00000006c7200000|
|   3|0x00000006c7300000, 0x00000006c7300000, 0x00000006c7400000|  0%| F|  |TS  0|AC  0|TAMS 0x00000006c7300000, 0x00000006c7300000|
|   4|0x00000006c7400000, 0x00000006c7400000, 0x00000006c7500000|  0%| F|  |TS  0|AC  0|TAMS 0x00000006c7400000, 0x00000006c7400000|
|   5|0x00000006c7500000, 0x00000006c7500000, 0x00000006c7600000|  0%| F|  |TS  0|AC  0|TAMS 0x00000006c7500000, 0x00000006c7500000|
|   6|0x00000006c7600000, 0x00000006c7600000, 0x00000006c7700000|  0%| F|  |TS  0|AC  0|TAMS 0x00000006c7600000, 0x00000006c7600000|
|   7|0x00000006c7700000, 0x00000006c7700000, 0x00000006c7800000|  0%| F|  |TS  0|AC  0|TAMS 0x00000006c7700000, 0x00000006c7700000|
|   8|0x00000006c7800000, 0x00000006c7800000, 0x00000006c7900000|  0%| F|  |TS  0|AC  0|TAMS 0x00000006c7800000, 0x00000006c7800000|
|   9|0x00000006c7900000, 0x00000006c7900000, 0x00000006c7a00000|  0%| F|  |TS  0|AC  0|TAMS 0x00000006c7900000, 0x00000006c7900000|
|  10|0x00000006c7a00000, 0x00000006c7a00000, 0x00000006c7b00000|  0%| F|  |TS  0|AC  0|TAMS 0x00000006c7a00000, 0x00000006c7a00000|
|  11|0x00000006c7b00000, 0x00000006c7b00000, 0x00000006c7c00000|  0%| F|  |TS  0|AC  0|TAMS 0x00000006c7b00000, 0x00000006c7b00000|
|  12|0x00000006c7c00000, 0x00000006c7c00000, 0x00000006c7d00000|  0%| F|  |TS  0|AC  0|TAMS 0x00000006c7c00000, 0x00000006c7c00000|
|  13|0x00000006c7d00000, 0x00000006c7d00000, 0x00000006c7e00000|  0%| F|  |TS  0|AC  0|TAMS 0x00000006c7d00000, 0x00000006c7d00000|
|  14|0x00000006c7e00000, 0x00000006c7e00000, 0x00000006c7f00000|  0%| F|  |TS  0|AC  0|TAMS 0x00000006c7e00000, 0x00000006c7e00000|
|  15|0x00000006c7f00000, 0x00000006c7f00000, 0x00000006c8000000|  0%| F|  |TS  0|AC  0|TAMS 0x00000006c7f00000, 0x00000006c7f00000|
|  16|0x00000006c8000000, 0x00000006c8000000, 0x00000006c8100000|  0%| F|  |TS  0|AC  0|TAMS 0x00000006c8000000, 0x00000006c8000000|
|  17|0x00000006c8100000, 0x00000006c8100000, 0x00000006c8200000|  0%| F|  |TS  0|AC  0|TAMS 0x00000006c8100000, 0x00000006c8100000|
|  18|0x00000006c8200000, 0x00000006c8200000, 0x00000006c8300000|  0%| F|  |TS  0|AC  0|TAMS 0x00000006c8200000, 0x00000006c8200000|
|  19|0x00000006c8300000, 0x00000006c8300000, 0x00000006c8400000|  0%| F|  |TS  0|AC  0|TAMS 0x00000006c8300000, 0x00000006c8300000|
|  20|0x00000006c8400000, 0x00000006c8400000, 0x00000006c8500000|  0%| F|  |TS  0|AC  0|TAMS 0x00000006c8400000, 0x00000006c8400000|
|  21|0x00000006c8500000, 0x00000006c8500000, 0x00000006c8600000|  0%| F|  |TS  0|AC  0|TAMS 0x00000006c8500000, 0x00000006c8500000|
|  22|0x00000006c8600000, 0x00000006c8600000, 0x00000006c8700000|  0%| F|  |TS  0|AC  0|TAMS 0x00000006c8600000, 0x00000006c8600000|
|  23|0x00000006c8700000, 0x00000006c8700000, 0x00000006c8800000|  0%| F|  |TS  0|AC  0|TAMS 0x00000006c8700000, 0x00000006c8700000|
|  24|0x00000006c8800000, 0x00000006c8800000, 0x00000006c8900000|  0%| F|  |TS  0|AC  0|TAMS 0x00000006c8800000, 0x00000006c8800000|
|  25|0x00000006c8900000, 0x00000006c8900000, 0x00000006c8a00000|  0%| F|  |TS  0|AC  0|TAMS 0x00000006c8900000, 0x00000006c8900000|
|  26|0x00000006c8a00000, 0x00000006c8a00000, 0x00000006c8b00000|  0%| F|  |TS  0|AC  0|TAMS 0x00000006c8a00000, 0x00000006c8a00000|
|  27|0x00000006c8b00000, 0x00000006c8b00000, 0x00000006c8c00000|  0%| F|  |TS  0|AC  0|TAMS 0x00000006c8b00000, 0x00000006c8b00000|
|  28|0x00000006c8c00000, 0x00000006c8c00000, 0x00000006c8d00000|  0%| F|  |TS  0|AC  0|TAMS 0x00000006c8c00000, 0x00000006c8c00000|
|  29|0x00000006c8d00000, 0x00000006c8d00000, 0x00000006c8e00000|  0%| F|  |TS  0|AC  0|TAMS 0x00000006c8d00000, 0x00000006c8d00000|
|  30|0x00000006c8e00000, 0x00000006c8e00000, 0x00000006c8f00000|  0%| F|  |TS  0|AC  0|TAMS 0x00000006c8e00000, 0x00000006c8e00000|
|  31|0x00000006c8f00000, 0x00000006c8f00000, 0x00000006c9000000|  0%| F|  |TS  0|AC  0|TAMS 0x00000006c8f00000, 0x00000006c8f00000|
|  32|0x00000006c9000000, 0x00000006c9000000, 0x00000006c9100000|  0%| F|  |TS  0|AC  0|TAMS 0x00000006c9000000, 0x00000006c9000000|
|  33|0x00000006c9100000, 0x00000006c9100000, 0x00000006c9200000|  0%| F|  |TS  0|AC  0|TAMS 0x00000006c9100000, 0x00000006c9100000|
|  34|0x00000006c9200000, 0x00000006c9200000, 0x00000006c9300000|  0%| F|  |TS  0|AC  0|TAMS 0x00000006c9200000, 0x00000006c9200000|
|  35|0x00000006c9300000, 0x00000006c9300000, 0x00000006c9400000|  0%| F|  |TS  0|AC  0|TAMS 0x00000006c9300000, 0x00000006c9300000|
|  36|0x00000006c9400000, 0x00000006c9400000, 0x00000006c9500000|  0%| F|  |TS  0|AC  0|TAMS 0x00000006c9400000, 0x00000006c9400000|
|  37|0x00000006c9500000, 0x00000006c9500000, 0x00000006c9600000|  0%| F|  |TS  0|AC  0|TAMS 0x00000006c9500000, 0x00000006c9500000|
|  38|0x00000006c9600000, 0x00000006c9600000, 0x00000006c9700000|  0%| F|  |TS  0|AC  0|TAMS 0x00000006c9600000, 0x00000006c9600000|
|  39|0x00000006c9700000, 0x00000006c9700000, 0x00000006c9800000|  0%| F|  |TS  0|AC  0|TAMS 0x00000006c9700000, 0x00000006c9700000|
|  40|0x00000006c9800000, 0x00000006c9800000, 0x00000006c9900000|  0%| F|  |TS  0|AC  0|TAMS 0x00000006c9800000, 0x00000006c9800000|
|  41|0x00000006c9900000, 0x00000006c9900000, 0x00000006c9a00000|  0%| F|  |TS  0|AC  0|TAMS 0x00000006c9900000, 0x00000006c9900000|
|  42|0x00000006c9a00000, 0x00000006c9a00000, 0x00000006c9b00000|  0%| F|  |TS  0|AC  0|TAMS 0x00000006c9a00000, 0x00000006c9a00000|
|  43|0x00000006c9b00000, 0x00000006c9b00000, 0x00000006c9c00000|  0%| F|  |TS  0|AC  0|TAMS 0x00000006c9b00000, 0x00000006c9b00000|
|  44|0x00000006c9c00000, 0x00000006c9c00000, 0x00000006c9d00000|  0%| F|  |TS  0|AC  0|TAMS 0x00000006c9c00000, 0x00000006c9c00000|
|  45|0x00000006c9d00000, 0x00000006c9d00000, 0x00000006c9e00000|  0%| F|  |TS  0|AC  0|TAMS 0x00000006c9d00000, 0x00000006c9d00000|
|  46|0x00000006c9e00000, 0x00000006c9e00000, 0x00000006c9f00000|  0%| F|  |TS  0|AC  0|TAMS 0x00000006c9e00000, 0x00000006c9e00000|
|  47|0x00000006c9f00000, 0x00000006c9f00000, 0x00000006ca000000|  0%| F|  |TS  0|AC  0|TAMS 0x00000006c9f00000, 0x00000006c9f00000|
|  48|0x00000006ca000000, 0x00000006ca000000, 0x00000006ca100000|  0%| F|  |TS  0|AC  0|TAMS 0x00000006ca000000, 0x00000006ca000000|
|  49|0x00000006ca100000, 0x00000006ca100000, 0x00000006ca200000|  0%| F|  |TS  0|AC  0|TAMS 0x00000006ca100000, 0x00000006ca100000|
|  50|0x00000006ca200000, 0x00000006ca200000, 0x00000006ca300000|  0%| F|  |TS  0|AC  0|TAMS 0x00000006ca200000, 0x00000006ca200000|
|  51|0x00000006ca300000, 0x00000006ca300000, 0x00000006ca400000|  0%| F|  |TS  0|AC  0|TAMS 0x00000006ca300000, 0x00000006ca300000|
|  52|0x00000006ca400000, 0x00000006ca400000, 0x00000006ca500000|  0%| F|  |TS  0|AC  0|TAMS 0x00000006ca400000, 0x00000006ca400000|
|  53|0x00000006ca500000, 0x00000006ca500000, 0x00000006ca600000|  0%| F|  |TS  0|AC  0|TAMS 0x00000006ca500000, 0x00000006ca500000|
|  54|0x00000006ca600000, 0x00000006ca600000, 0x00000006ca700000|  0%| F|  |TS  0|AC  0|TAMS 0x00000006ca600000, 0x00000006ca600000|
|  55|0x00000006ca700000, 0x00000006ca700000, 0x00000006ca800000|  0%| F|  |TS  0|AC  0|TAMS 0x00000006ca700000, 0x00000006ca700000|
|  56|0x00000006ca800000, 0x00000006ca800000, 0x00000006ca900000|  0%| F|  |TS  0|AC  0|TAMS 0x00000006ca800000, 0x00000006ca800000|
|  57|0x00000006ca900000, 0x00000006ca900000, 0x00000006caa00000|  0%| F|  |TS  0|AC  0|TAMS 0x00000006ca900000, 0x00000006ca900000|
|  58|0x00000006caa00000, 0x00000006caa00000, 0x00000006cab00000|  0%| F|  |TS  0|AC  0|TAMS 0x00000006caa00000, 0x00000006caa00000|
|  59|0x00000006cab00000, 0x00000006cab00000, 0x00000006cac00000|  0%| F|  |TS  0|AC  0|TAMS 0x00000006cab00000, 0x00000006cab00000|
|  60|0x00000006cac00000, 0x00000006cac00000, 0x00000006cad00000|  0%| F|  |TS  0|AC  0|TAMS 0x00000006cac00000, 0x00000006cac00000|
|  61|0x00000006cad00000, 0x00000006cad00000, 0x00000006cae00000|  0%| F|  |TS  0|AC  0|TAMS 0x00000006cad00000, 0x00000006cad00000|
|  62|0x00000006cae00000, 0x00000006cae00000, 0x00000006caf00000|  0%| F|  |TS  0|AC  0|TAMS 0x00000006cae00000, 0x00000006cae00000|
|  63|0x00000006caf00000, 0x00000006caf00000, 0x00000006cb000000|  0%| F|  |TS  0|AC  0|TAMS 0x00000006caf00000, 0x00000006caf00000|
|  64|0x00000006cb000000, 0x00000006cb000000, 0x00000006cb100000|  0%| F|  |TS  0|AC  0|TAMS 0x00000006cb000000, 0x00000006cb000000|
|  65|0x00000006cb100000, 0x00000006cb100000, 0x00000006cb200000|  0%| F|  |TS  0|AC  0|TAMS 0x00000006cb100000, 0x00000006cb100000|
|  66|0x00000006cb200000, 0x00000006cb200000, 0x00000006cb300000|  0%| F|  |TS  0|AC  0|TAMS 0x00000006cb200000, 0x00000006cb200000|
|  67|0x00000006cb300000, 0x00000006cb300000, 0x00000006cb400000|  0%| F|  |TS  0|AC  0|TAMS 0x00000006cb300000, 0x00000006cb300000|
|  68|0x00000006cb400000, 0x00000006cb400000, 0x00000006cb500000|  0%| F|  |TS  0|AC  0|TAMS 0x00000006cb400000, 0x00000006cb400000|
|  69|0x00000006cb500000, 0x00000006cb500000, 0x00000006cb600000|  0%| F|  |TS  0|AC  0|TAMS 0x00000006cb500000, 0x00000006cb500000|
|  70|0x00000006cb600000, 0x00000006cb600000, 0x00000006cb700000|  0%| F|  |TS  0|AC  0|TAMS 0x00000006cb600000, 0x00000006cb600000|
|  71|0x00000006cb700000, 0x00000006cb700000, 0x00000006cb800000|  0%| F|  |TS  0|AC  0|TAMS 0x00000006cb700000, 0x00000006cb700000|
|  72|0x00000006cb800000, 0x00000006cb800000, 0x00000006cb900000|  0%| F|  |TS  0|AC  0|TAMS 0x00000006cb800000, 0x00000006cb800000|
|  73|0x00000006cb900000, 0x00000006cb900000, 0x00000006cba00000|  0%| F|  |TS  0|AC  0|TAMS 0x00000006cb900000, 0x00000006cb900000|
|  74|0x00000006cba00000, 0x00000006cba00000, 0x00000006cbb00000|  0%| F|  |TS  0|AC  0|TAMS 0x00000006cba00000, 0x00000006cba00000|
|  75|0x00000006cbb00000, 0x00000006cbb00000, 0x00000006cbc00000|  0%| F|  |TS  0|AC  0|TAMS 0x00000006cbb00000, 0x00000006cbb00000|
|  76|0x00000006cbc00000, 0x00000006cbc00000, 0x00000006cbd00000|  0%| F|  |TS  0|AC  0|TAMS 0x00000006cbc00000, 0x00000006cbc00000|
|  77|0x00000006cbd00000, 0x00000006cbd00000, 0x00000006cbe00000|  0%| F|  |TS  0|AC  0|TAMS 0x00000006cbd00000, 0x00000006cbd00000|
|  78|0x00000006cbe00000, 0x00000006cbe00000, 0x00000006cbf00000|  0%| F|  |TS  0|AC  0|TAMS 0x00000006cbe00000, 0x00000006cbe00000|
|  79|0x00000006cbf00000, 0x00000006cbf00000, 0x00000006cc000000|  0%| F|  |TS  0|AC  0|TAMS 0x00000006cbf00000, 0x00000006cbf00000|
|  80|0x00000006cc000000, 0x00000006cc000000, 0x00000006cc100000|  0%| F|  |TS  0|AC  0|TAMS 0x00000006cc000000, 0x00000006cc000000|
|  81|0x00000006cc100000, 0x00000006cc100000, 0x00000006cc200000|  0%| F|  |TS  0|AC  0|TAMS 0x00000006cc100000, 0x00000006cc100000|
|  82|0x00000006cc200000, 0x00000006cc200000, 0x00000006cc300000|  0%| F|  |TS  0|AC  0|TAMS 0x00000006cc200000, 0x00000006cc200000|
|  83|0x00000006cc300000, 0x00000006cc300000, 0x00000006cc400000|  0%| F|  |TS  0|AC  0|TAMS 0x00000006cc300000, 0x00000006cc300000|
|  84|0x00000006cc400000, 0x00000006cc400000, 0x00000006cc500000|  0%| F|  |TS  0|AC  0|TAMS 0x00000006cc400000, 0x00000006cc400000|
|  85|0x00000006cc500000, 0x00000006cc500000, 0x00000006cc600000|  0%| F|  |TS  0|AC  0|TAMS 0x00000006cc500000, 0x00000006cc500000|
|  86|0x00000006cc600000, 0x00000006cc600000, 0x00000006cc700000|  0%| F|  |TS  0|AC  0|TAMS 0x00000006cc600000, 0x00000006cc600000|
|  87|0x00000006cc700000, 0x00000006cc700000, 0x00000006cc800000|  0%| F|  |TS  0|AC  0|TAMS 0x00000006cc700000, 0x00000006cc700000|
|  88|0x00000006cc800000, 0x00000006cc800000, 0x00000006cc900000|  0%| F|  |TS  0|AC  0|TAMS 0x00000006cc800000, 0x00000006cc800000|
|  89|0x00000006cc900000, 0x00000006cc900000, 0x00000006cca00000|  0%| F|  |TS  0|AC  0|TAMS 0x00000006cc900000, 0x00000006cc900000|
|  90|0x00000006cca00000, 0x00000006cca00000, 0x00000006ccb00000|  0%| F|  |TS  0|AC  0|TAMS 0x00000006cca00000, 0x00000006cca00000|
|  91|0x00000006ccb00000, 0x00000006ccb00000, 0x00000006ccc00000|  0%| F|  |TS  0|AC  0|TAMS 0x00000006ccb00000, 0x00000006ccb00000|
|  92|0x00000006ccc00000, 0x00000006ccc00000, 0x00000006ccd00000|  0%| F|  |TS  0|AC  0|TAMS 0x00000006ccc00000, 0x00000006ccc00000|
|  93|0x00000006ccd00000, 0x00000006ccd00000, 0x00000006cce00000|  0%| F|  |TS  0|AC  0|TAMS 0x00000006ccd00000, 0x00000006ccd00000|
|  94|0x00000006cce00000, 0x00000006cce00000, 0x00000006ccf00000|  0%| F|  |TS  0|AC  0|TAMS 0x00000006cce00000, 0x00000006cce00000|
|  95|0x00000006ccf00000, 0x00000006ccf00000, 0x00000006cd000000|  0%| F|  |TS  0|AC  0|TAMS 0x00000006ccf00000, 0x00000006ccf00000|
|  96|0x00000006cd000000, 0x00000006cd000000, 0x00000006cd100000|  0%| F|  |TS  0|AC  0|TAMS 0x00000006cd000000, 0x00000006cd000000|
|  97|0x00000006cd100000, 0x00000006cd100000, 0x00000006cd200000|  0%| F|  |TS  0|AC  0|TAMS 0x00000006cd100000, 0x00000006cd100000|
|  98|0x00000006cd200000, 0x00000006cd200000, 0x00000006cd300000|  0%| F|  |TS  0|AC  0|TAMS 0x00000006cd200000, 0x00000006cd200000|
|  99|0x00000006cd300000, 0x00000006cd300000, 0x00000006cd400000|  0%| F|  |TS  0|AC  0|TAMS 0x00000006cd300000, 0x00000006cd300000|
| 100|0x00000006cd400000, 0x00000006cd400000, 0x00000006cd500000|  0%| F|  |TS  0|AC  0|TAMS 0x00000006cd400000, 0x00000006cd400000|
| 101|0x00000006cd500000, 0x00000006cd500000, 0x00000006cd600000|  0%| F|  |TS  0|AC  0|TAMS 0x00000006cd500000, 0x00000006cd500000|
| 102|0x00000006cd600000, 0x00000006cd600000, 0x00000006cd700000|  0%| F|  |TS  0|AC  0|TAMS 0x00000006cd600000, 0x00000006cd600000|
| 103|0x00000006cd700000, 0x00000006cd700000, 0x00000006cd800000|  0%| F|  |TS  0|AC  0|TAMS 0x00000006cd700000, 0x00000006cd700000|
| 104|0x00000006cd800000, 0x00000006cd800000, 0x00000006cd900000|  0%| F|  |TS  0|AC  0|TAMS 0x00000006cd800000, 0x00000006cd800000|
| 105|0x00000006cd900000, 0x00000006cd900000, 0x00000006cda00000|  0%| F|  |TS  0|AC  0|TAMS 0x00000006cd900000, 0x00000006cd900000|
| 106|0x00000006cda00000, 0x00000006cda00000, 0x00000006cdb00000|  0%| F|  |TS  0|AC  0|TAMS 0x00000006cda00000, 0x00000006cda00000|
| 107|0x00000006cdb00000, 0x00000006cdb00000, 0x00000006cdc00000|  0%| F|  |TS  0|AC  0|TAMS 0x00000006cdb00000, 0x00000006cdb00000|
| 108|0x00000006cdc00000, 0x00000006cdc00000, 0x00000006cdd00000|  0%| F|  |TS  0|AC  0|TAMS 0x00000006cdc00000, 0x00000006cdc00000|
| 109|0x00000006cdd00000, 0x00000006cdd00000, 0x00000006cde00000|  0%| F|  |TS  0|AC  0|TAMS 0x00000006cdd00000, 0x00000006cdd00000|
| 110|0x00000006cde00000, 0x00000006cde00000, 0x00000006cdf00000|  0%| F|  |TS  0|AC  0|TAMS 0x00000006cde00000, 0x00000006cde00000|
| 111|0x00000006cdf00000, 0x00000006cdf00000, 0x00000006ce000000|  0%| F|  |TS  0|AC  0|TAMS 0x00000006cdf00000, 0x00000006cdf00000|
| 112|0x00000006ce000000, 0x00000006ce000000, 0x00000006ce100000|  0%| F|  |TS  0|AC  0|TAMS 0x00000006ce000000, 0x00000006ce000000|
| 113|0x00000006ce100000, 0x00000006ce100000, 0x00000006ce200000|  0%| F|  |TS  0|AC  0|TAMS 0x00000006ce100000, 0x00000006ce100000|
| 114|0x00000006ce200000, 0x00000006ce200000, 0x00000006ce300000|  0%| F|  |TS  0|AC  0|TAMS 0x00000006ce200000, 0x00000006ce200000|
| 115|0x00000006ce300000, 0x00000006ce300000, 0x00000006ce400000|  0%| F|  |TS  0|AC  0|TAMS 0x00000006ce300000, 0x00000006ce300000|
| 116|0x00000006ce400000, 0x00000006ce400000, 0x00000006ce500000|  0%| F|  |TS  0|AC  0|TAMS 0x00000006ce400000, 0x00000006ce400000|
| 117|0x00000006ce500000, 0x00000006ce500000, 0x00000006ce600000|  0%| F|  |TS  0|AC  0|TAMS 0x00000006ce500000, 0x00000006ce500000|
| 118|0x00000006ce600000, 0x00000006ce600000, 0x00000006ce700000|  0%| F|  |TS  0|AC  0|TAMS 0x00000006ce600000, 0x00000006ce600000|
| 119|0x00000006ce700000, 0x00000006ce700000, 0x00000006ce800000|  0%| F|  |TS  0|AC  0|TAMS 0x00000006ce700000, 0x00000006ce700000|
| 120|0x00000006ce800000, 0x00000006ce800000, 0x00000006ce900000|  0%| F|  |TS  0|AC  0|TAMS 0x00000006ce800000, 0x00000006ce800000|
| 121|0x00000006ce900000, 0x00000006ce900000, 0x00000006cea00000|  0%| F|  |TS  0|AC  0|TAMS 0x00000006ce900000, 0x00000006ce900000|
| 122|0x00000006cea00000, 0x00000006cea00000, 0x00000006ceb00000|  0%| F|  |TS  0|AC  0|TAMS 0x00000006cea00000, 0x00000006cea00000|
| 123|0x00000006ceb00000, 0x00000006ceb00000, 0x00000006cec00000|  0%| F|  |TS  0|AC  0|TAMS 0x00000006ceb00000, 0x00000006ceb00000|
| 124|0x00000006cec00000, 0x00000006cec00000, 0x00000006ced00000|  0%| F|  |TS  0|AC  0|TAMS 0x00000006cec00000, 0x00000006cec00000|
| 125|0x00000006ced00000, 0x00000006ced00000, 0x00000006cee00000|  0%| F|  |TS  0|AC  0|TAMS 0x00000006ced00000, 0x00000006ced00000|
| 126|0x00000006cee00000, 0x00000006cee00000, 0x00000006cef00000|  0%| F|  |TS  0|AC  0|TAMS 0x00000006cee00000, 0x00000006cee00000|
| 127|0x00000006cef00000, 0x00000006cef00000, 0x00000006cf000000|  0%| F|  |TS  0|AC  0|TAMS 0x00000006cef00000, 0x00000006cef00000|
| 128|0x00000006cf000000, 0x00000006cf000000, 0x00000006cf100000|  0%| F|  |TS  0|AC  0|TAMS 0x00000006cf000000, 0x00000006cf000000|
| 129|0x00000006cf100000, 0x00000006cf100000, 0x00000006cf200000|  0%| F|  |TS  0|AC  0|TAMS 0x00000006cf100000, 0x00000006cf100000|
| 130|0x00000006cf200000, 0x00000006cf200000, 0x00000006cf300000|  0%| F|  |TS  0|AC  0|TAMS 0x00000006cf200000, 0x00000006cf200000|
| 131|0x00000006cf300000, 0x00000006cf300000, 0x00000006cf400000|  0%| F|  |TS  0|AC  0|TAMS 0x00000006cf300000, 0x00000006cf300000|
| 132|0x00000006cf400000, 0x00000006cf400000, 0x00000006cf500000|  0%| F|  |TS  0|AC  0|TAMS 0x00000006cf400000, 0x00000006cf400000|
| 133|0x00000006cf500000, 0x00000006cf500000, 0x00000006cf600000|  0%| F|  |TS  0|AC  0|TAMS 0x00000006cf500000, 0x00000006cf500000|
| 134|0x00000006cf600000, 0x00000006cf600000, 0x00000006cf700000|  0%| F|  |TS  0|AC  0|TAMS 0x00000006cf600000, 0x00000006cf600000|
| 135|0x00000006cf700000, 0x00000006cf700000, 0x00000006cf800000|  0%| F|  |TS  0|AC  0|TAMS 0x00000006cf700000, 0x00000006cf700000|
| 136|0x00000006cf800000, 0x00000006cf800000, 0x00000006cf900000|  0%| F|  |TS  0|AC  0|TAMS 0x00000006cf800000, 0x00000006cf800000|
| 137|0x00000006cf900000, 0x00000006cf900000, 0x00000006cfa00000|  0%| F|  |TS  0|AC  0|TAMS 0x00000006cf900000, 0x00000006cf900000|
| 138|0x00000006cfa00000, 0x00000006cfa00000, 0x00000006cfb00000|  0%| F|  |TS  0|AC  0|TAMS 0x00000006cfa00000, 0x00000006cfa00000|
| 139|0x00000006cfb00000, 0x00000006cfb00000, 0x00000006cfc00000|  0%| F|  |TS  0|AC  0|TAMS 0x00000006cfb00000, 0x00000006cfb00000|
| 140|0x00000006cfc00000, 0x00000006cfc00000, 0x00000006cfd00000|  0%| F|  |TS  0|AC  0|TAMS 0x00000006cfc00000, 0x00000006cfc00000|
| 141|0x00000006cfd00000, 0x00000006cfd00000, 0x00000006cfe00000|  0%| F|  |TS  0|AC  0|TAMS 0x00000006cfd00000, 0x00000006cfd00000|
| 142|0x00000006cfe00000, 0x00000006cfe00000, 0x00000006cff00000|  0%| F|  |TS  0|AC  0|TAMS 0x00000006cfe00000, 0x00000006cfe00000|
| 143|0x00000006cff00000, 0x00000006cff00000, 0x00000006d0000000|  0%| F|  |TS  0|AC  0|TAMS 0x00000006cff00000, 0x00000006cff00000|
| 144|0x00000006d0000000, 0x00000006d0000000, 0x00000006d0100000|  0%| F|  |TS  0|AC  0|TAMS 0x00000006d0000000, 0x00000006d0000000|
| 145|0x00000006d0100000, 0x00000006d0100000, 0x00000006d0200000|  0%| F|  |TS  0|AC  0|TAMS 0x00000006d0100000, 0x00000006d0100000|
| 146|0x00000006d0200000, 0x00000006d0200000, 0x00000006d0300000|  0%| F|  |TS  0|AC  0|TAMS 0x00000006d0200000, 0x00000006d0200000|
| 147|0x00000006d0300000, 0x00000006d0300000, 0x00000006d0400000|  0%| F|  |TS  0|AC  0|TAMS 0x00000006d0300000, 0x00000006d0300000|
| 148|0x00000006d0400000, 0x00000006d0400000, 0x00000006d0500000|  0%| F|  |TS  0|AC  0|TAMS 0x00000006d0400000, 0x00000006d0400000|
| 149|0x00000006d0500000, 0x00000006d0500000, 0x00000006d0600000|  0%| F|  |TS  0|AC  0|TAMS 0x00000006d0500000, 0x00000006d0500000|
| 150|0x00000006d0600000, 0x00000006d0600000, 0x00000006d0700000|  0%| F|  |TS  0|AC  0|TAMS 0x00000006d0600000, 0x00000006d0600000|
| 151|0x00000006d0700000, 0x00000006d0700000, 0x00000006d0800000|  0%| F|  |TS  0|AC  0|TAMS 0x00000006d0700000, 0x00000006d0700000|
| 152|0x00000006d0800000, 0x00000006d0800000, 0x00000006d0900000|  0%| F|  |TS  0|AC  0|TAMS 0x00000006d0800000, 0x00000006d0800000|
| 153|0x00000006d0900000, 0x00000006d0900000, 0x00000006d0a00000|  0%| F|  |TS  0|AC  0|TAMS 0x00000006d0900000, 0x00000006d0900000|
| 154|0x00000006d0a00000, 0x00000006d0a00000, 0x00000006d0b00000|  0%| F|  |TS  0|AC  0|TAMS 0x00000006d0a00000, 0x00000006d0a00000|
| 155|0x00000006d0b00000, 0x00000006d0b00000, 0x00000006d0c00000|  0%| F|  |TS  0|AC  0|TAMS 0x00000006d0b00000, 0x00000006d0b00000|
| 156|0x00000006d0c00000, 0x00000006d0c00000, 0x00000006d0d00000|  0%| F|  |TS  0|AC  0|TAMS 0x00000006d0c00000, 0x00000006d0c00000|
| 157|0x00000006d0d00000, 0x00000006d0d00000, 0x00000006d0e00000|  0%| F|  |TS  0|AC  0|TAMS 0x00000006d0d00000, 0x00000006d0d00000|
| 158|0x00000006d0e00000, 0x00000006d0e00000, 0x00000006d0f00000|  0%| F|  |TS  0|AC  0|TAMS 0x00000006d0e00000, 0x00000006d0e00000|
| 159|0x00000006d0f00000, 0x00000006d0f00000, 0x00000006d1000000|  0%| F|  |TS  0|AC  0|TAMS 0x00000006d0f00000, 0x00000006d0f00000|
| 160|0x00000006d1000000, 0x00000006d1000000, 0x00000006d1100000|  0%| F|  |TS  0|AC  0|TAMS 0x00000006d1000000, 0x00000006d1000000|
| 161|0x00000006d1100000, 0x00000006d1100000, 0x00000006d1200000|  0%| F|  |TS  0|AC  0|TAMS 0x00000006d1100000, 0x00000006d1100000|
| 162|0x00000006d1200000, 0x00000006d1200000, 0x00000006d1300000|  0%| F|  |TS  0|AC  0|TAMS 0x00000006d1200000, 0x00000006d1200000|
| 163|0x00000006d1300000, 0x00000006d1300000, 0x00000006d1400000|  0%| F|  |TS  0|AC  0|TAMS 0x00000006d1300000, 0x00000006d1300000|
| 164|0x00000006d1400000, 0x00000006d1400000, 0x00000006d1500000|  0%| F|  |TS  0|AC  0|TAMS 0x00000006d1400000, 0x00000006d1400000|
| 165|0x00000006d1500000, 0x00000006d1500000, 0x00000006d1600000|  0%| F|  |TS  0|AC  0|TAMS 0x00000006d1500000, 0x00000006d1500000|
| 166|0x00000006d1600000, 0x00000006d1600000, 0x00000006d1700000|  0%| F|  |TS  0|AC  0|TAMS 0x00000006d1600000, 0x00000006d1600000|
| 167|0x00000006d1700000, 0x00000006d1700000, 0x00000006d1800000|  0%| F|  |TS  0|AC  0|TAMS 0x00000006d1700000, 0x00000006d1700000|
| 168|0x00000006d1800000, 0x00000006d1800000, 0x00000006d1900000|  0%| F|  |TS  0|AC  0|TAMS 0x00000006d1800000, 0x00000006d1800000|
| 169|0x00000006d1900000, 0x00000006d1900000, 0x00000006d1a00000|  0%| F|  |TS  0|AC  0|TAMS 0x00000006d1900000, 0x00000006d1900000|
| 170|0x00000006d1a00000, 0x00000006d1a00000, 0x00000006d1b00000|  0%| F|  |TS  0|AC  0|TAMS 0x00000006d1a00000, 0x00000006d1a00000|
| 171|0x00000006d1b00000, 0x00000006d1b00000, 0x00000006d1c00000|  0%| F|  |TS  0|AC  0|TAMS 0x00000006d1b00000, 0x00000006d1b00000|
| 172|0x00000006d1c00000, 0x00000006d1c00000, 0x00000006d1d00000|  0%| F|  |TS  0|AC  0|TAMS 0x00000006d1c00000, 0x00000006d1c00000|
| 173|0x00000006d1d00000, 0x00000006d1d00000, 0x00000006d1e00000|  0%| F|  |TS  0|AC  0|TAMS 0x00000006d1d00000, 0x00000006d1d00000|
| 174|0x00000006d1e00000, 0x00000006d1e00000, 0x00000006d1f00000|  0%| F|  |TS  0|AC  0|TAMS 0x00000006d1e00000, 0x00000006d1e00000|
| 175|0x00000006d1f00000, 0x00000006d1f00000, 0x00000006d2000000|  0%| F|  |TS  0|AC  0|TAMS 0x00000006d1f00000, 0x00000006d1f00000|
| 176|0x00000006d2000000, 0x00000006d2000000, 0x00000006d2100000|  0%| F|  |TS  0|AC  0|TAMS 0x00000006d2000000, 0x00000006d2000000|
| 177|0x00000006d2100000, 0x00000006d2100000, 0x00000006d2200000|  0%| F|  |TS  0|AC  0|TAMS 0x00000006d2100000, 0x00000006d2100000|
| 178|0x00000006d2200000, 0x00000006d2200000, 0x00000006d2300000|  0%| F|  |TS  0|AC  0|TAMS 0x00000006d2200000, 0x00000006d2200000|
| 179|0x00000006d2300000, 0x00000006d2300000, 0x00000006d2400000|  0%| F|  |TS  0|AC  0|TAMS 0x00000006d2300000, 0x00000006d2300000|
| 180|0x00000006d2400000, 0x00000006d2400000, 0x00000006d2500000|  0%| F|  |TS  0|AC  0|TAMS 0x00000006d2400000, 0x00000006d2400000|
| 181|0x00000006d2500000, 0x00000006d2500000, 0x00000006d2600000|  0%| F|  |TS  0|AC  0|TAMS 0x00000006d2500000, 0x00000006d2500000|
| 182|0x00000006d2600000, 0x00000006d2600000, 0x00000006d2700000|  0%| F|  |TS  0|AC  0|TAMS 0x00000006d2600000, 0x00000006d2600000|
| 183|0x00000006d2700000, 0x00000006d2700000, 0x00000006d2800000|  0%| F|  |TS  0|AC  0|TAMS 0x00000006d2700000, 0x00000006d2700000|
| 184|0x00000006d2800000, 0x00000006d2800000, 0x00000006d2900000|  0%| F|  |TS  0|AC  0|TAMS 0x00000006d2800000, 0x00000006d2800000|
| 185|0x00000006d2900000, 0x00000006d2900000, 0x00000006d2a00000|  0%| F|  |TS  0|AC  0|TAMS 0x00000006d2900000, 0x00000006d2900000|
| 186|0x00000006d2a00000, 0x00000006d2a00000, 0x00000006d2b00000|  0%| F|  |TS  0|AC  0|TAMS 0x00000006d2a00000, 0x00000006d2a00000|
| 187|0x00000006d2b00000, 0x00000006d2b00000, 0x00000006d2c00000|  0%| F|  |TS  0|AC  0|TAMS 0x00000006d2b00000, 0x00000006d2b00000|
| 188|0x00000006d2c00000, 0x00000006d2c00000, 0x00000006d2d00000|  0%| F|  |TS  0|AC  0|TAMS 0x00000006d2c00000, 0x00000006d2c00000|
| 189|0x00000006d2d00000, 0x00000006d2d00000, 0x00000006d2e00000|  0%| F|  |TS  0|AC  0|TAMS 0x00000006d2d00000, 0x00000006d2d00000|
| 190|0x00000006d2e00000, 0x00000006d2e00000, 0x00000006d2f00000|  0%| F|  |TS  0|AC  0|TAMS 0x00000006d2e00000, 0x00000006d2e00000|
| 191|0x00000006d2f00000, 0x00000006d2f00000, 0x00000006d3000000|  0%| F|  |TS  0|AC  0|TAMS 0x00000006d2f00000, 0x00000006d2f00000|
| 192|0x00000006d3000000, 0x00000006d3000000, 0x00000006d3100000|  0%| F|  |TS  0|AC  0|TAMS 0x00000006d3000000, 0x00000006d3000000|
| 193|0x00000006d3100000, 0x00000006d3100000, 0x00000006d3200000|  0%| F|  |TS  0|AC  0|TAMS 0x00000006d3100000, 0x00000006d3100000|
| 194|0x00000006d3200000, 0x00000006d3200000, 0x00000006d3300000|  0%| F|  |TS  0|AC  0|TAMS 0x00000006d3200000, 0x00000006d3200000|
| 195|0x00000006d3300000, 0x00000006d3300000, 0x00000006d3400000|  0%| F|  |TS  0|AC  0|TAMS 0x00000006d3300000, 0x00000006d3300000|
| 196|0x00000006d3400000, 0x00000006d3400000, 0x00000006d3500000|  0%| F|  |TS  0|AC  0|TAMS 0x00000006d3400000, 0x00000006d3400000|
| 197|0x00000006d3500000, 0x00000006d3500000, 0x00000006d3600000|  0%| F|  |TS  0|AC  0|TAMS 0x00000006d3500000, 0x00000006d3500000|
| 198|0x00000006d3600000, 0x00000006d3600000, 0x00000006d3700000|  0%| F|  |TS  0|AC  0|TAMS 0x00000006d3600000, 0x00000006d3600000|
| 199|0x00000006d3700000, 0x00000006d3700000, 0x00000006d3800000|  0%| F|  |TS  0|AC  0|TAMS 0x00000006d3700000, 0x00000006d3700000|
| 200|0x00000006d3800000, 0x00000006d3800000, 0x00000006d3900000|  0%| F|  |TS  0|AC  0|TAMS 0x00000006d3800000, 0x00000006d3800000|
| 201|0x00000006d3900000, 0x00000006d3900000, 0x00000006d3a00000|  0%| F|  |TS  0|AC  0|TAMS 0x00000006d3900000, 0x00000006d3900000|
| 202|0x00000006d3a00000, 0x00000006d3a00000, 0x00000006d3b00000|  0%| F|  |TS  0|AC  0|TAMS 0x00000006d3a00000, 0x00000006d3a00000|
| 203|0x00000006d3b00000, 0x00000006d3b00000, 0x00000006d3c00000|  0%| F|  |TS  0|AC  0|TAMS 0x00000006d3b00000, 0x00000006d3b00000|
| 204|0x00000006d3c00000, 0x00000006d3c00000, 0x00000006d3d00000|  0%| F|  |TS  0|AC  0|TAMS 0x00000006d3c00000, 0x00000006d3c00000|
| 205|0x00000006d3d00000, 0x00000006d3d00000, 0x00000006d3e00000|  0%| F|  |TS  0|AC  0|TAMS 0x00000006d3d00000, 0x00000006d3d00000|
| 206|0x00000006d3e00000, 0x00000006d3e00000, 0x00000006d3f00000|  0%| F|  |TS  0|AC  0|TAMS 0x00000006d3e00000, 0x00000006d3e00000|
| 207|0x00000006d3f00000, 0x00000006d3f00000, 0x00000006d4000000|  0%| F|  |TS  0|AC  0|TAMS 0x00000006d3f00000, 0x00000006d3f00000|
| 208|0x00000006d4000000, 0x00000006d4000000, 0x00000006d4100000|  0%| F|  |TS  0|AC  0|TAMS 0x00000006d4000000, 0x00000006d4000000|
| 209|0x00000006d4100000, 0x00000006d4100000, 0x00000006d4200000|  0%| F|  |TS  0|AC  0|TAMS 0x00000006d4100000, 0x00000006d4100000|
| 210|0x00000006d4200000, 0x00000006d4200000, 0x00000006d4300000|  0%| F|  |TS  0|AC  0|TAMS 0x00000006d4200000, 0x00000006d4200000|
| 211|0x00000006d4300000, 0x00000006d4300000, 0x00000006d4400000|  0%| F|  |TS  0|AC  0|TAMS 0x00000006d4300000, 0x00000006d4300000|
| 212|0x00000006d4400000, 0x00000006d4400000, 0x00000006d4500000|  0%| F|  |TS  0|AC  0|TAMS 0x00000006d4400000, 0x00000006d4400000|
| 213|0x00000006d4500000, 0x00000006d4500000, 0x00000006d4600000|  0%| F|  |TS  0|AC  0|TAMS 0x00000006d4500000, 0x00000006d4500000|
| 214|0x00000006d4600000, 0x00000006d4600000, 0x00000006d4700000|  0%| F|  |TS  0|AC  0|TAMS 0x00000006d4600000, 0x00000006d4600000|
| 215|0x00000006d4700000, 0x00000006d4700000, 0x00000006d4800000|  0%| F|  |TS  0|AC  0|TAMS 0x00000006d4700000, 0x00000006d4700000|
| 216|0x00000006d4800000, 0x00000006d4800000, 0x00000006d4900000|  0%| F|  |TS  0|AC  0|TAMS 0x00000006d4800000, 0x00000006d4800000|
| 217|0x00000006d4900000, 0x00000006d4900000, 0x00000006d4a00000|  0%| F|  |TS  0|AC  0|TAMS 0x00000006d4900000, 0x00000006d4900000|
| 218|0x00000006d4a00000, 0x00000006d4a00000, 0x00000006d4b00000|  0%| F|  |TS  0|AC  0|TAMS 0x00000006d4a00000, 0x00000006d4a00000|
| 219|0x00000006d4b00000, 0x00000006d4b00000, 0x00000006d4c00000|  0%| F|  |TS  0|AC  0|TAMS 0x00000006d4b00000, 0x00000006d4b00000|
| 220|0x00000006d4c00000, 0x00000006d4c00000, 0x00000006d4d00000|  0%| F|  |TS  0|AC  0|TAMS 0x00000006d4c00000, 0x00000006d4c00000|
| 221|0x00000006d4d00000, 0x00000006d4d00000, 0x00000006d4e00000|  0%| F|  |TS  0|AC  0|TAMS 0x00000006d4d00000, 0x00000006d4d00000|
| 222|0x00000006d4e00000, 0x00000006d4e00000, 0x00000006d4f00000|  0%| F|  |TS  0|AC  0|TAMS 0x00000006d4e00000, 0x00000006d4e00000|
| 223|0x00000006d4f00000, 0x00000006d4f00000, 0x00000006d5000000|  0%| F|  |TS  0|AC  0|TAMS 0x00000006d4f00000, 0x00000006d4f00000|
| 224|0x00000006d5000000, 0x00000006d5000000, 0x00000006d5100000|  0%| F|  |TS  0|AC  0|TAMS 0x00000006d5000000, 0x00000006d5000000|
| 225|0x00000006d5100000, 0x00000006d5100000, 0x00000006d5200000|  0%| F|  |TS  0|AC  0|TAMS 0x00000006d5100000, 0x00000006d5100000|
| 226|0x00000006d5200000, 0x00000006d5200000, 0x00000006d5300000|  0%| F|  |TS  0|AC  0|TAMS 0x00000006d5200000, 0x00000006d5200000|
| 227|0x00000006d5300000, 0x00000006d5300000, 0x00000006d5400000|  0%| F|  |TS  0|AC  0|TAMS 0x00000006d5300000, 0x00000006d5300000|
| 228|0x00000006d5400000, 0x00000006d5400000, 0x00000006d5500000|  0%| F|  |TS  0|AC  0|TAMS 0x00000006d5400000, 0x00000006d5400000|
| 229|0x00000006d5500000, 0x00000006d5500000, 0x00000006d5600000|  0%| F|  |TS  0|AC  0|TAMS 0x00000006d5500000, 0x00000006d5500000|
| 230|0x00000006d5600000, 0x00000006d5600000, 0x00000006d5700000|  0%| F|  |TS  0|AC  0|TAMS 0x00000006d5600000, 0x00000006d5600000|
| 231|0x00000006d5700000, 0x00000006d5700000, 0x00000006d5800000|  0%| F|  |TS  0|AC  0|TAMS 0x00000006d5700000, 0x00000006d5700000|
| 232|0x00000006d5800000, 0x00000006d5800000, 0x00000006d5900000|  0%| F|  |TS  0|AC  0|TAMS 0x00000006d5800000, 0x00000006d5800000|
| 233|0x00000006d5900000, 0x00000006d5900000, 0x00000006d5a00000|  0%| F|  |TS  0|AC  0|TAMS 0x00000006d5900000, 0x00000006d5900000|
| 234|0x00000006d5a00000, 0x00000006d5a00000, 0x00000006d5b00000|  0%| F|  |TS  0|AC  0|TAMS 0x00000006d5a00000, 0x00000006d5a00000|
| 235|0x00000006d5b00000, 0x00000006d5b00000, 0x00000006d5c00000|  0%| F|  |TS  0|AC  0|TAMS 0x00000006d5b00000, 0x00000006d5b00000|
| 236|0x00000006d5c00000, 0x00000006d5c00000, 0x00000006d5d00000|  0%| F|  |TS  0|AC  0|TAMS 0x00000006d5c00000, 0x00000006d5c00000|
| 237|0x00000006d5d00000, 0x00000006d5d00000, 0x00000006d5e00000|  0%| F|  |TS  0|AC  0|TAMS 0x00000006d5d00000, 0x00000006d5d00000|
| 238|0x00000006d5e00000, 0x00000006d5e00000, 0x00000006d5f00000|  0%| F|  |TS  0|AC  0|TAMS 0x00000006d5e00000, 0x00000006d5e00000|
| 239|0x00000006d5f00000, 0x00000006d5f00000, 0x00000006d6000000|  0%| F|  |TS  0|AC  0|TAMS 0x00000006d5f00000, 0x00000006d5f00000|
| 240|0x00000006d6000000, 0x00000006d6000000, 0x00000006d6100000|  0%| F|  |TS  0|AC  0|TAMS 0x00000006d6000000, 0x00000006d6000000|
| 241|0x00000006d6100000, 0x00000006d6100000, 0x00000006d6200000|  0%| F|  |TS  0|AC  0|TAMS 0x00000006d6100000, 0x00000006d6100000|
| 242|0x00000006d6200000, 0x00000006d6200000, 0x00000006d6300000|  0%| F|  |TS  0|AC  0|TAMS 0x00000006d6200000, 0x00000006d6200000|
| 243|0x00000006d6300000, 0x00000006d637b668, 0x00000006d6400000| 48%| E|  |TS  0|AC  0|TAMS 0x00000006d6300000, 0x00000006d6300000|
| 244|0x00000006d6400000, 0x00000006d6500000, 0x00000006d6500000|100%| E|CS|TS  0|AC  0|TAMS 0x00000006d6400000, 0x00000006d6400000|
| 245|0x00000006d6500000, 0x00000006d6600000, 0x00000006d6600000|100%| E|CS|TS  0|AC  0|TAMS 0x00000006d6500000, 0x00000006d6500000|
| 246|0x00000006d6600000, 0x00000006d6700000, 0x00000006d6700000|100%| E|CS|TS  0|AC  0|TAMS 0x00000006d6600000, 0x00000006d6600000|
| 247|0x00000006d6700000, 0x00000006d6800000, 0x00000006d6800000|100%| E|CS|TS  0|AC  0|TAMS 0x00000006d6700000, 0x00000006d6700000|
| 248|0x00000006d6800000, 0x00000006d6900000, 0x00000006d6900000|100%| E|CS|TS  0|AC  0|TAMS 0x00000006d6800000, 0x00000006d6800000|
| 249|0x00000006d6900000, 0x00000006d6a00000, 0x00000006d6a00000|100%| E|CS|TS  0|AC  0|TAMS 0x00000006d6900000, 0x00000006d6900000|

Card table byte_map: [0x00007fe9168a8000,0x00007fe917070000] byte_map_base: 0x00007fe913270000

Marking Bits (Prev, Next): (CMBitMap*) 0x00007fe9540889a0, (CMBitMap*) 0x00007fe9540889f8
 Prev Bits: [0x00007fe9122a0000, 0x00007fe9160e0000)
 Next Bits: [0x00007fe90e460000, 0x00007fe9122a0000)

Polling page: 0x00007fe95b219000

CodeHeap 'non-nmethods': size=5696Kb used=1266Kb max_used=1270Kb free=4429Kb
 bounds [0x00007fe93d20c000, 0x00007fe93d47c000, 0x00007fe93d79c000]
CodeHeap 'profiled nmethods': size=120032Kb used=865Kb max_used=865Kb free=119166Kb
 bounds [0x00007fe93d79c000, 0x00007fe93da0c000, 0x00007fe944cd4000]
CodeHeap 'non-profiled nmethods': size=120032Kb used=174Kb max_used=174Kb free=119857Kb
 bounds [0x00007fe944cd4000, 0x00007fe944f44000, 0x00007fe94c20c000]
 total_blobs=1229 nmethods=570 adapters=446
 compilation: enabled

Compilation events (10 events):
Event: 0.473 Thread 0x00007fe954223000  566       4       java.util.concurrent.ConcurrentHashMap::casTabAt (21 bytes)
Event: 0.474 Thread 0x00007fe954223000 nmethod 566 0x00007fe944cff290 code [0x00007fe944cff3e0, 0x00007fe944cff518]
Event: 0.478 Thread 0x00007fe954225000  568       3       java.lang.Character::toLowerCase (9 bytes)
Event: 0.478 Thread 0x00007fe954225000 nmethod 568 0x00007fe93d873390 code [0x00007fe93d873520, 0x00007fe93d873758]
Event: 0.478 Thread 0x00007fe954225000  569       3       java.lang.CharacterDataLatin1::toLowerCase (39 bytes)
Event: 0.478 Thread 0x00007fe954225000 nmethod 569 0x00007fe93d873810 code [0x00007fe93d8739a0, 0x00007fe93d873c10]
Event: 0.478 Thread 0x00007fe954225000  567       3       java.lang.String::startsWith (7 bytes)
Event: 0.478 Thread 0x00007fe954225000 nmethod 567 0x00007fe93d873d10 code [0x00007fe93d873ea0, 0x00007fe93d8740a8]
Event: 0.480 Thread 0x00007fe954225000  570       3       java.nio.HeapByteBuffer::_get (7 bytes)
Event: 0.481 Thread 0x00007fe954225000 nmethod 570 0x00007fe93d874190 code [0x00007fe93d874300, 0x00007fe93d874470]

GC Heap History (0 events):
No events

Deoptimization events (10 events):
Event: 0.315 Thread 0x00007fe954011000 Uncommon trap: reason=unstable_if action=reinterpret pc=0x00007fe944cdcc88 method=java.util.HashMap.hash(Ljava/lang/Object;)I @ 1
Event: 0.351 Thread 0x00007fe954011000 Uncommon trap: reason=class_check action=maybe_recompile pc=0x00007fe944cdde54 method=java.util.HashMap.putVal(ILjava/lang/Object;Ljava/lang/Object;ZZ)Ljava/lang/Object; @ 253
Event: 0.351 Thread 0x00007fe954011000 Uncommon trap: reason=class_check action=maybe_recompile pc=0x00007fe944cde3a0 method=java.util.HashMap.putVal(ILjava/lang/Object;Ljava/lang/Object;ZZ)Ljava/lang/Object; @ 91
Event: 0.352 Thread 0x00007fe954011000 Uncommon trap: reason=class_check action=maybe_recompile pc=0x00007fe944cdde54 method=java.util.HashMap.putVal(ILjava/lang/Object;Ljava/lang/Object;ZZ)Ljava/lang/Object; @ 253
Event: 0.354 Thread 0x00007fe954011000 Uncommon trap: reason=unstable_fused_if action=reinterpret pc=0x00007fe944ce929c method=jdk.internal.org.objectweb.asm.ByteVector.putUTF8(Ljava/lang/String;)Ljdk/internal/org/objectweb/asm/ByteVector; @ 91
Event: 0.471 Thread 0x00007fe8c8003800 Uncommon trap: reason=class_check action=maybe_recompile pc=0x00007fe944cfb1cc method=java.util.HashMap.putVal(ILjava/lang/Object;Ljava/lang/Object;ZZ)Ljava/lang/Object; @ 203
Event: 0.471 Thread 0x00007fe8c8003800 Uncommon trap: reason=bimorphic_or_optimized_type_check action=maybe_recompile pc=0x00007fe944cfb1f4 method=java.util.HashMap.putVal(ILjava/lang/Object;Ljava/lang/Object;ZZ)Ljava/lang/Object; @ 91
Event: 0.471 Thread 0x00007fe8c8003800 Uncommon trap: reason=bimorphic_or_optimized_type_check action=maybe_recompile pc=0x00007fe944cfb1f4 method=java.util.HashMap.putVal(ILjava/lang/Object;Ljava/lang/Object;ZZ)Ljava/lang/Object; @ 91
Event: 0.471 Thread 0x00007fe8c8003800 Uncommon trap: reason=bimorphic_or_optimized_type_check action=maybe_recompile pc=0x00007fe944cfb1f4 method=java.util.HashMap.putVal(ILjava/lang/Object;Ljava/lang/Object;ZZ)Ljava/lang/Object; @ 91
Event: 0.471 Thread 0x00007fe8c8003800 Uncommon trap: reason=bimorphic_or_optimized_type_check action=maybe_recompile pc=0x00007fe944cfb1f4 method=java.util.HashMap.putVal(ILjava/lang/Object;Ljava/lang/Object;ZZ)Ljava/lang/Object; @ 91

Classes redefined (0 events):
No events

Internal exceptions (7 events):
Event: 0.141 Thread 0x00007fe954011000 Exception <a 'java/lang/ClassNotFoundException': sun/awt/resources/awtProvider> (0x00000006d67710c0) thrown at [/build/openjdk-9-argm_o/openjdk-9-9~b114/src/hotspot/src/share/vm/classfile/systemDictionary.cpp, line 224]
Event: 0.158 Thread 0x00007fe954011000 Exception <a 'java/io/FileNotFoundException'> (0x00000006d67b1018) thrown at [/build/openjdk-9-argm_o/openjdk-9-9~b114/src/hotspot/src/share/vm/prims/jni.cpp, line 605]
Event: 0.159 Thread 0x00007fe954011000 Exception <a 'java/io/FileNotFoundException'> (0x00000006d67b9090) thrown at [/build/openjdk-9-argm_o/openjdk-9-9~b114/src/hotspot/src/share/vm/prims/jni.cpp, line 605]
Event: 0.283 Thread 0x00007fe954011000 Exception <a 'java/lang/ClassNotFoundException': com/sun/swing/internal/plaf/metal/resources/metalProvider> (0x00000006d6593b28) thrown at [/build/openjdk-9-argm_o/openjdk-9-9~b114/src/hotspot/src/share/vm/classfile/systemDictionary.cpp, line 224]
Event: 0.284 Thread 0x00007fe954011000 Exception <a 'java/lang/ClassNotFoundException': com/sun/swing/internal/plaf/basic/resources/basicProvider> (0x00000006d6597188) thrown at [/build/openjdk-9-argm_o/openjdk-9-9~b114/src/hotspot/src/share/vm/classfile/systemDictionary.cpp, line 224]
Event: 0.293 Thread 0x00007fe954011000 Implicit null exception at 0x00007fe944cdebb8 to 0x00007fe944cdec46
Event: 0.315 Thread 0x00007fe954011000 Implicit null exception at 0x00007fe944cdcc0f to 0x00007fe944cdcc79

Events (10 events):
Event: 0.481 loading class sun/nio/cs/UTF_16$Decoder
Event: 0.481 loading class sun/nio/cs/UnicodeDecoder
Event: 0.482 loading class sun/nio/cs/UnicodeDecoder done
Event: 0.482 loading class sun/nio/cs/UTF_16$Decoder done
Event: 0.482 loading class sun/font/FileFontStrike
Event: 0.482 loading class sun/font/FileFontStrike done
Event: 0.483 loading class sun/font/FontScaler
Event: 0.483 loading class sun/font/FontScaler done
Event: 0.483 loading class sun/font/FreetypeFontScaler
Event: 0.483 loading class sun/font/FreetypeFontScaler done


Dynamic libraries:
00400000-00401000 r-xp 00000000 103:06 14555810                          /usr/lib/jvm/java-9-openjdk-amd64/bin/java
00600000-00601000 r--p 00000000 103:06 14555810                          /usr/lib/jvm/java-9-openjdk-amd64/bin/java
00601000-00602000 rw-p 00001000 103:06 14555810                          /usr/lib/jvm/java-9-openjdk-amd64/bin/java
01420000-01441000 rw-p 00000000 00:00 0                                  [heap]
6c7000000-6d6a00000 rw-p 00000000 00:00 0 
6d6a00000-7c0000000 ---p 00000000 00:00 0 
7c0000000-7c0180000 rw-p 00000000 00:00 0 
7c0180000-800000000 ---p 00000000 00:00 0 
7fe8bc000000-7fe8bc021000 rw-p 00000000 00:00 0 
7fe8bc021000-7fe8c0000000 ---p 00000000 00:00 0 
7fe8c0000000-7fe8c0038000 rw-p 00000000 00:00 0 
7fe8c0038000-7fe8c4000000 ---p 00000000 00:00 0 
7fe8c4000000-7fe8c4021000 rw-p 00000000 00:00 0 
7fe8c4021000-7fe8c8000000 ---p 00000000 00:00 0 
7fe8c8000000-7fe8c8021000 rw-p 00000000 00:00 0 
7fe8c8021000-7fe8cc000000 ---p 00000000 00:00 0 
7fe8cc000000-7fe8cc021000 rw-p 00000000 00:00 0 
7fe8cc021000-7fe8d0000000 ---p 00000000 00:00 0 
7fe8d0000000-7fe8d0021000 rw-p 00000000 00:00 0 
7fe8d0021000-7fe8d4000000 ---p 00000000 00:00 0 
7fe8d4000000-7fe8d4021000 rw-p 00000000 00:00 0 
7fe8d4021000-7fe8d8000000 ---p 00000000 00:00 0 
7fe8d801d000-7fe8d80dd000 rw-p 00000000 00:00 0 
7fe8d80dd000-7fe8d821d000 ---p 00000000 00:00 0 
7fe8d821d000-7fe8d8221000 ---p 00000000 00:00 0 
7fe8d8221000-7fe8d831e000 rw-p 00000000 00:00 0 
7fe8d831e000-7fe8d8322000 ---p 00000000 00:00 0 
7fe8d8322000-7fe8d861f000 rw-p 00000000 00:00 0 
7fe8d861f000-7fe8d8623000 ---p 00000000 00:00 0 
7fe8d8623000-7fe8d8720000 rw-p 00000000 00:00 0 
7fe8d8720000-7fe8d8725000 r-xp 00000000 103:06 14425815                  /usr/lib/x86_64-linux-gnu/libXfixes.so.3.1.0
7fe8d8725000-7fe8d8924000 ---p 00005000 103:06 14425815                  /usr/lib/x86_64-linux-gnu/libXfixes.so.3.1.0
7fe8d8924000-7fe8d8925000 r--p 00004000 103:06 14425815                  /usr/lib/x86_64-linux-gnu/libXfixes.so.3.1.0
7fe8d8925000-7fe8d8926000 rw-p 00005000 103:06 14425815                  /usr/lib/x86_64-linux-gnu/libXfixes.so.3.1.0
7fe8d8926000-7fe8d892f000 r-xp 00000000 103:06 14425807                  /usr/lib/x86_64-linux-gnu/libXcursor.so.1.0.2
7fe8d892f000-7fe8d8b2e000 ---p 00009000 103:06 14425807                  /usr/lib/x86_64-linux-gnu/libXcursor.so.1.0.2
7fe8d8b2e000-7fe8d8b2f000 r--p 00008000 103:06 14425807                  /usr/lib/x86_64-linux-gnu/libXcursor.so.1.0.2
7fe8d8b2f000-7fe8d8b30000 rw-p 00009000 103:06 14425807                  /usr/lib/x86_64-linux-gnu/libXcursor.so.1.0.2
7fe8d8b30000-7fe8d8b54000 r-xp 00000000 103:06 16519769                  /lib/x86_64-linux-gnu/libpng12.so.0.54.0
7fe8d8b54000-7fe8d8d53000 ---p 00024000 103:06 16519769                  /lib/x86_64-linux-gnu/libpng12.so.0.54.0
7fe8d8d53000-7fe8d8d54000 r--p 00023000 103:06 16519769                  /lib/x86_64-linux-gnu/libpng12.so.0.54.0
7fe8d8d54000-7fe8d8d55000 rw-p 00024000 103:06 16519769                  /lib/x86_64-linux-gnu/libpng12.so.0.54.0
7fe8d8d55000-7fe8d8df9000 r-xp 00000000 103:06 14426238                  /usr/lib/x86_64-linux-gnu/libfreetype.so.6.12.1
7fe8d8df9000-7fe8d8ff8000 ---p 000a4000 103:06 14426238                  /usr/lib/x86_64-linux-gnu/libfreetype.so.6.12.1
7fe8d8ff8000-7fe8d8ffe000 r--p 000a3000 103:06 14426238                  /usr/lib/x86_64-linux-gnu/libfreetype.so.6.12.1
7fe8d8ffe000-7fe8d8fff000 rw-p 000a9000 103:06 14426238                  /usr/lib/x86_64-linux-gnu/libfreetype.so.6.12.1
7fe8d8fff000-7fe8dc000000 rw-p 00000000 00:00 0 
7fe8dc000000-7fe8dc0f0000 rw-p 00000000 00:00 0 
7fe8dc0f0000-7fe8e0000000 ---p 00000000 00:00 0 
7fe8e0000000-7fe8e0021000 rw-p 00000000 00:00 0 
7fe8e0021000-7fe8e4000000 ---p 00000000 00:00 0 
7fe8e4000000-7fe8e420f000 rw-p 00000000 00:00 0 
7fe8e420f000-7fe8e8000000 ---p 00000000 00:00 0 
7fe8e8000000-7fe8e82a1000 rw-p 00000000 00:00 0 
7fe8e82a1000-7fe8ec000000 ---p 00000000 00:00 0 
7fe8ec000000-7fe8ec021000 rw-p 00000000 00:00 0 
7fe8ec021000-7fe8f0000000 ---p 00000000 00:00 0 
7fe8f0000000-7fe8f0021000 rw-p 00000000 00:00 0 
7fe8f0021000-7fe8f4000000 ---p 00000000 00:00 0 
7fe8f4000000-7fe8f4021000 rw-p 00000000 00:00 0 
7fe8f4021000-7fe8f8000000 ---p 00000000 00:00 0 
7fe8f8000000-7fe8f8021000 rw-p 00000000 00:00 0 
7fe8f8021000-7fe8fc000000 ---p 00000000 00:00 0 
7fe8fc000000-7fe8fc021000 rw-p 00000000 00:00 0 
7fe8fc021000-7fe900000000 ---p 00000000 00:00 0 
7fe900000000-7fe900021000 rw-p 00000000 00:00 0 
7fe900021000-7fe904000000 ---p 00000000 00:00 0 
7fe904087000-7fe90408b000 ---p 00000000 00:00 0 
7fe90408b000-7fe904188000 rw-p 00000000 00:00 0 
7fe904188000-7fe90424e000 r-xp 00000000 103:06 14555830                  /usr/lib/jvm/java-9-openjdk-amd64/lib/amd64/libfontmanager.so
7fe90424e000-7fe90444d000 ---p 000c6000 103:06 14555830                  /usr/lib/jvm/java-9-openjdk-amd64/lib/amd64/libfontmanager.so
7fe90444d000-7fe904450000 r--p 000c5000 103:06 14555830                  /usr/lib/jvm/java-9-openjdk-amd64/lib/amd64/libfontmanager.so
7fe904450000-7fe904451000 rw-p 000c8000 103:06 14555830                  /usr/lib/jvm/java-9-openjdk-amd64/lib/amd64/libfontmanager.so
7fe904451000-7fe904452000 rw-p 00000000 00:00 0 
7fe904452000-7fe904457000 r-xp 00000000 103:06 14425811                  /usr/lib/x86_64-linux-gnu/libXdmcp.so.6.0.0
7fe904457000-7fe904656000 ---p 00005000 103:06 14425811                  /usr/lib/x86_64-linux-gnu/libXdmcp.so.6.0.0
7fe904656000-7fe904657000 r--p 00004000 103:06 14425811                  /usr/lib/x86_64-linux-gnu/libXdmcp.so.6.0.0
7fe904657000-7fe904658000 rw-p 00005000 103:06 14425811                  /usr/lib/x86_64-linux-gnu/libXdmcp.so.6.0.0
7fe904658000-7fe90465a000 r-xp 00000000 103:06 14425800                  /usr/lib/x86_64-linux-gnu/libXau.so.6.0.0
7fe90465a000-7fe90485a000 ---p 00002000 103:06 14425800                  /usr/lib/x86_64-linux-gnu/libXau.so.6.0.0
7fe90485a000-7fe90485b000 r--p 00002000 103:06 14425800                  /usr/lib/x86_64-linux-gnu/libXau.so.6.0.0
7fe90485b000-7fe90485c000 rw-p 00003000 103:06 14425800                  /usr/lib/x86_64-linux-gnu/libXau.so.6.0.0
7fe90485c000-7fe90487d000 r-xp 00000000 103:06 14427218                  /usr/lib/x86_64-linux-gnu/libxcb.so.1.1.0
7fe90487d000-7fe904a7c000 ---p 00021000 103:06 14427218                  /usr/lib/x86_64-linux-gnu/libxcb.so.1.1.0
7fe904a7c000-7fe904a7d000 r--p 00020000 103:06 14427218                  /usr/lib/x86_64-linux-gnu/libxcb.so.1.1.0
7fe904a7d000-7fe904a7e000 rw-p 00021000 103:06 14427218                  /usr/lib/x86_64-linux-gnu/libxcb.so.1.1.0
7fe904a7e000-7fe904a8d000 r-xp 00000000 103:06 14425823                  /usr/lib/x86_64-linux-gnu/libXi.so.6.1.0
7fe904a8d000-7fe904c8c000 ---p 0000f000 103:06 14425823                  /usr/lib/x86_64-linux-gnu/libXi.so.6.1.0
7fe904c8c000-7fe904c8d000 r--p 0000e000 103:06 14425823                  /usr/lib/x86_64-linux-gnu/libXi.so.6.1.0
7fe904c8d000-7fe904c8e000 rw-p 0000f000 103:06 14425823                  /usr/lib/x86_64-linux-gnu/libXi.so.6.1.0
7fe904c8e000-7fe904c93000 r-xp 00000000 103:06 14425841                  /usr/lib/x86_64-linux-gnu/libXtst.so.6.1.0
7fe904c93000-7fe904e92000 ---p 00005000 103:06 14425841                  /usr/lib/x86_64-linux-gnu/libXtst.so.6.1.0
7fe904e92000-7fe904e93000 r--p 00004000 103:06 14425841                  /usr/lib/x86_64-linux-gnu/libXtst.so.6.1.0
7fe904e93000-7fe904e94000 rw-p 00005000 103:06 14425841                  /usr/lib/x86_64-linux-gnu/libXtst.so.6.1.0
7fe904e94000-7fe904e9d000 r-xp 00000000 103:06 14425835                  /usr/lib/x86_64-linux-gnu/libXrender.so.1.3.0
7fe904e9d000-7fe90509c000 ---p 00009000 103:06 14425835                  /usr/lib/x86_64-linux-gnu/libXrender.so.1.3.0
7fe90509c000-7fe90509d000 r--p 00008000 103:06 14425835                  /usr/lib/x86_64-linux-gnu/libXrender.so.1.3.0
7fe90509d000-7fe90509e000 rw-p 00009000 103:06 14425835                  /usr/lib/x86_64-linux-gnu/libXrender.so.1.3.0
7fe90509e000-7fe9051d3000 r-xp 00000000 103:06 14425796                  /usr/lib/x86_64-linux-gnu/libX11.so.6.3.0
7fe9051d3000-7fe9053d3000 ---p 00135000 103:06 14425796                  /usr/lib/x86_64-linux-gnu/libX11.so.6.3.0
7fe9053d3000-7fe9053d4000 r--p 00135000 103:06 14425796                  /usr/lib/x86_64-linux-gnu/libX11.so.6.3.0
7fe9053d4000-7fe9053d8000 rw-p 00136000 103:06 14425796                  /usr/lib/x86_64-linux-gnu/libX11.so.6.3.0
7fe9053d8000-7fe9053e9000 r-xp 00000000 103:06 14425813                  /usr/lib/x86_64-linux-gnu/libXext.so.6.4.0
7fe9053e9000-7fe9055e8000 ---p 00011000 103:06 14425813                  /usr/lib/x86_64-linux-gnu/libXext.so.6.4.0
7fe9055e8000-7fe9055e9000 r--p 00010000 103:06 14425813                  /usr/lib/x86_64-linux-gnu/libXext.so.6.4.0
7fe9055e9000-7fe9055ea000 rw-p 00011000 103:06 14425813                  /usr/lib/x86_64-linux-gnu/libXext.so.6.4.0
7fe9055ea000-7fe905641000 r-xp 00000000 103:06 14555857                  /usr/lib/jvm/java-9-openjdk-amd64/lib/amd64/libawt_xawt.so
7fe905641000-7fe905841000 ---p 00057000 103:06 14555857                  /usr/lib/jvm/java-9-openjdk-amd64/lib/amd64/libawt_xawt.so
7fe905841000-7fe905842000 r--p 00057000 103:06 14555857                  /usr/lib/jvm/java-9-openjdk-amd64/lib/amd64/libawt_xawt.so
7fe905842000-7fe905845000 rw-p 00058000 103:06 14555857                  /usr/lib/jvm/java-9-openjdk-amd64/lib/amd64/libawt_xawt.so
7fe905845000-7fe905846000 rw-p 00000000 00:00 0 
7fe905846000-7fe9058e6000 r-xp 00000000 103:06 14555829                  /usr/lib/jvm/java-9-openjdk-amd64/lib/amd64/libawt.so
7fe9058e6000-7fe905ae5000 ---p 000a0000 103:06 14555829                  /usr/lib/jvm/java-9-openjdk-amd64/lib/amd64/libawt.so
7fe905ae5000-7fe905ae6000 r--p 0009f000 103:06 14555829                  /usr/lib/jvm/java-9-openjdk-amd64/lib/amd64/libawt.so
7fe905ae6000-7fe905af1000 rw-p 000a0000 103:06 14555829                  /usr/lib/jvm/java-9-openjdk-amd64/lib/amd64/libawt.so
7fe905af1000-7fe905b16000 rw-p 00000000 00:00 0 
7fe905b16000-7fe905b17000 ---p 00000000 00:00 0 
7fe905b17000-7fe905c17000 rw-p 00000000 00:00 0 
7fe905c17000-7fe905c1b000 ---p 00000000 00:00 0 
7fe905c1b000-7fe905d18000 rw-p 00000000 00:00 0 
7fe905d18000-7fe905d1c000 ---p 00000000 00:00 0 
7fe905d1c000-7fe905e19000 rw-p 00000000 00:00 0 
7fe905e19000-7fe905e2f000 r-xp 00000000 103:06 14555831                  /usr/lib/jvm/java-9-openjdk-amd64/lib/amd64/libnet.so
7fe905e2f000-7fe90602e000 ---p 00016000 103:06 14555831                  /usr/lib/jvm/java-9-openjdk-amd64/lib/amd64/libnet.so
7fe90602e000-7fe90602f000 r--p 00015000 103:06 14555831                  /usr/lib/jvm/java-9-openjdk-amd64/lib/amd64/libnet.so
7fe90602f000-7fe906030000 rw-p 00016000 103:06 14555831                  /usr/lib/jvm/java-9-openjdk-amd64/lib/amd64/libnet.so
7fe906030000-7fe906041000 r-xp 00000000 103:06 14555858                  /usr/lib/jvm/java-9-openjdk-amd64/lib/amd64/libnio.so
7fe906041000-7fe906241000 ---p 00011000 103:06 14555858                  /usr/lib/jvm/java-9-openjdk-amd64/lib/amd64/libnio.so
7fe906241000-7fe906242000 r--p 00011000 103:06 14555858                  /usr/lib/jvm/java-9-openjdk-amd64/lib/amd64/libnio.so
7fe906242000-7fe906243000 rw-p 00012000 103:06 14555858                  /usr/lib/jvm/java-9-openjdk-amd64/lib/amd64/libnio.so
7fe906243000-7fe906247000 ---p 00000000 00:00 0 
7fe906247000-7fe906344000 rw-p 00000000 00:00 0 
7fe906344000-7fe906348000 ---p 00000000 00:00 0 
7fe906348000-7fe906445000 rw-p 00000000 00:00 0 
7fe906445000-7fe906449000 ---p 00000000 00:00 0 
7fe906449000-7fe906546000 rw-p 00000000 00:00 0 
7fe906546000-7fe90654a000 ---p 00000000 00:00 0 
7fe90654a000-7fe906647000 rw-p 00000000 00:00 0 
7fe906647000-7fe90664b000 ---p 00000000 00:00 0 
7fe90664b000-7fe906748000 rw-p 00000000 00:00 0 
7fe906748000-7fe90674c000 ---p 00000000 00:00 0 
7fe90674c000-7fe906849000 rw-p 00000000 00:00 0 
7fe906849000-7fe907208000 r--p 00000000 103:06 14424899                  /usr/lib/locale/locale-archive
7fe907208000-7fe90720c000 ---p 00000000 00:00 0 
7fe90720c000-7fe907309000 rw-p 00000000 00:00 0 
7fe907309000-7fe90730d000 ---p 00000000 00:00 0 
7fe90730d000-7fe90740a000 rw-p 00000000 00:00 0 
7fe90740a000-7fe90740b000 ---p 00000000 00:00 0 
7fe90740b000-7fe907d0b000 rw-p 00000000 00:00 0 
7fe907d0b000-7fe908000000 rw-p 00000000 00:00 0 
7fe908000000-7fe908021000 rw-p 00000000 00:00 0 
7fe908021000-7fe90c000000 ---p 00000000 00:00 0 
7fe90c06a000-7fe90e848000 rw-p 00000000 00:00 0 
7fe90e848000-7fe9122a0000 ---p 00000000 00:00 0 
7fe9122a0000-7fe912688000 rw-p 00000000 00:00 0 
7fe912688000-7fe9160e0000 ---p 00000000 00:00 0 
7fe9160e0000-7fe91615d000 rw-p 00000000 00:00 0 
7fe91615d000-7fe9168a8000 ---p 00000000 00:00 0 
7fe9168a8000-7fe916925000 rw-p 00000000 00:00 0 
7fe916925000-7fe917838000 ---p 00000000 00:00 0 
7fe917838000-7fe9178b5000 rw-p 00000000 00:00 0 
7fe9178b5000-7fe918000000 ---p 00000000 00:00 0 
7fe918000000-7fe918021000 rw-p 00000000 00:00 0 
7fe918021000-7fe91c000000 ---p 00000000 00:00 0 
7fe91c000000-7fe91c021000 rw-p 00000000 00:00 0 
7fe91c021000-7fe920000000 ---p 00000000 00:00 0 
7fe920000000-7fe920021000 rw-p 00000000 00:00 0 
7fe920021000-7fe924000000 ---p 00000000 00:00 0 
7fe924000000-7fe924021000 rw-p 00000000 00:00 0 
7fe924021000-7fe928000000 ---p 00000000 00:00 0 
7fe928000000-7fe928021000 rw-p 00000000 00:00 0 
7fe928021000-7fe92c000000 ---p 00000000 00:00 0 
7fe92c000000-7fe92c021000 rw-p 00000000 00:00 0 
7fe92c021000-7fe930000000 ---p 00000000 00:00 0 
7fe930000000-7fe930021000 rw-p 00000000 00:00 0 
7fe930021000-7fe934000000 ---p 00000000 00:00 0 
7fe934000000-7fe934021000 rw-p 00000000 00:00 0 
7fe934021000-7fe938000000 ---p 00000000 00:00 0 
7fe938000000-7fe938021000 rw-p 00000000 00:00 0 
7fe938021000-7fe93c000000 ---p 00000000 00:00 0 
7fe93c017000-7fe93c118000 rw-p 00000000 00:00 0 
7fe93c118000-7fe93c119000 ---p 00000000 00:00 0 
7fe93c119000-7fe93c219000 rw-p 00000000 00:00 0 
7fe93c219000-7fe93c21a000 ---p 00000000 00:00 0 
7fe93c21a000-7fe93c414000 rw-p 00000000 00:00 0 
7fe93c414000-7fe93c415000 ---p 00000000 00:00 0 
7fe93c415000-7fe93c515000 rw-p 00000000 00:00 0 
7fe93c515000-7fe93c516000 ---p 00000000 00:00 0 
7fe93c516000-7fe93c616000 rw-p 00000000 00:00 0 
7fe93c616000-7fe93c617000 ---p 00000000 00:00 0 
7fe93c617000-7fe93c717000 rw-p 00000000 00:00 0 
7fe93c717000-7fe93c718000 ---p 00000000 00:00 0 
7fe93c718000-7fe93c818000 rw-p 00000000 00:00 0 
7fe93c818000-7fe93c819000 ---p 00000000 00:00 0 
7fe93c819000-7fe93cd1d000 rw-p 00000000 00:00 0 
7fe93cd1d000-7fe93cd1e000 ---p 00000000 00:00 0 
7fe93cd1e000-7fe93ce1e000 rw-p 00000000 00:00 0 
7fe93ce1e000-7fe93ce1f000 ---p 00000000 00:00 0 
7fe93ce1f000-7fe93cf1f000 rw-p 00000000 00:00 0 
7fe93cf1f000-7fe93cf20000 ---p 00000000 00:00 0 
7fe93cf20000-7fe93d020000 rw-p 00000000 00:00 0 
7fe93d020000-7fe93d021000 ---p 00000000 00:00 0 
7fe93d021000-7fe93d126000 rw-p 00000000 00:00 0 
7fe93d126000-7fe93d20c000 ---p 00000000 00:00 0 
7fe93d20c000-7fe93d47c000 rwxp 00000000 00:00 0 
7fe93d47c000-7fe93d79c000 ---p 00000000 00:00 0 
7fe93d79c000-7fe93da0c000 rwxp 00000000 00:00 0 
7fe93da0c000-7fe944cd4000 ---p 00000000 00:00 0 
7fe944cd4000-7fe944f44000 rwxp 00000000 00:00 0 
7fe944f44000-7fe94c20c000 ---p 00000000 00:00 0 
7fe94c20c000-7fe9535bb000 r--s 00000000 103:06 14555815                  /usr/lib/jvm/java-9-openjdk-amd64/lib/modules
7fe9535bb000-7fe9535c0000 r-xp 00000000 103:06 14555845                  /usr/lib/jvm/java-9-openjdk-amd64/lib/amd64/libjimage.so
7fe9535c0000-7fe9537bf000 ---p 00005000 103:06 14555845                  /usr/lib/jvm/java-9-openjdk-amd64/lib/amd64/libjimage.so
7fe9537bf000-7fe9537c0000 r--p 00004000 103:06 14555845                  /usr/lib/jvm/java-9-openjdk-amd64/lib/amd64/libjimage.so
7fe9537c0000-7fe9537c1000 rw-p 00005000 103:06 14555845                  /usr/lib/jvm/java-9-openjdk-amd64/lib/amd64/libjimage.so
7fe9537c1000-7fe9537c8000 r-xp 00000000 103:06 14555841                  /usr/lib/jvm/java-9-openjdk-amd64/lib/amd64/libzip.so
7fe9537c8000-7fe9539c7000 ---p 00007000 103:06 14555841                  /usr/lib/jvm/java-9-openjdk-amd64/lib/amd64/libzip.so
7fe9539c7000-7fe9539c8000 r--p 00006000 103:06 14555841                  /usr/lib/jvm/java-9-openjdk-amd64/lib/amd64/libzip.so
7fe9539c8000-7fe9539c9000 rw-p 00007000 103:06 14555841                  /usr/lib/jvm/java-9-openjdk-amd64/lib/amd64/libzip.so
7fe9539c9000-7fe9539d4000 r-xp 00000000 103:06 16519727                  /lib/x86_64-linux-gnu/libnss_files-2.23.so
7fe9539d4000-7fe953bd3000 ---p 0000b000 103:06 16519727                  /lib/x86_64-linux-gnu/libnss_files-2.23.so
7fe953bd3000-7fe953bd4000 r--p 0000a000 103:06 16519727                  /lib/x86_64-linux-gnu/libnss_files-2.23.so
7fe953bd4000-7fe953bd5000 rw-p 0000b000 103:06 16519727                  /lib/x86_64-linux-gnu/libnss_files-2.23.so
7fe953bd5000-7fe953bdb000 rw-p 00000000 00:00 0 
7fe953bdb000-7fe953be6000 r-xp 00000000 103:06 16519737                  /lib/x86_64-linux-gnu/libnss_nis-2.23.so
7fe953be6000-7fe953de5000 ---p 0000b000 103:06 16519737                  /lib/x86_64-linux-gnu/libnss_nis-2.23.so
7fe953de5000-7fe953de6000 r--p 0000a000 103:06 16519737                  /lib/x86_64-linux-gnu/libnss_nis-2.23.so
7fe953de6000-7fe953de7000 rw-p 0000b000 103:06 16519737                  /lib/x86_64-linux-gnu/libnss_nis-2.23.so
7fe953de7000-7fe953dfd000 r-xp 00000000 103:06 16519721                  /lib/x86_64-linux-gnu/libnsl-2.23.so
7fe953dfd000-7fe953ffc000 ---p 00016000 103:06 16519721                  /lib/x86_64-linux-gnu/libnsl-2.23.so
7fe953ffc000-7fe953ffd000 r--p 00015000 103:06 16519721                  /lib/x86_64-linux-gnu/libnsl-2.23.so
7fe953ffd000-7fe953ffe000 rw-p 00016000 103:06 16519721                  /lib/x86_64-linux-gnu/libnsl-2.23.so
7fe953ffe000-7fe954000000 rw-p 00000000 00:00 0 
7fe954000000-7fe954498000 rw-p 00000000 00:00 0 
7fe954498000-7fe958000000 ---p 00000000 00:00 0 
7fe95800d000-7fe958088000 rw-p 00000000 00:00 0 
7fe958088000-7fe95816e000 ---p 00000000 00:00 0 
7fe95816e000-7fe958176000 r-xp 00000000 103:06 16519723                  /lib/x86_64-linux-gnu/libnss_compat-2.23.so
7fe958176000-7fe958375000 ---p 00008000 103:06 16519723                  /lib/x86_64-linux-gnu/libnss_compat-2.23.so
7fe958375000-7fe958376000 r--p 00007000 103:06 16519723                  /lib/x86_64-linux-gnu/libnss_compat-2.23.so
7fe958376000-7fe958377000 rw-p 00008000 103:06 16519723                  /lib/x86_64-linux-gnu/libnss_compat-2.23.so
7fe958377000-7fe9583a2000 r-xp 00000000 103:06 14555824                  /usr/lib/jvm/java-9-openjdk-amd64/lib/amd64/libjava.so
7fe9583a2000-7fe9585a1000 ---p 0002b000 103:06 14555824                  /usr/lib/jvm/java-9-openjdk-amd64/lib/amd64/libjava.so
7fe9585a1000-7fe9585a2000 r--p 0002a000 103:06 14555824                  /usr/lib/jvm/java-9-openjdk-amd64/lib/amd64/libjava.so
7fe9585a2000-7fe9585a4000 rw-p 0002b000 103:06 14555824                  /usr/lib/jvm/java-9-openjdk-amd64/lib/amd64/libjava.so
7fe9585a4000-7fe9585b1000 r-xp 00000000 103:06 14555825                  /usr/lib/jvm/java-9-openjdk-amd64/lib/amd64/libverify.so
7fe9585b1000-7fe9587b0000 ---p 0000d000 103:06 14555825                  /usr/lib/jvm/java-9-openjdk-amd64/lib/amd64/libverify.so
7fe9587b0000-7fe9587b2000 r--p 0000c000 103:06 14555825                  /usr/lib/jvm/java-9-openjdk-amd64/lib/amd64/libverify.so
7fe9587b2000-7fe9587b3000 rw-p 0000e000 103:06 14555825                  /usr/lib/jvm/java-9-openjdk-amd64/lib/amd64/libverify.so
7fe9587b3000-7fe9587ba000 r-xp 00000000 103:06 16519782                  /lib/x86_64-linux-gnu/librt-2.23.so
7fe9587ba000-7fe9589b9000 ---p 00007000 103:06 16519782                  /lib/x86_64-linux-gnu/librt-2.23.so
7fe9589b9000-7fe9589ba000 r--p 00006000 103:06 16519782                  /lib/x86_64-linux-gnu/librt-2.23.so
7fe9589ba000-7fe9589bb000 rw-p 00007000 103:06 16519782                  /lib/x86_64-linux-gnu/librt-2.23.so
7fe9589bb000-7fe9589d1000 r-xp 00000000 103:06 16519666                  /lib/x86_64-linux-gnu/libgcc_s.so.1
7fe9589d1000-7fe958bd0000 ---p 00016000 103:06 16519666                  /lib/x86_64-linux-gnu/libgcc_s.so.1
7fe958bd0000-7fe958bd1000 rw-p 00015000 103:06 16519666                  /lib/x86_64-linux-gnu/libgcc_s.so.1
7fe958bd1000-7fe958cd9000 r-xp 00000000 103:06 16519698                  /lib/x86_64-linux-gnu/libm-2.23.so
7fe958cd9000-7fe958ed8000 ---p 00108000 103:06 16519698                  /lib/x86_64-linux-gnu/libm-2.23.so
7fe958ed8000-7fe958ed9000 r--p 00107000 103:06 16519698                  /lib/x86_64-linux-gnu/libm-2.23.so
7fe958ed9000-7fe958eda000 rw-p 00108000 103:06 16519698                  /lib/x86_64-linux-gnu/libm-2.23.so
7fe958eda000-7fe95904c000 r-xp 00000000 103:06 14418108                  /usr/lib/x86_64-linux-gnu/libstdc++.so.6.0.21
7fe95904c000-7fe95924c000 ---p 00172000 103:06 14418108                  /usr/lib/x86_64-linux-gnu/libstdc++.so.6.0.21
7fe95924c000-7fe959256000 r--p 00172000 103:06 14418108                  /usr/lib/x86_64-linux-gnu/libstdc++.so.6.0.21
7fe959256000-7fe959258000 rw-p 0017c000 103:06 14418108                  /usr/lib/x86_64-linux-gnu/libstdc++.so.6.0.21
7fe959258000-7fe95925c000 rw-p 00000000 00:00 0 
7fe95925c000-7fe95a0ba000 r-xp 00000000 103:06 14555838                  /usr/lib/jvm/java-9-openjdk-amd64/lib/amd64/server/libjvm.so
7fe95a0ba000-7fe95a2ba000 ---p 00e5e000 103:06 14555838                  /usr/lib/jvm/java-9-openjdk-amd64/lib/amd64/server/libjvm.so
7fe95a2ba000-7fe95a36c000 r--p 00e5e000 103:06 14555838                  /usr/lib/jvm/java-9-openjdk-amd64/lib/amd64/server/libjvm.so
7fe95a36c000-7fe95a39e000 rw-p 00f10000 103:06 14555838                  /usr/lib/jvm/java-9-openjdk-amd64/lib/amd64/server/libjvm.so
7fe95a39e000-7fe95a3e3000 rw-p 00000000 00:00 0 
7fe95a3e3000-7fe95a3fb000 r-xp 00000000 103:06 16519774                  /lib/x86_64-linux-gnu/libpthread-2.23.so
7fe95a3fb000-7fe95a5fa000 ---p 00018000 103:06 16519774                  /lib/x86_64-linux-gnu/libpthread-2.23.so
7fe95a5fa000-7fe95a5fb000 r--p 00017000 103:06 16519774                  /lib/x86_64-linux-gnu/libpthread-2.23.so
7fe95a5fb000-7fe95a5fc000 rw-p 00018000 103:06 16519774                  /lib/x86_64-linux-gnu/libpthread-2.23.so
7fe95a5fc000-7fe95a600000 rw-p 00000000 00:00 0 
7fe95a600000-7fe95a603000 r-xp 00000000 103:06 16519652                  /lib/x86_64-linux-gnu/libdl-2.23.so
7fe95a603000-7fe95a802000 ---p 00003000 103:06 16519652                  /lib/x86_64-linux-gnu/libdl-2.23.so
7fe95a802000-7fe95a803000 r--p 00002000 103:06 16519652                  /lib/x86_64-linux-gnu/libdl-2.23.so
7fe95a803000-7fe95a804000 rw-p 00003000 103:06 16519652                  /lib/x86_64-linux-gnu/libdl-2.23.so
7fe95a804000-7fe95a81d000 r-xp 00000000 103:06 16519819                  /lib/x86_64-linux-gnu/libz.so.1.2.8
7fe95a81d000-7fe95aa1c000 ---p 00019000 103:06 16519819                  /lib/x86_64-linux-gnu/libz.so.1.2.8
7fe95aa1c000-7fe95aa1d000 r--p 00018000 103:06 16519819                  /lib/x86_64-linux-gnu/libz.so.1.2.8
7fe95aa1d000-7fe95aa1e000 rw-p 00019000 103:06 16519819                  /lib/x86_64-linux-gnu/libz.so.1.2.8
7fe95aa1e000-7fe95abde000 r-xp 00000000 103:06 16519628                  /lib/x86_64-linux-gnu/libc-2.23.so
7fe95abde000-7fe95adde000 ---p 001c0000 103:06 16519628                  /lib/x86_64-linux-gnu/libc-2.23.so
7fe95adde000-7fe95ade2000 r--p 001c0000 103:06 16519628                  /lib/x86_64-linux-gnu/libc-2.23.so
7fe95ade2000-7fe95ade4000 rw-p 001c4000 103:06 16519628                  /lib/x86_64-linux-gnu/libc-2.23.so
7fe95ade4000-7fe95ade8000 rw-p 00000000 00:00 0 
7fe95ade8000-7fe95adf6000 r-xp 00000000 103:06 14555855                  /usr/lib/jvm/java-9-openjdk-amd64/lib/amd64/jli/libjli.so
7fe95adf6000-7fe95aff5000 ---p 0000e000 103:06 14555855                  /usr/lib/jvm/java-9-openjdk-amd64/lib/amd64/jli/libjli.so
7fe95aff5000-7fe95aff6000 r--p 0000d000 103:06 14555855                  /usr/lib/jvm/java-9-openjdk-amd64/lib/amd64/jli/libjli.so
7fe95aff6000-7fe95aff7000 rw-p 0000e000 103:06 14555855                  /usr/lib/jvm/java-9-openjdk-amd64/lib/amd64/jli/libjli.so
7fe95aff7000-7fe95b01d000 r-xp 00000000 103:06 16519600                  /lib/x86_64-linux-gnu/ld-2.23.so
7fe95b079000-7fe95b0fc000 rw-p 00000000 00:00 0 
7fe95b0fc000-7fe95b100000 ---p 00000000 00:00 0 
7fe95b100000-7fe95b202000 rw-p 00000000 00:00 0 
7fe95b204000-7fe95b209000 rw-p 00000000 00:00 0 
7fe95b209000-7fe95b210000 ---p 00000000 00:00 0 
7fe95b210000-7fe95b218000 rw-s 00000000 103:06 9830453                   /tmp/hsperfdata_srosenberg/15013
7fe95b218000-7fe95b219000 rw-p 00000000 00:00 0 
7fe95b219000-7fe95b21a000 r--p 00000000 00:00 0 
7fe95b21a000-7fe95b21c000 rw-p 00000000 00:00 0 
7fe95b21c000-7fe95b21d000 r--p 00025000 103:06 16519600                  /lib/x86_64-linux-gnu/ld-2.23.so
7fe95b21d000-7fe95b21e000 rw-p 00026000 103:06 16519600                  /lib/x86_64-linux-gnu/ld-2.23.so
7fe95b21e000-7fe95b21f000 rw-p 00000000 00:00 0 
7ffec0941000-7ffec0962000 rw-p 00000000 00:00 0                          [stack]
7ffec09e7000-7ffec09e9000 r--p 00000000 00:00 0                          [vvar]
7ffec09e9000-7ffec09eb000 r-xp 00000000 00:00 0                          [vdso]
ffffffffff600000-ffffffffff601000 r-xp 00000000 00:00 0                  [vsyscall]

VM Arguments:
java_command: SimpleCalc
java_class_path (initial): .
Launcher Type: SUN_STANDARD

Environment Variables:
PATH=/home/srosenberg/bin:/home/srosenberg/.local/bin:/usr/local/sbin:/usr/local/bin:/usr/sbin:/usr/bin:/sbin:/bin:/usr/games:/usr/local/games:/snap/bin
SHELL=/bin/bash
DISPLAY=:0

Signal Handlers:
SIGSEGV: [libjvm.so+0xc12c20], sa_mask[0]=11111111011111111101111111111110, sa_flags=SA_RESTART|SA_SIGINFO
SIGBUS: [libjvm.so+0xc12c20], sa_mask[0]=11111111011111111101111111111110, sa_flags=SA_RESTART|SA_SIGINFO
SIGFPE: [libjvm.so+0xc12c20], sa_mask[0]=11111111011111111101111111111110, sa_flags=SA_RESTART|SA_SIGINFO
SIGPIPE: [libjvm.so+0xa3b600], sa_mask[0]=11111111011111111101111111111110, sa_flags=SA_RESTART|SA_SIGINFO
SIGXFSZ: [libjvm.so+0xa3b600], sa_mask[0]=11111111011111111101111111111110, sa_flags=SA_RESTART|SA_SIGINFO
SIGILL: [libjvm.so+0xc12c20], sa_mask[0]=11111111011111111101111111111110, sa_flags=SA_RESTART|SA_SIGINFO
SIGUSR2: [libjvm.so+0xa3b4a0], sa_mask[0]=00000000000000000000000000000000, sa_flags=SA_RESTART|SA_SIGINFO
SIGHUP: [libjvm.so+0xa3b870], sa_mask[0]=11111111011111111101111111111110, sa_flags=SA_RESTART|SA_SIGINFO
SIGINT: [libjvm.so+0xa3b870], sa_mask[0]=11111111011111111101111111111110, sa_flags=SA_RESTART|SA_SIGINFO
SIGTERM: [libjvm.so+0xa3b870], sa_mask[0]=11111111011111111101111111111110, sa_flags=SA_RESTART|SA_SIGINFO
SIGQUIT: [libjvm.so+0xa3b870], sa_mask[0]=11111111011111111101111111111110, sa_flags=SA_RESTART|SA_SIGINFO


---------------  S Y S T E M  ---------------

OS:DISTRIB_ID=Ubuntu
DISTRIB_RELEASE=16.04
DISTRIB_CODENAME=xenial
DISTRIB_DESCRIPTION="Ubuntu 16.04.3 LTS"
uname:Linux 4.10.0-40-generic #44~16.04.1-Ubuntu SMP Thu Nov 9 15:37:44 UTC 2017 x86_64
libc:glibc 2.23 NPTL 2.23 
rlimit: STACK 8192k, CORE 0k, NPROC 63040, NOFILE 1048576, AS infinity
load average:1.24 1.32 1.09

/proc/meminfo:
MemTotal:       16313084 kB
MemFree:         9824696 kB
MemAvailable:   11842920 kB
Buffers:          341084 kB
Cached:          2675576 kB
SwapCached:            0 kB
Active:          3830984 kB
Inactive:        2130648 kB
Active(anon):    2951504 kB
Inactive(anon):   943344 kB
Active(file):     879480 kB
Inactive(file):  1187304 kB
Unevictable:         216 kB
Mlocked:             216 kB
SwapTotal:      16659452 kB
SwapFree:       16659452 kB
Dirty:              3808 kB
Writeback:             0 kB
AnonPages:       2783024 kB
Mapped:           836408 kB
Shmem:            948672 kB
Slab:             351672 kB
SReclaimable:     294724 kB
SUnreclaim:        56948 kB
KernelStack:       11276 kB
PageTables:        58648 kB
NFS_Unstable:          0 kB
Bounce:                0 kB
WritebackTmp:          0 kB
CommitLimit:    24815992 kB
Committed_AS:    9686280 kB
VmallocTotal:   34359738367 kB
VmallocUsed:           0 kB
VmallocChunk:          0 kB
HardwareCorrupted:     0 kB
AnonHugePages:    372736 kB
ShmemHugePages:        0 kB
ShmemPmdMapped:        0 kB
CmaTotal:              0 kB
CmaFree:               0 kB
HugePages_Total:       0
HugePages_Free:        0
HugePages_Rsvd:        0
HugePages_Surp:        0
Hugepagesize:       2048 kB
DirectMap4k:      202152 kB
DirectMap2M:     9117696 kB
DirectMap1G:     8388608 kB


CPU:total 4 (2 cores per cpu, 2 threads per core) family 6 model 142 stepping 9, cmov, cx8, fxsr, mmx, sse, sse2, sse3, ssse3, sse4.1, sse4.2, popcnt, avx, avx2, aes, clmul, erms, 3dnowpref, lzcnt, ht, tsc, tscinvbit, bmi1, bmi2, adx

CPU Model and flags from /proc/cpuinfo:
model name	: Intel(R) Core(TM) i7-7500U CPU @ 2.70GHz
flags		: fpu vme de pse tsc msr pae mce cx8 apic sep mtrr pge mca cmov pat pse36 clflush dts acpi mmx fxsr sse sse2 ss ht tm pbe syscall nx pdpe1gb rdtscp lm constant_tsc art arch_perfmon pebs bts rep_good nopl xtopology nonstop_tsc aperfmperf tsc_known_freq pni pclmulqdq dtes64 monitor ds_cpl vmx est tm2 ssse3 sdbg fma cx16 xtpr pdcm pcid sse4_1 sse4_2 x2apic movbe popcnt tsc_deadline_timer aes xsave avx f16c rdrand lahf_lm abm 3dnowprefetch epb intel_pt tpr_shadow vnmi flexpriority ept vpid fsgsbase tsc_adjust bmi1 avx2 smep bmi2 erms invpcid mpx rdseed adx smap clflushopt xsaveopt xsavec xgetbv1 xsaves dtherm ida arat pln pts hwp hwp_notify hwp_act_window hwp_epp

Memory: 4k page, physical 16313084k(9824696k free), swap 16659452k(16659452k free)

vm_info: OpenJDK 64-Bit Server VM (9-internal+0-2016-04-14-195246.buildd.src) for linux-amd64 JRE (9-internal+0-2016-04-14-195246.buildd.src), built on Apr 14 2016 20:05:37 by "buildd" with gcc 5.3.1 20160413

END.
