#
# A fatal error has been detected by the Java Runtime Environment:
#
#  SIGSEGV (0xb) at pc=0x00007fb026e78009, pid=11481, tid=11509
#
# JRE version: OpenJDK Runtime Environment (9.0) (build 9-internal+0-2016-04-14-195246.buildd.src)
# Java VM: OpenJDK 64-Bit Server VM (9-internal+0-2016-04-14-195246.buildd.src, mixed mode, tiered, compressed oops, g1 gc, linux-amd64)
# Problematic frame:
# C  [libjava.so+0x1d009]  JNU_GetEnv+0x19
#
# Core dump will be written. Default location: Core dumps may be processed with "/usr/share/apport/apport %p %s %c %d %P" (or dumping to /home/srosenberg/Documents/Java/CS401/Project7/core.11481)
#
# If you would like to submit a bug report, please visit:
#   http://bugreport.java.com/bugreport/crash.jsp
# The crash happened outside the Java Virtual Machine in native code.
# See problematic frame for where to report the bug.
#

---------------  S U M M A R Y ------------

Command Line: SimpleCalc

Host: Intel(R) Core(TM) i7-7500U CPU @ 2.70GHz, 4 cores, 15G, Ubuntu 16.04.3 LTS
Time: Mon Dec 11 15:58:16 2017 EST elapsed time: 0 seconds (0d 0h 0m 0s)

---------------  T H R E A D  ---------------

Current thread (0x00007faf8c003800):  JavaThread "AWT-EventQueue-0" [_thread_in_native, id=11509, stack(0x00007faf9ac4d000,0x00007faf9ad4e000)]

Stack: [0x00007faf9ac4d000,0x00007faf9ad4e000],  sp=0x00007faf9ad47200,  free space=1000k
Native frames: (J=compiled Java code, j=interpreted, Vv=VM code, C=native code)
C  [libjava.so+0x1d009]  JNU_GetEnv+0x19
C  [libfontmanager.so+0x33f8e]
C  [libfreetype.so.6+0x14d2b]  FT_Stream_Seek+0x1b

Java frames: (J=compiled Java code, j=interpreted, Vv=VM code)
j  sun.font.FreetypeFontScaler.initNativeScaler(Lsun/font/Font2D;IIZI)J+0 java.desktop@9-internal
j  sun.font.FreetypeFontScaler.<init>(Lsun/font/Font2D;IZI)V+26 java.desktop@9-internal
v  ~StubRoutines::call_stub
j  sun.reflect.NativeConstructorAccessorImpl.newInstance0(Ljava/lang/reflect/Constructor;[Ljava/lang/Object;)Ljava/lang/Object;+0 java.base@9-internal
j  sun.reflect.NativeConstructorAccessorImpl.newInstance([Ljava/lang/Object;)Ljava/lang/Object;+85 java.base@9-internal
j  sun.reflect.DelegatingConstructorAccessorImpl.newInstance([Ljava/lang/Object;)Ljava/lang/Object;+5 java.base@9-internal
j  java.lang.reflect.Constructor.newInstance([Ljava/lang/Object;)Ljava/lang/Object;+65 java.base@9-internal
j  sun.font.FontScaler.getScaler(Lsun/font/Font2D;IZI)Lsun/font/FontScaler;+39 java.desktop@9-internal
j  sun.font.TrueTypeFont.getScaler()Lsun/font/FontScaler;+21 java.desktop@9-internal
j  sun.font.FileFontStrike.<init>(Lsun/font/FileFont;Lsun/font/FontStrikeDesc;)V+204 java.desktop@9-internal
j  sun.font.FileFont.createStrike(Lsun/font/FontStrikeDesc;)Lsun/font/FontStrike;+18 java.desktop@9-internal
j  sun.font.Font2D.getStrike(Lsun/font/FontStrikeDesc;Z)Lsun/font/FontStrike;+92 java.desktop@9-internal
j  sun.font.Font2D.getStrike(Lsun/font/FontStrikeDesc;)Lsun/font/FontStrike;+3 java.desktop@9-internal
j  sun.font.CompositeStrike.getStrikeForSlot(I)Lsun/font/PhysicalStrike;+23 java.desktop@9-internal
j  sun.font.CompositeStrike.getFontMetrics()Lsun/font/StrikeMetrics;+31 java.desktop@9-internal
j  sun.font.FontDesignMetrics.initMatrixAndMetrics()V+28 java.desktop@9-internal
j  sun.font.FontDesignMetrics.<init>(Ljava/awt/Font;Ljava/awt/font/FontRenderContext;)V+62 java.desktop@9-internal
j  sun.font.FontDesignMetrics.getMetrics(Ljava/awt/Font;Ljava/awt/font/FontRenderContext;)Lsun/font/FontDesignMetrics;+128 java.desktop@9-internal
j  sun.swing.SwingUtilities2.getFontMetrics(Ljavax/swing/JComponent;Ljava/awt/Font;)Ljava/awt/FontMetrics;+15 java.desktop@9-internal
j  javax.swing.JComponent.getFontMetrics(Ljava/awt/Font;)Ljava/awt/FontMetrics;+2 java.desktop@9-internal
j  sun.swing.SwingUtilities2.getFontMetrics(Ljavax/swing/JComponent;Ljava/awt/Graphics;Ljava/awt/Font;)Ljava/awt/FontMetrics;+6 java.desktop@9-internal
j  sun.swing.SwingUtilities2.getFontMetrics(Ljavax/swing/JComponent;Ljava/awt/Graphics;)Ljava/awt/FontMetrics;+6 java.desktop@9-internal
j  javax.swing.plaf.basic.BasicButtonUI.paint(Ljava/awt/Graphics;Ljavax/swing/JComponent;)V+15 java.desktop@9-internal
j  javax.swing.plaf.metal.MetalButtonUI.update(Ljava/awt/Graphics;Ljavax/swing/JComponent;)V+86 java.desktop@9-internal
j  javax.swing.JComponent.paintComponent(Ljava/awt/Graphics;)V+26 java.desktop@9-internal
j  javax.swing.JComponent.paint(Ljava/awt/Graphics;)V+286 java.desktop@9-internal
j  javax.swing.JComponent.paintChildren(Ljava/awt/Graphics;)V+501 java.desktop@9-internal
j  javax.swing.JComponent.paint(Ljava/awt/Graphics;)V+318 java.desktop@9-internal
j  javax.swing.JComponent.paintChildren(Ljava/awt/Graphics;)V+501 java.desktop@9-internal
j  javax.swing.JComponent.paint(Ljava/awt/Graphics;)V+318 java.desktop@9-internal
j  javax.swing.JComponent.paintChildren(Ljava/awt/Graphics;)V+501 java.desktop@9-internal
j  javax.swing.JComponent.paint(Ljava/awt/Graphics;)V+318 java.desktop@9-internal
j  javax.swing.JComponent.paintChildren(Ljava/awt/Graphics;)V+501 java.desktop@9-internal
j  javax.swing.JComponent.paint(Ljava/awt/Graphics;)V+318 java.desktop@9-internal
j  javax.swing.JLayeredPane.paint(Ljava/awt/Graphics;)V+73 java.desktop@9-internal
j  javax.swing.JComponent.paintChildren(Ljava/awt/Graphics;)V+501 java.desktop@9-internal
j  javax.swing.JComponent.paintToOffscreen(Ljava/awt/Graphics;IIIIII)V+72 java.desktop@9-internal
j  javax.swing.BufferStrategyPaintManager.paint(Ljavax/swing/JComponent;Ljavax/swing/JComponent;Ljava/awt/Graphics;IIII)Z+164 java.desktop@9-internal
j  javax.swing.RepaintManager.paint(Ljavax/swing/JComponent;Ljavax/swing/JComponent;Ljava/awt/Graphics;IIII)V+51 java.desktop@9-internal
j  javax.swing.JComponent.paint(Ljava/awt/Graphics;)V+221 java.desktop@9-internal
j  java.awt.GraphicsCallback$PaintCallback.run(Ljava/awt/Component;Ljava/awt/Graphics;)V+2 java.desktop@9-internal
j  sun.awt.SunGraphicsCallback.runOneComponent(Ljava/awt/Component;Ljava/awt/Rectangle;Ljava/awt/Graphics;Ljava/awt/Shape;I)V+155 java.desktop@9-internal
j  sun.awt.SunGraphicsCallback.runComponents([Ljava/awt/Component;Ljava/awt/Graphics;I)V+157 java.desktop@9-internal
j  java.awt.Container.paint(Ljava/awt/Graphics;)V+58 java.desktop@9-internal
j  java.awt.Window.paint(Ljava/awt/Graphics;)V+68 java.desktop@9-internal
j  javax.swing.RepaintManager$4.run()Ljava/lang/Void;+142 java.desktop@9-internal
j  javax.swing.RepaintManager$4.run()Ljava/lang/Object;+1 java.desktop@9-internal
v  ~StubRoutines::call_stub
j  java.security.AccessController.doPrivileged(Ljava/security/PrivilegedAction;Ljava/security/AccessControlContext;)Ljava/lang/Object;+0 java.base@9-internal
j  java.security.ProtectionDomain$JavaSecurityAccessImpl.doIntersectionPrivilege(Ljava/security/PrivilegedAction;Ljava/security/AccessControlContext;Ljava/security/AccessControlContext;)Ljava/lang/Object;+18 java.base@9-internal
j  javax.swing.RepaintManager.paintDirtyRegions(Ljava/util/Map;)V+154 java.desktop@9-internal
j  javax.swing.RepaintManager.paintDirtyRegions()V+46 java.desktop@9-internal
j  javax.swing.RepaintManager.prePaintDirtyRegions()V+73 java.desktop@9-internal
j  javax.swing.RepaintManager.access$1200(Ljavax/swing/RepaintManager;)V+1 java.desktop@9-internal
j  javax.swing.RepaintManager$ProcessingRunnable.run()V+37 java.desktop@9-internal
j  java.awt.event.InvocationEvent.dispatch()V+47 java.desktop@9-internal
j  java.awt.EventQueue.dispatchEventImpl(Ljava/awt/AWTEvent;Ljava/lang/Object;)V+21 java.desktop@9-internal
j  java.awt.EventQueue.access$500(Ljava/awt/EventQueue;Ljava/awt/AWTEvent;Ljava/lang/Object;)V+3 java.desktop@9-internal
j  java.awt.EventQueue$3.run()Ljava/lang/Void;+32 java.desktop@9-internal
j  java.awt.EventQueue$3.run()Ljava/lang/Object;+1 java.desktop@9-internal
v  ~StubRoutines::call_stub
j  java.security.AccessController.doPrivileged(Ljava/security/PrivilegedAction;Ljava/security/AccessControlContext;)Ljava/lang/Object;+0 java.base@9-internal
j  java.security.ProtectionDomain$JavaSecurityAccessImpl.doIntersectionPrivilege(Ljava/security/PrivilegedAction;Ljava/security/AccessControlContext;Ljava/security/AccessControlContext;)Ljava/lang/Object;+18 java.base@9-internal
j  java.awt.EventQueue.dispatchEvent(Ljava/awt/AWTEvent;)V+46 java.desktop@9-internal
j  java.awt.EventDispatchThread.pumpOneEventForFilters(I)V+183 java.desktop@9-internal
j  java.awt.EventDispatchThread.pumpEventsForFilter(ILjava/awt/Conditional;Ljava/awt/EventFilter;)V+35 java.desktop@9-internal
j  java.awt.EventDispatchThread.pumpEventsForHierarchy(ILjava/awt/Conditional;Ljava/awt/Component;)V+11 java.desktop@9-internal
j  java.awt.EventDispatchThread.pumpEvents(ILjava/awt/Conditional;)V+4 java.desktop@9-internal
j  java.awt.EventDispatchThread.pumpEvents(Ljava/awt/Conditional;)V+3 java.desktop@9-internal
j  java.awt.EventDispatchThread.run()V+9 java.desktop@9-internal
v  ~StubRoutines::call_stub

siginfo: si_signo: 11 (SIGSEGV), si_code: 1 (SEGV_MAPERR), si_addr: 0x0000000000000000

Register to memory mapping:

RAX=0x0000000000000000 is an unknown value
RBX=0x0000000000000000 is an unknown value
RCX=0x0000000000000000 is an unknown value
RDX=0x0000000000010002 is an unknown value
RSP=0x00007faf9ad47200 is pointing into the stack for thread: 0x00007faf8c003800
RBP=0x00007faf9ad47210 is pointing into the stack for thread: 0x00007faf8c003800
RSI=0x0000000000010002 is an unknown value
RDI=0x0000000000000000 is an unknown value
R8 =0x0000000000000000 is an unknown value
R9 =0x0000000000000000 is an unknown value
R10=0x00000000000001db is an unknown value
R11=0x00007fb026e77ff0: JNU_GetEnv+0x0000000000000000 in /usr/lib/jvm/java-9-openjdk-amd64/lib/amd64/libjava.so at 0x00007fb026e5b000
R12=0x00007faf840291f0 is an unknown value
R13=0x0000000000000000 is an unknown value
R14=0x0000000000000000 is an unknown value
R15=0x00007faf84033830 is an unknown value


Registers:
RAX=0x0000000000000000, RBX=0x0000000000000000, RCX=0x0000000000000000, RDX=0x0000000000010002
RSP=0x00007faf9ad47200, RBP=0x00007faf9ad47210, RSI=0x0000000000010002, RDI=0x0000000000000000
R8 =0x0000000000000000, R9 =0x0000000000000000, R10=0x00000000000001db, R11=0x00007fb026e77ff0
R12=0x00007faf840291f0, R13=0x0000000000000000, R14=0x0000000000000000, R15=0x00007faf84033830
RIP=0x00007fb026e78009, EFLAGS=0x0000000000010246, CSGSFS=0x002b000000000033, ERR=0x0000000000000004
  TRAPNO=0x000000000000000e

Top of Stack: (sp=0x00007faf9ad47200)
0x00007faf9ad47200:   0000000000000000 410eb69498828e00
0x00007faf9ad47210:   00007faf9ad47250 00007faf9bb63f8e
0x00007faf9ad47220:   00007faf84029650 00007faf840291f0
0x00007faf9ad47230:   0000000000000000 0000000000000000
0x00007faf9ad47240:   00007faf840291f0 00007faf84033830
0x00007faf9ad47250:   0000000000000000 00007faf9b89ad2b
0x00007faf9ad47260:   0000000000000000 00007faf9bb2cd80
0x00007faf9ad47270:   0000000000000000 00007faf9b8ae8e0
0x00007faf9ad47280:   0000000000000002 0000003200000008
0x00007faf9ad47290:   0000000000000000 0000000000000000
0x00007faf9ad472a0:   0000006e0000005b 0000000000000000
0x00007faf9ad472b0:   0000000000000000 0000007c00000077
0x00007faf9ad472c0:   0202020202020202 0202020202020202
0x00007faf9ad472d0:   0000000000000000 0000000000000000
0x00007faf9ad472e0:   468b45f04e8b41d0 00007faf84000020
0x00007faf9ad472f0:   0000000000000070 00007faf9ad473a4
0x00007faf9ad47300:   00007faf84029650 00007faf84033830
0x00007faf9ad47310:   00007faf9ad473a4 00007fb029586184
0x00007faf9ad47320:   00007fb0284fdf00 00007faf9ad47354
0x00007faf9ad47330:   00007faf9bb299e0 410eb69498828e00
0x00007faf9ad47340:   0000000000000070 00007faf84029490
0x00007faf9ad47350:   00007faf9bb299e0 00007faf9ad47468
0x00007faf9ad47360:   00007faf84029650 00007faf84033830
0x00007faf9ad47370:   00007faf84033d60 00007faf9b89d4c2
0x00007faf9ad47380:   0000000100000000 00007faf9ad47470
0x00007faf9ad47390:   0000000000000000 0000000000000000
0x00007faf9ad473a0:   000000009ad47468 410eb69498828e00
0x00007faf9ad473b0:   00007faf84029490 00007faf9ad47470
0x00007faf9ad473c0:   0000000000000000 00007faf84029578
0x00007faf9ad473d0:   00007faf9ad47670 00007faf840294d8
0x00007faf9ad473e0:   00007faf84029650 00007faf9b89f581
0x00007faf9ad473f0:   00007faf9ad47470 00007faf9b89f376 

Instructions: (pc=0x00007fb026e78009)
0x00007fb026e77fe9:   ff eb ea 0f 1f 40 00 55 89 f2 48 89 e5 48 83 ec
0x00007fb026e77ff9:   10 64 48 8b 04 25 28 00 00 00 48 89 45 f8 31 c0
0x00007fb026e78009:   48 8b 07 48 8d 75 f0 ff 50 30 48 8b 4d f8 64 48
0x00007fb026e78019:   33 0c 25 28 00 00 00 48 8b 45 f0 75 02 c9 c3 e8 


---------------  P R O C E S S  ---------------

Java Threads: ( => current thread )
  0x00007fb020011000 JavaThread "DestroyJavaVM" [_thread_blocked, id=11482, stack(0x00007fb029be0000,0x00007fb029ce1000)]
=>0x00007faf8c003800 JavaThread "AWT-EventQueue-0" [_thread_in_native, id=11509, stack(0x00007faf9ac4d000,0x00007faf9ad4e000)]
  0x00007fb02046a800 JavaThread "AWT-Shutdown" [_thread_blocked, id=11508, stack(0x00007faf9ad4e000,0x00007faf9ae4f000)]
  0x00007fb0203e9800 JavaThread "AWT-XAWT" daemon [_thread_in_native, id=11507, stack(0x00007faf9b04f000,0x00007faf9b150000)]
  0x00007fb0203c4800 JavaThread "Java2D Disposer" daemon [_thread_blocked, id=11506, stack(0x00007faf9b560000,0x00007faf9b661000)]
  0x00007fb020304800 JavaThread "Service Thread" daemon [_thread_blocked, id=11504, stack(0x00007fafd4613000,0x00007fafd4714000)]
  0x00007fb020246800 JavaThread "Common-Cleaner" daemon [_thread_blocked, id=11503, stack(0x00007fafd4714000,0x00007fafd4815000)]
  0x00007fb020227000 JavaThread "Sweeper thread" daemon [_thread_blocked, id=11502, stack(0x00007fafd4c3f000,0x00007fafd4d40000)]
  0x00007fb020225000 JavaThread "C1 CompilerThread2" daemon [_thread_blocked, id=11501, stack(0x00007fafd4d40000,0x00007fafd4e41000)]
  0x00007fb020223000 JavaThread "C2 CompilerThread1" daemon [_thread_in_native, id=11500, stack(0x00007fafdc07d000,0x00007fafdc17e000)]
  0x00007fb020221800 JavaThread "C2 CompilerThread0" daemon [_thread_in_native, id=11499, stack(0x00007fafdc17e000,0x00007fafdc27f000)]
  0x00007fb02021d000 JavaThread "Signal Dispatcher" daemon [_thread_blocked, id=11498, stack(0x00007fafdc27f000,0x00007fafdc380000)]
  0x00007fb02021b000 JavaThread "Surrogate Locker Thread (Concurrent GC)" daemon [_thread_blocked, id=11497, stack(0x00007fb0080d1000,0x00007fb0081d2000)]
  0x00007fb020209800 JavaThread "Finalizer" daemon [_thread_blocked, id=11496, stack(0x00007fb0081d2000,0x00007fb0082d3000)]
  0x00007fb0201fd800 JavaThread "Reference Handler" daemon [_thread_blocked, id=11495, stack(0x00007fb0082d3000,0x00007fb0083d4000)]

Other Threads:
  0x00007fb0201f3800 VMThread [stack: 0x00007fb0083d4000,0x00007fb0084d5000] [id=11494]
  0x00007fb020307800 WatcherThread [stack: 0x00007fafd4512000,0x00007fafd4613000] [id=11505]

Threads with active compile tasks:
C2 CompilerThread1 575       4       java.util.HashMap::putVal (300 bytes)
C2 CompilerThread0 567       4       java.util.Properties::loadConvert (505 bytes)

VM state:not at safepoint (normal execution)

VM Mutex/Monitor currently owned by a thread: None

heap address: 0x00000006c7000000, size: 3984 MB, Compressed Oops mode: Zero based, Oop shift amount: 3
Narrow klass base: 0x0000000000000000, Narrow klass shift: 3
Compressed class space size: 1073741824 Address: 0x00000007c0000000

Heap:
 garbage-first heap   total 256000K, used 6144K [0x00000006c7000000, 0x00000006c71007d0, 0x00000007c0000000)
  region size 1024K, 7 young (7168K), 0 survivors (0K)
 Metaspace       used 11892K, capacity 12236K, committed 12544K, reserved 1060864K
  class space    used 1367K, capacity 1507K, committed 1536K, reserved 1048576K

Heap Regions: E=young(eden), S=young(survivor), O=old, HS=humongous(starts), HC=humongous(continues), CS=collection set, F=free, A=archive, TS=gc time stamp, AC=allocation context, TAMS=top-at-mark-start (previous, next)
|   0|0x00000006c7000000, 0x00000006c7000000, 0x00000006c7100000|  0%| F|  |TS  0|AC  0|TAMS 0x00000006c7000000, 0x00000006c7000000|
|   1|0x00000006c7100000, 0x00000006c7100000, 0x00000006c7200000|  0%| F|  |TS  0|AC  0|TAMS 0x00000006c7100000, 0x00000006c7100000|
|   2|0x00000006c7200000, 0x00000006c7200000, 0x00000006c7300000|  0%| F|  |TS  0|AC  0|TAMS 0x00000006c7200000, 0x00000006c7200000|
|   3|0x00000006c7300000, 0x00000006c7300000, 0x00000006c7400000|  0%| F|  |TS  0|AC  0|TAMS 0x00000006c7300000, 0x00000006c7300000|
|   4|0x00000006c7400000, 0x00000006c7400000, 0x00000006c7500000|  0%| F|  |TS  0|AC  0|TAMS 0x00000006c7400000, 0x00000006c7400000|
|   5|0x00000006c7500000, 0x00000006c7500000, 0x00000006c7600000|  0%| F|  |TS  0|AC  0|TAMS 0x00000006c7500000, 0x00000006c7500000|
|   6|0x00000006c7600000, 0x00000006c7600000, 0x00000006c7700000|  0%| F|  |TS  0|AC  0|TAMS 0x00000006c7600000, 0x00000006c7600000|
|   7|0x00000006c7700000, 0x00000006c7700000, 0x00000006c7800000|  0%| F|  |TS  0|AC  0|TAMS 0x00000006c7700000, 0x00000006c7700000|
|   8|0x00000006c7800000, 0x00000006c7800000, 0x00000006c7900000|  0%| F|  |TS  0|AC  0|TAMS 0x00000006c7800000, 0x00000006c7800000|
|   9|0x00000006c7900000, 0x00000006c7900000, 0x00000006c7a00000|  0%| F|  |TS  0|AC  0|TAMS 0x00000006c7900000, 0x00000006c7900000|
|  10|0x00000006c7a00000, 0x00000006c7a00000, 0x00000006c7b00000|  0%| F|  |TS  0|AC  0|TAMS 0x00000006c7a00000, 0x00000006c7a00000|
|  11|0x00000006c7b00000, 0x00000006c7b00000, 0x00000006c7c00000|  0%| F|  |TS  0|AC  0|TAMS 0x00000006c7b00000, 0x00000006c7b00000|
|  12|0x00000006c7c00000, 0x00000006c7c00000, 0x00000006c7d00000|  0%| F|  |TS  0|AC  0|TAMS 0x00000006c7c00000, 0x00000006c7c00000|
|  13|0x00000006c7d00000, 0x00000006c7d00000, 0x00000006c7e00000|  0%| F|  |TS  0|AC  0|TAMS 0x00000006c7d00000, 0x00000006c7d00000|
|  14|0x00000006c7e00000, 0x00000006c7e00000, 0x00000006c7f00000|  0%| F|  |TS  0|AC  0|TAMS 0x00000006c7e00000, 0x00000006c7e00000|
|  15|0x00000006c7f00000, 0x00000006c7f00000, 0x00000006c8000000|  0%| F|  |TS  0|AC  0|TAMS 0x00000006c7f00000, 0x00000006c7f00000|
|  16|0x00000006c8000000, 0x00000006c8000000, 0x00000006c8100000|  0%| F|  |TS  0|AC  0|TAMS 0x00000006c8000000, 0x00000006c8000000|
|  17|0x00000006c8100000, 0x00000006c8100000, 0x00000006c8200000|  0%| F|  |TS  0|AC  0|TAMS 0x00000006c8100000, 0x00000006c8100000|
|  18|0x00000006c8200000, 0x00000006c8200000, 0x00000006c8300000|  0%| F|  |TS  0|AC  0|TAMS 0x00000006c8200000, 0x00000006c8200000|
|  19|0x00000006c8300000, 0x00000006c8300000, 0x00000006c8400000|  0%| F|  |TS  0|AC  0|TAMS 0x00000006c8300000, 0x00000006c8300000|
|  20|0x00000006c8400000, 0x00000006c8400000, 0x00000006c8500000|  0%| F|  |TS  0|AC  0|TAMS 0x00000006c8400000, 0x00000006c8400000|
|  21|0x00000006c8500000, 0x00000006c8500000, 0x00000006c8600000|  0%| F|  |TS  0|AC  0|TAMS 0x00000006c8500000, 0x00000006c8500000|
|  22|0x00000006c8600000, 0x00000006c8600000, 0x00000006c8700000|  0%| F|  |TS  0|AC  0|TAMS 0x00000006c8600000, 0x00000006c8600000|
|  23|0x00000006c8700000, 0x00000006c8700000, 0x00000006c8800000|  0%| F|  |TS  0|AC  0|TAMS 0x00000006c8700000, 0x00000006c8700000|
|  24|0x00000006c8800000, 0x00000006c8800000, 0x00000006c8900000|  0%| F|  |TS  0|AC  0|TAMS 0x00000006c8800000, 0x00000006c8800000|
|  25|0x00000006c8900000, 0x00000006c8900000, 0x00000006c8a00000|  0%| F|  |TS  0|AC  0|TAMS 0x00000006c8900000, 0x00000006c8900000|
|  26|0x00000006c8a00000, 0x00000006c8a00000, 0x00000006c8b00000|  0%| F|  |TS  0|AC  0|TAMS 0x00000006c8a00000, 0x00000006c8a00000|
|  27|0x00000006c8b00000, 0x00000006c8b00000, 0x00000006c8c00000|  0%| F|  |TS  0|AC  0|TAMS 0x00000006c8b00000, 0x00000006c8b00000|
|  28|0x00000006c8c00000, 0x00000006c8c00000, 0x00000006c8d00000|  0%| F|  |TS  0|AC  0|TAMS 0x00000006c8c00000, 0x00000006c8c00000|
|  29|0x00000006c8d00000, 0x00000006c8d00000, 0x00000006c8e00000|  0%| F|  |TS  0|AC  0|TAMS 0x00000006c8d00000, 0x00000006c8d00000|
|  30|0x00000006c8e00000, 0x00000006c8e00000, 0x00000006c8f00000|  0%| F|  |TS  0|AC  0|TAMS 0x00000006c8e00000, 0x00000006c8e00000|
|  31|0x00000006c8f00000, 0x00000006c8f00000, 0x00000006c9000000|  0%| F|  |TS  0|AC  0|TAMS 0x00000006c8f00000, 0x00000006c8f00000|
|  32|0x00000006c9000000, 0x00000006c9000000, 0x00000006c9100000|  0%| F|  |TS  0|AC  0|TAMS 0x00000006c9000000, 0x00000006c9000000|
|  33|0x00000006c9100000, 0x00000006c9100000, 0x00000006c9200000|  0%| F|  |TS  0|AC  0|TAMS 0x00000006c9100000, 0x00000006c9100000|
|  34|0x00000006c9200000, 0x00000006c9200000, 0x00000006c9300000|  0%| F|  |TS  0|AC  0|TAMS 0x00000006c9200000, 0x00000006c9200000|
|  35|0x00000006c9300000, 0x00000006c9300000, 0x00000006c9400000|  0%| F|  |TS  0|AC  0|TAMS 0x00000006c9300000, 0x00000006c9300000|
|  36|0x00000006c9400000, 0x00000006c9400000, 0x00000006c9500000|  0%| F|  |TS  0|AC  0|TAMS 0x00000006c9400000, 0x00000006c9400000|
|  37|0x00000006c9500000, 0x00000006c9500000, 0x00000006c9600000|  0%| F|  |TS  0|AC  0|TAMS 0x00000006c9500000, 0x00000006c9500000|
|  38|0x00000006c9600000, 0x00000006c9600000, 0x00000006c9700000|  0%| F|  |TS  0|AC  0|TAMS 0x00000006c9600000, 0x00000006c9600000|
|  39|0x00000006c9700000, 0x00000006c9700000, 0x00000006c9800000|  0%| F|  |TS  0|AC  0|TAMS 0x00000006c9700000, 0x00000006c9700000|
|  40|0x00000006c9800000, 0x00000006c9800000, 0x00000006c9900000|  0%| F|  |TS  0|AC  0|TAMS 0x00000006c9800000, 0x00000006c9800000|
|  41|0x00000006c9900000, 0x00000006c9900000, 0x00000006c9a00000|  0%| F|  |TS  0|AC  0|TAMS 0x00000006c9900000, 0x00000006c9900000|
|  42|0x00000006c9a00000, 0x00000006c9a00000, 0x00000006c9b00000|  0%| F|  |TS  0|AC  0|TAMS 0x00000006c9a00000, 0x00000006c9a00000|
|  43|0x00000006c9b00000, 0x00000006c9b00000, 0x00000006c9c00000|  0%| F|  |TS  0|AC  0|TAMS 0x00000006c9b00000, 0x00000006c9b00000|
|  44|0x00000006c9c00000, 0x00000006c9c00000, 0x00000006c9d00000|  0%| F|  |TS  0|AC  0|TAMS 0x00000006c9c00000, 0x00000006c9c00000|
|  45|0x00000006c9d00000, 0x00000006c9d00000, 0x00000006c9e00000|  0%| F|  |TS  0|AC  0|TAMS 0x00000006c9d00000, 0x00000006c9d00000|
|  46|0x00000006c9e00000, 0x00000006c9e00000, 0x00000006c9f00000|  0%| F|  |TS  0|AC  0|TAMS 0x00000006c9e00000, 0x00000006c9e00000|
|  47|0x00000006c9f00000, 0x00000006c9f00000, 0x00000006ca000000|  0%| F|  |TS  0|AC  0|TAMS 0x00000006c9f00000, 0x00000006c9f00000|
|  48|0x00000006ca000000, 0x00000006ca000000, 0x00000006ca100000|  0%| F|  |TS  0|AC  0|TAMS 0x00000006ca000000, 0x00000006ca000000|
|  49|0x00000006ca100000, 0x00000006ca100000, 0x00000006ca200000|  0%| F|  |TS  0|AC  0|TAMS 0x00000006ca100000, 0x00000006ca100000|
|  50|0x00000006ca200000, 0x00000006ca200000, 0x00000006ca300000|  0%| F|  |TS  0|AC  0|TAMS 0x00000006ca200000, 0x00000006ca200000|
|  51|0x00000006ca300000, 0x00000006ca300000, 0x00000006ca400000|  0%| F|  |TS  0|AC  0|TAMS 0x00000006ca300000, 0x00000006ca300000|
|  52|0x00000006ca400000, 0x00000006ca400000, 0x00000006ca500000|  0%| F|  |TS  0|AC  0|TAMS 0x00000006ca400000, 0x00000006ca400000|
|  53|0x00000006ca500000, 0x00000006ca500000, 0x00000006ca600000|  0%| F|  |TS  0|AC  0|TAMS 0x00000006ca500000, 0x00000006ca500000|
|  54|0x00000006ca600000, 0x00000006ca600000, 0x00000006ca700000|  0%| F|  |TS  0|AC  0|TAMS 0x00000006ca600000, 0x00000006ca600000|
|  55|0x00000006ca700000, 0x00000006ca700000, 0x00000006ca800000|  0%| F|  |TS  0|AC  0|TAMS 0x00000006ca700000, 0x00000006ca700000|
|  56|0x00000006ca800000, 0x00000006ca800000, 0x00000006ca900000|  0%| F|  |TS  0|AC  0|TAMS 0x00000006ca800000, 0x00000006ca800000|
|  57|0x00000006ca900000, 0x00000006ca900000, 0x00000006caa00000|  0%| F|  |TS  0|AC  0|TAMS 0x00000006ca900000, 0x00000006ca900000|
|  58|0x00000006caa00000, 0x00000006caa00000, 0x00000006cab00000|  0%| F|  |TS  0|AC  0|TAMS 0x00000006caa00000, 0x00000006caa00000|
|  59|0x00000006cab00000, 0x00000006cab00000, 0x00000006cac00000|  0%| F|  |TS  0|AC  0|TAMS 0x00000006cab00000, 0x00000006cab00000|
|  60|0x00000006cac00000, 0x00000006cac00000, 0x00000006cad00000|  0%| F|  |TS  0|AC  0|TAMS 0x00000006cac00000, 0x00000006cac00000|
|  61|0x00000006cad00000, 0x00000006cad00000, 0x00000006cae00000|  0%| F|  |TS  0|AC  0|TAMS 0x00000006cad00000, 0x00000006cad00000|
|  62|0x00000006cae00000, 0x00000006cae00000, 0x00000006caf00000|  0%| F|  |TS  0|AC  0|TAMS 0x00000006cae00000, 0x00000006cae00000|
|  63|0x00000006caf00000, 0x00000006caf00000, 0x00000006cb000000|  0%| F|  |TS  0|AC  0|TAMS 0x00000006caf00000, 0x00000006caf00000|
|  64|0x00000006cb000000, 0x00000006cb000000, 0x00000006cb100000|  0%| F|  |TS  0|AC  0|TAMS 0x00000006cb000000, 0x00000006cb000000|
|  65|0x00000006cb100000, 0x00000006cb100000, 0x00000006cb200000|  0%| F|  |TS  0|AC  0|TAMS 0x00000006cb100000, 0x00000006cb100000|
|  66|0x00000006cb200000, 0x00000006cb200000, 0x00000006cb300000|  0%| F|  |TS  0|AC  0|TAMS 0x00000006cb200000, 0x00000006cb200000|
|  67|0x00000006cb300000, 0x00000006cb300000, 0x00000006cb400000|  0%| F|  |TS  0|AC  0|TAMS 0x00000006cb300000, 0x00000006cb300000|
|  68|0x00000006cb400000, 0x00000006cb400000, 0x00000006cb500000|  0%| F|  |TS  0|AC  0|TAMS 0x00000006cb400000, 0x00000006cb400000|
|  69|0x00000006cb500000, 0x00000006cb500000, 0x00000006cb600000|  0%| F|  |TS  0|AC  0|TAMS 0x00000006cb500000, 0x00000006cb500000|
|  70|0x00000006cb600000, 0x00000006cb600000, 0x00000006cb700000|  0%| F|  |TS  0|AC  0|TAMS 0x00000006cb600000, 0x00000006cb600000|
|  71|0x00000006cb700000, 0x00000006cb700000, 0x00000006cb800000|  0%| F|  |TS  0|AC  0|TAMS 0x00000006cb700000, 0x00000006cb700000|
|  72|0x00000006cb800000, 0x00000006cb800000, 0x00000006cb900000|  0%| F|  |TS  0|AC  0|TAMS 0x00000006cb800000, 0x00000006cb800000|
|  73|0x00000006cb900000, 0x00000006cb900000, 0x00000006cba00000|  0%| F|  |TS  0|AC  0|TAMS 0x00000006cb900000, 0x00000006cb900000|
|  74|0x00000006cba00000, 0x00000006cba00000, 0x00000006cbb00000|  0%| F|  |TS  0|AC  0|TAMS 0x00000006cba00000, 0x00000006cba00000|
|  75|0x00000006cbb00000, 0x00000006cbb00000, 0x00000006cbc00000|  0%| F|  |TS  0|AC  0|TAMS 0x00000006cbb00000, 0x00000006cbb00000|
|  76|0x00000006cbc00000, 0x00000006cbc00000, 0x00000006cbd00000|  0%| F|  |TS  0|AC  0|TAMS 0x00000006cbc00000, 0x00000006cbc00000|
|  77|0x00000006cbd00000, 0x00000006cbd00000, 0x00000006cbe00000|  0%| F|  |TS  0|AC  0|TAMS 0x00000006cbd00000, 0x00000006cbd00000|
|  78|0x00000006cbe00000, 0x00000006cbe00000, 0x00000006cbf00000|  0%| F|  |TS  0|AC  0|TAMS 0x00000006cbe00000, 0x00000006cbe00000|
|  79|0x00000006cbf00000, 0x00000006cbf00000, 0x00000006cc000000|  0%| F|  |TS  0|AC  0|TAMS 0x00000006cbf00000, 0x00000006cbf00000|
|  80|0x00000006cc000000, 0x00000006cc000000, 0x00000006cc100000|  0%| F|  |TS  0|AC  0|TAMS 0x00000006cc000000, 0x00000006cc000000|
|  81|0x00000006cc100000, 0x00000006cc100000, 0x00000006cc200000|  0%| F|  |TS  0|AC  0|TAMS 0x00000006cc100000, 0x00000006cc100000|
|  82|0x00000006cc200000, 0x00000006cc200000, 0x00000006cc300000|  0%| F|  |TS  0|AC  0|TAMS 0x00000006cc200000, 0x00000006cc200000|
|  83|0x00000006cc300000, 0x00000006cc300000, 0x00000006cc400000|  0%| F|  |TS  0|AC  0|TAMS 0x00000006cc300000, 0x00000006cc300000|
|  84|0x00000006cc400000, 0x00000006cc400000, 0x00000006cc500000|  0%| F|  |TS  0|AC  0|TAMS 0x00000006cc400000, 0x00000006cc400000|
|  85|0x00000006cc500000, 0x00000006cc500000, 0x00000006cc600000|  0%| F|  |TS  0|AC  0|TAMS 0x00000006cc500000, 0x00000006cc500000|
|  86|0x00000006cc600000, 0x00000006cc600000, 0x00000006cc700000|  0%| F|  |TS  0|AC  0|TAMS 0x00000006cc600000, 0x00000006cc600000|
|  87|0x00000006cc700000, 0x00000006cc700000, 0x00000006cc800000|  0%| F|  |TS  0|AC  0|TAMS 0x00000006cc700000, 0x00000006cc700000|
|  88|0x00000006cc800000, 0x00000006cc800000, 0x00000006cc900000|  0%| F|  |TS  0|AC  0|TAMS 0x00000006cc800000, 0x00000006cc800000|
|  89|0x00000006cc900000, 0x00000006cc900000, 0x00000006cca00000|  0%| F|  |TS  0|AC  0|TAMS 0x00000006cc900000, 0x00000006cc900000|
|  90|0x00000006cca00000, 0x00000006cca00000, 0x00000006ccb00000|  0%| F|  |TS  0|AC  0|TAMS 0x00000006cca00000, 0x00000006cca00000|
|  91|0x00000006ccb00000, 0x00000006ccb00000, 0x00000006ccc00000|  0%| F|  |TS  0|AC  0|TAMS 0x00000006ccb00000, 0x00000006ccb00000|
|  92|0x00000006ccc00000, 0x00000006ccc00000, 0x00000006ccd00000|  0%| F|  |TS  0|AC  0|TAMS 0x00000006ccc00000, 0x00000006ccc00000|
|  93|0x00000006ccd00000, 0x00000006ccd00000, 0x00000006cce00000|  0%| F|  |TS  0|AC  0|TAMS 0x00000006ccd00000, 0x00000006ccd00000|
|  94|0x00000006cce00000, 0x00000006cce00000, 0x00000006ccf00000|  0%| F|  |TS  0|AC  0|TAMS 0x00000006cce00000, 0x00000006cce00000|
|  95|0x00000006ccf00000, 0x00000006ccf00000, 0x00000006cd000000|  0%| F|  |TS  0|AC  0|TAMS 0x00000006ccf00000, 0x00000006ccf00000|
|  96|0x00000006cd000000, 0x00000006cd000000, 0x00000006cd100000|  0%| F|  |TS  0|AC  0|TAMS 0x00000006cd000000, 0x00000006cd000000|
|  97|0x00000006cd100000, 0x00000006cd100000, 0x00000006cd200000|  0%| F|  |TS  0|AC  0|TAMS 0x00000006cd100000, 0x00000006cd100000|
|  98|0x00000006cd200000, 0x00000006cd200000, 0x00000006cd300000|  0%| F|  |TS  0|AC  0|TAMS 0x00000006cd200000, 0x00000006cd200000|
|  99|0x00000006cd300000, 0x00000006cd300000, 0x00000006cd400000|  0%| F|  |TS  0|AC  0|TAMS 0x00000006cd300000, 0x00000006cd300000|
| 100|0x00000006cd400000, 0x00000006cd400000, 0x00000006cd500000|  0%| F|  |TS  0|AC  0|TAMS 0x00000006cd400000, 0x00000006cd400000|
| 101|0x00000006cd500000, 0x00000006cd500000, 0x00000006cd600000|  0%| F|  |TS  0|AC  0|TAMS 0x00000006cd500000, 0x00000006cd500000|
| 102|0x00000006cd600000, 0x00000006cd600000, 0x00000006cd700000|  0%| F|  |TS  0|AC  0|TAMS 0x00000006cd600000, 0x00000006cd600000|
| 103|0x00000006cd700000, 0x00000006cd700000, 0x00000006cd800000|  0%| F|  |TS  0|AC  0|TAMS 0x00000006cd700000, 0x00000006cd700000|
| 104|0x00000006cd800000, 0x00000006cd800000, 0x00000006cd900000|  0%| F|  |TS  0|AC  0|TAMS 0x00000006cd800000, 0x00000006cd800000|
| 105|0x00000006cd900000, 0x00000006cd900000, 0x00000006cda00000|  0%| F|  |TS  0|AC  0|TAMS 0x00000006cd900000, 0x00000006cd900000|
| 106|0x00000006cda00000, 0x00000006cda00000, 0x00000006cdb00000|  0%| F|  |TS  0|AC  0|TAMS 0x00000006cda00000, 0x00000006cda00000|
| 107|0x00000006cdb00000, 0x00000006cdb00000, 0x00000006cdc00000|  0%| F|  |TS  0|AC  0|TAMS 0x00000006cdb00000, 0x00000006cdb00000|
| 108|0x00000006cdc00000, 0x00000006cdc00000, 0x00000006cdd00000|  0%| F|  |TS  0|AC  0|TAMS 0x00000006cdc00000, 0x00000006cdc00000|
| 109|0x00000006cdd00000, 0x00000006cdd00000, 0x00000006cde00000|  0%| F|  |TS  0|AC  0|TAMS 0x00000006cdd00000, 0x00000006cdd00000|
| 110|0x00000006cde00000, 0x00000006cde00000, 0x00000006cdf00000|  0%| F|  |TS  0|AC  0|TAMS 0x00000006cde00000, 0x00000006cde00000|
| 111|0x00000006cdf00000, 0x00000006cdf00000, 0x00000006ce000000|  0%| F|  |TS  0|AC  0|TAMS 0x00000006cdf00000, 0x00000006cdf00000|
| 112|0x00000006ce000000, 0x00000006ce000000, 0x00000006ce100000|  0%| F|  |TS  0|AC  0|TAMS 0x00000006ce000000, 0x00000006ce000000|
| 113|0x00000006ce100000, 0x00000006ce100000, 0x00000006ce200000|  0%| F|  |TS  0|AC  0|TAMS 0x00000006ce100000, 0x00000006ce100000|
| 114|0x00000006ce200000, 0x00000006ce200000, 0x00000006ce300000|  0%| F|  |TS  0|AC  0|TAMS 0x00000006ce200000, 0x00000006ce200000|
| 115|0x00000006ce300000, 0x00000006ce300000, 0x00000006ce400000|  0%| F|  |TS  0|AC  0|TAMS 0x00000006ce300000, 0x00000006ce300000|
| 116|0x00000006ce400000, 0x00000006ce400000, 0x00000006ce500000|  0%| F|  |TS  0|AC  0|TAMS 0x00000006ce400000, 0x00000006ce400000|
| 117|0x00000006ce500000, 0x00000006ce500000, 0x00000006ce600000|  0%| F|  |TS  0|AC  0|TAMS 0x00000006ce500000, 0x00000006ce500000|
| 118|0x00000006ce600000, 0x00000006ce600000, 0x00000006ce700000|  0%| F|  |TS  0|AC  0|TAMS 0x00000006ce600000, 0x00000006ce600000|
| 119|0x00000006ce700000, 0x00000006ce700000, 0x00000006ce800000|  0%| F|  |TS  0|AC  0|TAMS 0x00000006ce700000, 0x00000006ce700000|
| 120|0x00000006ce800000, 0x00000006ce800000, 0x00000006ce900000|  0%| F|  |TS  0|AC  0|TAMS 0x00000006ce800000, 0x00000006ce800000|
| 121|0x00000006ce900000, 0x00000006ce900000, 0x00000006cea00000|  0%| F|  |TS  0|AC  0|TAMS 0x00000006ce900000, 0x00000006ce900000|
| 122|0x00000006cea00000, 0x00000006cea00000, 0x00000006ceb00000|  0%| F|  |TS  0|AC  0|TAMS 0x00000006cea00000, 0x00000006cea00000|
| 123|0x00000006ceb00000, 0x00000006ceb00000, 0x00000006cec00000|  0%| F|  |TS  0|AC  0|TAMS 0x00000006ceb00000, 0x00000006ceb00000|
| 124|0x00000006cec00000, 0x00000006cec00000, 0x00000006ced00000|  0%| F|  |TS  0|AC  0|TAMS 0x00000006cec00000, 0x00000006cec00000|
| 125|0x00000006ced00000, 0x00000006ced00000, 0x00000006cee00000|  0%| F|  |TS  0|AC  0|TAMS 0x00000006ced00000, 0x00000006ced00000|
| 126|0x00000006cee00000, 0x00000006cee00000, 0x00000006cef00000|  0%| F|  |TS  0|AC  0|TAMS 0x00000006cee00000, 0x00000006cee00000|
| 127|0x00000006cef00000, 0x00000006cef00000, 0x00000006cf000000|  0%| F|  |TS  0|AC  0|TAMS 0x00000006cef00000, 0x00000006cef00000|
| 128|0x00000006cf000000, 0x00000006cf000000, 0x00000006cf100000|  0%| F|  |TS  0|AC  0|TAMS 0x00000006cf000000, 0x00000006cf000000|
| 129|0x00000006cf100000, 0x00000006cf100000, 0x00000006cf200000|  0%| F|  |TS  0|AC  0|TAMS 0x00000006cf100000, 0x00000006cf100000|
| 130|0x00000006cf200000, 0x00000006cf200000, 0x00000006cf300000|  0%| F|  |TS  0|AC  0|TAMS 0x00000006cf200000, 0x00000006cf200000|
| 131|0x00000006cf300000, 0x00000006cf300000, 0x00000006cf400000|  0%| F|  |TS  0|AC  0|TAMS 0x00000006cf300000, 0x00000006cf300000|
| 132|0x00000006cf400000, 0x00000006cf400000, 0x00000006cf500000|  0%| F|  |TS  0|AC  0|TAMS 0x00000006cf400000, 0x00000006cf400000|
| 133|0x00000006cf500000, 0x00000006cf500000, 0x00000006cf600000|  0%| F|  |TS  0|AC  0|TAMS 0x00000006cf500000, 0x00000006cf500000|
| 134|0x00000006cf600000, 0x00000006cf600000, 0x00000006cf700000|  0%| F|  |TS  0|AC  0|TAMS 0x00000006cf600000, 0x00000006cf600000|
| 135|0x00000006cf700000, 0x00000006cf700000, 0x00000006cf800000|  0%| F|  |TS  0|AC  0|TAMS 0x00000006cf700000, 0x00000006cf700000|
| 136|0x00000006cf800000, 0x00000006cf800000, 0x00000006cf900000|  0%| F|  |TS  0|AC  0|TAMS 0x00000006cf800000, 0x00000006cf800000|
| 137|0x00000006cf900000, 0x00000006cf900000, 0x00000006cfa00000|  0%| F|  |TS  0|AC  0|TAMS 0x00000006cf900000, 0x00000006cf900000|
| 138|0x00000006cfa00000, 0x00000006cfa00000, 0x00000006cfb00000|  0%| F|  |TS  0|AC  0|TAMS 0x00000006cfa00000, 0x00000006cfa00000|
| 139|0x00000006cfb00000, 0x00000006cfb00000, 0x00000006cfc00000|  0%| F|  |TS  0|AC  0|TAMS 0x00000006cfb00000, 0x00000006cfb00000|
| 140|0x00000006cfc00000, 0x00000006cfc00000, 0x00000006cfd00000|  0%| F|  |TS  0|AC  0|TAMS 0x00000006cfc00000, 0x00000006cfc00000|
| 141|0x00000006cfd00000, 0x00000006cfd00000, 0x00000006cfe00000|  0%| F|  |TS  0|AC  0|TAMS 0x00000006cfd00000, 0x00000006cfd00000|
| 142|0x00000006cfe00000, 0x00000006cfe00000, 0x00000006cff00000|  0%| F|  |TS  0|AC  0|TAMS 0x00000006cfe00000, 0x00000006cfe00000|
| 143|0x00000006cff00000, 0x00000006cff00000, 0x00000006d0000000|  0%| F|  |TS  0|AC  0|TAMS 0x00000006cff00000, 0x00000006cff00000|
| 144|0x00000006d0000000, 0x00000006d0000000, 0x00000006d0100000|  0%| F|  |TS  0|AC  0|TAMS 0x00000006d0000000, 0x00000006d0000000|
| 145|0x00000006d0100000, 0x00000006d0100000, 0x00000006d0200000|  0%| F|  |TS  0|AC  0|TAMS 0x00000006d0100000, 0x00000006d0100000|
| 146|0x00000006d0200000, 0x00000006d0200000, 0x00000006d0300000|  0%| F|  |TS  0|AC  0|TAMS 0x00000006d0200000, 0x00000006d0200000|
| 147|0x00000006d0300000, 0x00000006d0300000, 0x00000006d0400000|  0%| F|  |TS  0|AC  0|TAMS 0x00000006d0300000, 0x00000006d0300000|
| 148|0x00000006d0400000, 0x00000006d0400000, 0x00000006d0500000|  0%| F|  |TS  0|AC  0|TAMS 0x00000006d0400000, 0x00000006d0400000|
| 149|0x00000006d0500000, 0x00000006d0500000, 0x00000006d0600000|  0%| F|  |TS  0|AC  0|TAMS 0x00000006d0500000, 0x00000006d0500000|
| 150|0x00000006d0600000, 0x00000006d0600000, 0x00000006d0700000|  0%| F|  |TS  0|AC  0|TAMS 0x00000006d0600000, 0x00000006d0600000|
| 151|0x00000006d0700000, 0x00000006d0700000, 0x00000006d0800000|  0%| F|  |TS  0|AC  0|TAMS 0x00000006d0700000, 0x00000006d0700000|
| 152|0x00000006d0800000, 0x00000006d0800000, 0x00000006d0900000|  0%| F|  |TS  0|AC  0|TAMS 0x00000006d0800000, 0x00000006d0800000|
| 153|0x00000006d0900000, 0x00000006d0900000, 0x00000006d0a00000|  0%| F|  |TS  0|AC  0|TAMS 0x00000006d0900000, 0x00000006d0900000|
| 154|0x00000006d0a00000, 0x00000006d0a00000, 0x00000006d0b00000|  0%| F|  |TS  0|AC  0|TAMS 0x00000006d0a00000, 0x00000006d0a00000|
| 155|0x00000006d0b00000, 0x00000006d0b00000, 0x00000006d0c00000|  0%| F|  |TS  0|AC  0|TAMS 0x00000006d0b00000, 0x00000006d0b00000|
| 156|0x00000006d0c00000, 0x00000006d0c00000, 0x00000006d0d00000|  0%| F|  |TS  0|AC  0|TAMS 0x00000006d0c00000, 0x00000006d0c00000|
| 157|0x00000006d0d00000, 0x00000006d0d00000, 0x00000006d0e00000|  0%| F|  |TS  0|AC  0|TAMS 0x00000006d0d00000, 0x00000006d0d00000|
| 158|0x00000006d0e00000, 0x00000006d0e00000, 0x00000006d0f00000|  0%| F|  |TS  0|AC  0|TAMS 0x00000006d0e00000, 0x00000006d0e00000|
| 159|0x00000006d0f00000, 0x00000006d0f00000, 0x00000006d1000000|  0%| F|  |TS  0|AC  0|TAMS 0x00000006d0f00000, 0x00000006d0f00000|
| 160|0x00000006d1000000, 0x00000006d1000000, 0x00000006d1100000|  0%| F|  |TS  0|AC  0|TAMS 0x00000006d1000000, 0x00000006d1000000|
| 161|0x00000006d1100000, 0x00000006d1100000, 0x00000006d1200000|  0%| F|  |TS  0|AC  0|TAMS 0x00000006d1100000, 0x00000006d1100000|
| 162|0x00000006d1200000, 0x00000006d1200000, 0x00000006d1300000|  0%| F|  |TS  0|AC  0|TAMS 0x00000006d1200000, 0x00000006d1200000|
| 163|0x00000006d1300000, 0x00000006d1300000, 0x00000006d1400000|  0%| F|  |TS  0|AC  0|TAMS 0x00000006d1300000, 0x00000006d1300000|
| 164|0x00000006d1400000, 0x00000006d1400000, 0x00000006d1500000|  0%| F|  |TS  0|AC  0|TAMS 0x00000006d1400000, 0x00000006d1400000|
| 165|0x00000006d1500000, 0x00000006d1500000, 0x00000006d1600000|  0%| F|  |TS  0|AC  0|TAMS 0x00000006d1500000, 0x00000006d1500000|
| 166|0x00000006d1600000, 0x00000006d1600000, 0x00000006d1700000|  0%| F|  |TS  0|AC  0|TAMS 0x00000006d1600000, 0x00000006d1600000|
| 167|0x00000006d1700000, 0x00000006d1700000, 0x00000006d1800000|  0%| F|  |TS  0|AC  0|TAMS 0x00000006d1700000, 0x00000006d1700000|
| 168|0x00000006d1800000, 0x00000006d1800000, 0x00000006d1900000|  0%| F|  |TS  0|AC  0|TAMS 0x00000006d1800000, 0x00000006d1800000|
| 169|0x00000006d1900000, 0x00000006d1900000, 0x00000006d1a00000|  0%| F|  |TS  0|AC  0|TAMS 0x00000006d1900000, 0x00000006d1900000|
| 170|0x00000006d1a00000, 0x00000006d1a00000, 0x00000006d1b00000|  0%| F|  |TS  0|AC  0|TAMS 0x00000006d1a00000, 0x00000006d1a00000|
| 171|0x00000006d1b00000, 0x00000006d1b00000, 0x00000006d1c00000|  0%| F|  |TS  0|AC  0|TAMS 0x00000006d1b00000, 0x00000006d1b00000|
| 172|0x00000006d1c00000, 0x00000006d1c00000, 0x00000006d1d00000|  0%| F|  |TS  0|AC  0|TAMS 0x00000006d1c00000, 0x00000006d1c00000|
| 173|0x00000006d1d00000, 0x00000006d1d00000, 0x00000006d1e00000|  0%| F|  |TS  0|AC  0|TAMS 0x00000006d1d00000, 0x00000006d1d00000|
| 174|0x00000006d1e00000, 0x00000006d1e00000, 0x00000006d1f00000|  0%| F|  |TS  0|AC  0|TAMS 0x00000006d1e00000, 0x00000006d1e00000|
| 175|0x00000006d1f00000, 0x00000006d1f00000, 0x00000006d2000000|  0%| F|  |TS  0|AC  0|TAMS 0x00000006d1f00000, 0x00000006d1f00000|
| 176|0x00000006d2000000, 0x00000006d2000000, 0x00000006d2100000|  0%| F|  |TS  0|AC  0|TAMS 0x00000006d2000000, 0x00000006d2000000|
| 177|0x00000006d2100000, 0x00000006d2100000, 0x00000006d2200000|  0%| F|  |TS  0|AC  0|TAMS 0x00000006d2100000, 0x00000006d2100000|
| 178|0x00000006d2200000, 0x00000006d2200000, 0x00000006d2300000|  0%| F|  |TS  0|AC  0|TAMS 0x00000006d2200000, 0x00000006d2200000|
| 179|0x00000006d2300000, 0x00000006d2300000, 0x00000006d2400000|  0%| F|  |TS  0|AC  0|TAMS 0x00000006d2300000, 0x00000006d2300000|
| 180|0x00000006d2400000, 0x00000006d2400000, 0x00000006d2500000|  0%| F|  |TS  0|AC  0|TAMS 0x00000006d2400000, 0x00000006d2400000|
| 181|0x00000006d2500000, 0x00000006d2500000, 0x00000006d2600000|  0%| F|  |TS  0|AC  0|TAMS 0x00000006d2500000, 0x00000006d2500000|
| 182|0x00000006d2600000, 0x00000006d2600000, 0x00000006d2700000|  0%| F|  |TS  0|AC  0|TAMS 0x00000006d2600000, 0x00000006d2600000|
| 183|0x00000006d2700000, 0x00000006d2700000, 0x00000006d2800000|  0%| F|  |TS  0|AC  0|TAMS 0x00000006d2700000, 0x00000006d2700000|
| 184|0x00000006d2800000, 0x00000006d2800000, 0x00000006d2900000|  0%| F|  |TS  0|AC  0|TAMS 0x00000006d2800000, 0x00000006d2800000|
| 185|0x00000006d2900000, 0x00000006d2900000, 0x00000006d2a00000|  0%| F|  |TS  0|AC  0|TAMS 0x00000006d2900000, 0x00000006d2900000|
| 186|0x00000006d2a00000, 0x00000006d2a00000, 0x00000006d2b00000|  0%| F|  |TS  0|AC  0|TAMS 0x00000006d2a00000, 0x00000006d2a00000|
| 187|0x00000006d2b00000, 0x00000006d2b00000, 0x00000006d2c00000|  0%| F|  |TS  0|AC  0|TAMS 0x00000006d2b00000, 0x00000006d2b00000|
| 188|0x00000006d2c00000, 0x00000006d2c00000, 0x00000006d2d00000|  0%| F|  |TS  0|AC  0|TAMS 0x00000006d2c00000, 0x00000006d2c00000|
| 189|0x00000006d2d00000, 0x00000006d2d00000, 0x00000006d2e00000|  0%| F|  |TS  0|AC  0|TAMS 0x00000006d2d00000, 0x00000006d2d00000|
| 190|0x00000006d2e00000, 0x00000006d2e00000, 0x00000006d2f00000|  0%| F|  |TS  0|AC  0|TAMS 0x00000006d2e00000, 0x00000006d2e00000|
| 191|0x00000006d2f00000, 0x00000006d2f00000, 0x00000006d3000000|  0%| F|  |TS  0|AC  0|TAMS 0x00000006d2f00000, 0x00000006d2f00000|
| 192|0x00000006d3000000, 0x00000006d3000000, 0x00000006d3100000|  0%| F|  |TS  0|AC  0|TAMS 0x00000006d3000000, 0x00000006d3000000|
| 193|0x00000006d3100000, 0x00000006d3100000, 0x00000006d3200000|  0%| F|  |TS  0|AC  0|TAMS 0x00000006d3100000, 0x00000006d3100000|
| 194|0x00000006d3200000, 0x00000006d3200000, 0x00000006d3300000|  0%| F|  |TS  0|AC  0|TAMS 0x00000006d3200000, 0x00000006d3200000|
| 195|0x00000006d3300000, 0x00000006d3300000, 0x00000006d3400000|  0%| F|  |TS  0|AC  0|TAMS 0x00000006d3300000, 0x00000006d3300000|
| 196|0x00000006d3400000, 0x00000006d3400000, 0x00000006d3500000|  0%| F|  |TS  0|AC  0|TAMS 0x00000006d3400000, 0x00000006d3400000|
| 197|0x00000006d3500000, 0x00000006d3500000, 0x00000006d3600000|  0%| F|  |TS  0|AC  0|TAMS 0x00000006d3500000, 0x00000006d3500000|
| 198|0x00000006d3600000, 0x00000006d3600000, 0x00000006d3700000|  0%| F|  |TS  0|AC  0|TAMS 0x00000006d3600000, 0x00000006d3600000|
| 199|0x00000006d3700000, 0x00000006d3700000, 0x00000006d3800000|  0%| F|  |TS  0|AC  0|TAMS 0x00000006d3700000, 0x00000006d3700000|
| 200|0x00000006d3800000, 0x00000006d3800000, 0x00000006d3900000|  0%| F|  |TS  0|AC  0|TAMS 0x00000006d3800000, 0x00000006d3800000|
| 201|0x00000006d3900000, 0x00000006d3900000, 0x00000006d3a00000|  0%| F|  |TS  0|AC  0|TAMS 0x00000006d3900000, 0x00000006d3900000|
| 202|0x00000006d3a00000, 0x00000006d3a00000, 0x00000006d3b00000|  0%| F|  |TS  0|AC  0|TAMS 0x00000006d3a00000, 0x00000006d3a00000|
| 203|0x00000006d3b00000, 0x00000006d3b00000, 0x00000006d3c00000|  0%| F|  |TS  0|AC  0|TAMS 0x00000006d3b00000, 0x00000006d3b00000|
| 204|0x00000006d3c00000, 0x00000006d3c00000, 0x00000006d3d00000|  0%| F|  |TS  0|AC  0|TAMS 0x00000006d3c00000, 0x00000006d3c00000|
| 205|0x00000006d3d00000, 0x00000006d3d00000, 0x00000006d3e00000|  0%| F|  |TS  0|AC  0|TAMS 0x00000006d3d00000, 0x00000006d3d00000|
| 206|0x00000006d3e00000, 0x00000006d3e00000, 0x00000006d3f00000|  0%| F|  |TS  0|AC  0|TAMS 0x00000006d3e00000, 0x00000006d3e00000|
| 207|0x00000006d3f00000, 0x00000006d3f00000, 0x00000006d4000000|  0%| F|  |TS  0|AC  0|TAMS 0x00000006d3f00000, 0x00000006d3f00000|
| 208|0x00000006d4000000, 0x00000006d4000000, 0x00000006d4100000|  0%| F|  |TS  0|AC  0|TAMS 0x00000006d4000000, 0x00000006d4000000|
| 209|0x00000006d4100000, 0x00000006d4100000, 0x00000006d4200000|  0%| F|  |TS  0|AC  0|TAMS 0x00000006d4100000, 0x00000006d4100000|
| 210|0x00000006d4200000, 0x00000006d4200000, 0x00000006d4300000|  0%| F|  |TS  0|AC  0|TAMS 0x00000006d4200000, 0x00000006d4200000|
| 211|0x00000006d4300000, 0x00000006d4300000, 0x00000006d4400000|  0%| F|  |TS  0|AC  0|TAMS 0x00000006d4300000, 0x00000006d4300000|
| 212|0x00000006d4400000, 0x00000006d4400000, 0x00000006d4500000|  0%| F|  |TS  0|AC  0|TAMS 0x00000006d4400000, 0x00000006d4400000|
| 213|0x00000006d4500000, 0x00000006d4500000, 0x00000006d4600000|  0%| F|  |TS  0|AC  0|TAMS 0x00000006d4500000, 0x00000006d4500000|
| 214|0x00000006d4600000, 0x00000006d4600000, 0x00000006d4700000|  0%| F|  |TS  0|AC  0|TAMS 0x00000006d4600000, 0x00000006d4600000|
| 215|0x00000006d4700000, 0x00000006d4700000, 0x00000006d4800000|  0%| F|  |TS  0|AC  0|TAMS 0x00000006d4700000, 0x00000006d4700000|
| 216|0x00000006d4800000, 0x00000006d4800000, 0x00000006d4900000|  0%| F|  |TS  0|AC  0|TAMS 0x00000006d4800000, 0x00000006d4800000|
| 217|0x00000006d4900000, 0x00000006d4900000, 0x00000006d4a00000|  0%| F|  |TS  0|AC  0|TAMS 0x00000006d4900000, 0x00000006d4900000|
| 218|0x00000006d4a00000, 0x00000006d4a00000, 0x00000006d4b00000|  0%| F|  |TS  0|AC  0|TAMS 0x00000006d4a00000, 0x00000006d4a00000|
| 219|0x00000006d4b00000, 0x00000006d4b00000, 0x00000006d4c00000|  0%| F|  |TS  0|AC  0|TAMS 0x00000006d4b00000, 0x00000006d4b00000|
| 220|0x00000006d4c00000, 0x00000006d4c00000, 0x00000006d4d00000|  0%| F|  |TS  0|AC  0|TAMS 0x00000006d4c00000, 0x00000006d4c00000|
| 221|0x00000006d4d00000, 0x00000006d4d00000, 0x00000006d4e00000|  0%| F|  |TS  0|AC  0|TAMS 0x00000006d4d00000, 0x00000006d4d00000|
| 222|0x00000006d4e00000, 0x00000006d4e00000, 0x00000006d4f00000|  0%| F|  |TS  0|AC  0|TAMS 0x00000006d4e00000, 0x00000006d4e00000|
| 223|0x00000006d4f00000, 0x00000006d4f00000, 0x00000006d5000000|  0%| F|  |TS  0|AC  0|TAMS 0x00000006d4f00000, 0x00000006d4f00000|
| 224|0x00000006d5000000, 0x00000006d5000000, 0x00000006d5100000|  0%| F|  |TS  0|AC  0|TAMS 0x00000006d5000000, 0x00000006d5000000|
| 225|0x00000006d5100000, 0x00000006d5100000, 0x00000006d5200000|  0%| F|  |TS  0|AC  0|TAMS 0x00000006d5100000, 0x00000006d5100000|
| 226|0x00000006d5200000, 0x00000006d5200000, 0x00000006d5300000|  0%| F|  |TS  0|AC  0|TAMS 0x00000006d5200000, 0x00000006d5200000|
| 227|0x00000006d5300000, 0x00000006d5300000, 0x00000006d5400000|  0%| F|  |TS  0|AC  0|TAMS 0x00000006d5300000, 0x00000006d5300000|
| 228|0x00000006d5400000, 0x00000006d5400000, 0x00000006d5500000|  0%| F|  |TS  0|AC  0|TAMS 0x00000006d5400000, 0x00000006d5400000|
| 229|0x00000006d5500000, 0x00000006d5500000, 0x00000006d5600000|  0%| F|  |TS  0|AC  0|TAMS 0x00000006d5500000, 0x00000006d5500000|
| 230|0x00000006d5600000, 0x00000006d5600000, 0x00000006d5700000|  0%| F|  |TS  0|AC  0|TAMS 0x00000006d5600000, 0x00000006d5600000|
| 231|0x00000006d5700000, 0x00000006d5700000, 0x00000006d5800000|  0%| F|  |TS  0|AC  0|TAMS 0x00000006d5700000, 0x00000006d5700000|
| 232|0x00000006d5800000, 0x00000006d5800000, 0x00000006d5900000|  0%| F|  |TS  0|AC  0|TAMS 0x00000006d5800000, 0x00000006d5800000|
| 233|0x00000006d5900000, 0x00000006d5900000, 0x00000006d5a00000|  0%| F|  |TS  0|AC  0|TAMS 0x00000006d5900000, 0x00000006d5900000|
| 234|0x00000006d5a00000, 0x00000006d5a00000, 0x00000006d5b00000|  0%| F|  |TS  0|AC  0|TAMS 0x00000006d5a00000, 0x00000006d5a00000|
| 235|0x00000006d5b00000, 0x00000006d5b00000, 0x00000006d5c00000|  0%| F|  |TS  0|AC  0|TAMS 0x00000006d5b00000, 0x00000006d5b00000|
| 236|0x00000006d5c00000, 0x00000006d5c00000, 0x00000006d5d00000|  0%| F|  |TS  0|AC  0|TAMS 0x00000006d5c00000, 0x00000006d5c00000|
| 237|0x00000006d5d00000, 0x00000006d5d00000, 0x00000006d5e00000|  0%| F|  |TS  0|AC  0|TAMS 0x00000006d5d00000, 0x00000006d5d00000|
| 238|0x00000006d5e00000, 0x00000006d5e00000, 0x00000006d5f00000|  0%| F|  |TS  0|AC  0|TAMS 0x00000006d5e00000, 0x00000006d5e00000|
| 239|0x00000006d5f00000, 0x00000006d5f00000, 0x00000006d6000000|  0%| F|  |TS  0|AC  0|TAMS 0x00000006d5f00000, 0x00000006d5f00000|
| 240|0x00000006d6000000, 0x00000006d6000000, 0x00000006d6100000|  0%| F|  |TS  0|AC  0|TAMS 0x00000006d6000000, 0x00000006d6000000|
| 241|0x00000006d6100000, 0x00000006d6100000, 0x00000006d6200000|  0%| F|  |TS  0|AC  0|TAMS 0x00000006d6100000, 0x00000006d6100000|
| 242|0x00000006d6200000, 0x00000006d6200000, 0x00000006d6300000|  0%| F|  |TS  0|AC  0|TAMS 0x00000006d6200000, 0x00000006d6200000|
| 243|0x00000006d6300000, 0x00000006d637b650, 0x00000006d6400000| 48%| E|  |TS  0|AC  0|TAMS 0x00000006d6300000, 0x00000006d6300000|
| 244|0x00000006d6400000, 0x00000006d6500000, 0x00000006d6500000|100%| E|CS|TS  0|AC  0|TAMS 0x00000006d6400000, 0x00000006d6400000|
| 245|0x00000006d6500000, 0x00000006d6600000, 0x00000006d6600000|100%| E|CS|TS  0|AC  0|TAMS 0x00000006d6500000, 0x00000006d6500000|
| 246|0x00000006d6600000, 0x00000006d6700000, 0x00000006d6700000|100%| E|CS|TS  0|AC  0|TAMS 0x00000006d6600000, 0x00000006d6600000|
| 247|0x00000006d6700000, 0x00000006d6800000, 0x00000006d6800000|100%| E|CS|TS  0|AC  0|TAMS 0x00000006d6700000, 0x00000006d6700000|
| 248|0x00000006d6800000, 0x00000006d6900000, 0x00000006d6900000|100%| E|CS|TS  0|AC  0|TAMS 0x00000006d6800000, 0x00000006d6800000|
| 249|0x00000006d6900000, 0x00000006d6a00000, 0x00000006d6a00000|100%| E|CS|TS  0|AC  0|TAMS 0x00000006d6900000, 0x00000006d6900000|

Card table byte_map: [0x00007fb009489000,0x00007fb009c51000] byte_map_base: 0x00007fb005e51000

Marking Bits (Prev, Next): (CMBitMap*) 0x00007fb0200889a0, (CMBitMap*) 0x00007fb0200889f8
 Prev Bits: [0x00007fafe01c0000, 0x00007fafe4000000)
 Next Bits: [0x00007fafdc380000, 0x00007fafe01c0000)

Polling page: 0x00007fb029cfd000

CodeHeap 'non-nmethods': size=5696Kb used=1262Kb max_used=1275Kb free=4433Kb
 bounds [0x00007fb009c51000, 0x00007fb009ec1000, 0x00007fb00a1e1000]
CodeHeap 'profiled nmethods': size=120032Kb used=892Kb max_used=892Kb free=119139Kb
 bounds [0x00007fb00a1e1000, 0x00007fb00a451000, 0x00007fb011719000]
CodeHeap 'non-profiled nmethods': size=120032Kb used=177Kb max_used=177Kb free=119854Kb
 bounds [0x00007fb011719000, 0x00007fb011989000, 0x00007fb018c51000]
 total_blobs=1232 nmethods=577 adapters=444
 compilation: enabled

Compilation events (10 events):
Event: 0.345 Thread 0x00007fb020225000  574       3       java.lang.invoke.LambdaForm$DMH/1946403944::invokeStatic_LI_L (15 bytes)
Event: 0.345 Thread 0x00007fb020225000 nmethod 574 0x00007fb00a2bec90 code [0x00007fb00a2bee40, 0x00007fb00a2bf298]
Event: 0.345 Thread 0x00007fb020225000  576       3       java.lang.Character::toLowerCase (9 bytes)
Event: 0.345 Thread 0x00007fb020225000 nmethod 576 0x00007fb00a2bf390 code [0x00007fb00a2bf520, 0x00007fb00a2bf758]
Event: 0.345 Thread 0x00007fb020225000  577       3       java.lang.CharacterDataLatin1::toLowerCase (39 bytes)
Event: 0.345 Thread 0x00007fb020225000 nmethod 577 0x00007fb00a2bf810 code [0x00007fb00a2bf9a0, 0x00007fb00a2bfc10]
Event: 0.345 Thread 0x00007fb020225000  568       1       java.lang.invoke.StringConcatFactory$Mode::isSized (5 bytes)
Event: 0.345 Thread 0x00007fb020225000 nmethod 568 0x00007fb011744490 code [0x00007fb011744600, 0x00007fb011744710]
Event: 0.348 Thread 0x00007fb020225000  578       3       java.nio.HeapByteBuffer::_get (7 bytes)
Event: 0.348 Thread 0x00007fb020225000 nmethod 578 0x00007fb00a2bfd10 code [0x00007fb00a2bfe80, 0x00007fb00a2bfff0]

GC Heap History (0 events):
No events

Deoptimization events (10 events):
Event: 0.210 Thread 0x00007fb020011000 Uncommon trap: reason=unstable_if action=reinterpret pc=0x00007fb0117248d0 method=java.util.HashMap.hash(Ljava/lang/Object;)I @ 1
Event: 0.228 Thread 0x00007fb020011000 Uncommon trap: reason=unstable_if action=reinterpret pc=0x00007fb011723e08 method=java.util.HashMap.hash(Ljava/lang/Object;)I @ 1
Event: 0.252 Thread 0x00007fb020011000 Uncommon trap: reason=class_check action=maybe_recompile pc=0x00007fb011723290 method=java.util.HashMap.putVal(ILjava/lang/Object;Ljava/lang/Object;ZZ)Ljava/lang/Object; @ 253
Event: 0.252 Thread 0x00007fb020011000 Uncommon trap: reason=class_check action=maybe_recompile pc=0x00007fb011723304 method=java.util.HashMap.putVal(ILjava/lang/Object;Ljava/lang/Object;ZZ)Ljava/lang/Object; @ 203
Event: 0.252 Thread 0x00007fb020011000 Uncommon trap: reason=class_check action=maybe_recompile pc=0x00007fb011723290 method=java.util.HashMap.putVal(ILjava/lang/Object;Ljava/lang/Object;ZZ)Ljava/lang/Object; @ 253
Event: 0.254 Thread 0x00007fb020011000 Uncommon trap: reason=unstable_fused_if action=reinterpret pc=0x00007fb01172ea1c method=jdk.internal.org.objectweb.asm.ByteVector.putUTF8(Ljava/lang/String;)Ljdk/internal/org/objectweb/asm/ByteVector; @ 91
Event: 0.343 Thread 0x00007faf8c003800 Uncommon trap: reason=bimorphic_or_optimized_type_check action=maybe_recompile pc=0x00007fb01174153c method=java.util.HashMap.putVal(ILjava/lang/Object;Ljava/lang/Object;ZZ)Ljava/lang/Object; @ 203
Event: 0.343 Thread 0x00007faf8c003800 Uncommon trap: reason=bimorphic_or_optimized_type_check action=maybe_recompile pc=0x00007fb01174153c method=java.util.HashMap.putVal(ILjava/lang/Object;Ljava/lang/Object;ZZ)Ljava/lang/Object; @ 203
Event: 0.343 Thread 0x00007faf8c003800 Uncommon trap: reason=bimorphic_or_optimized_type_check action=maybe_recompile pc=0x00007fb01174153c method=java.util.HashMap.putVal(ILjava/lang/Object;Ljava/lang/Object;ZZ)Ljava/lang/Object; @ 203
Event: 0.343 Thread 0x00007faf8c003800 Uncommon trap: reason=bimorphic_or_optimized_type_check action=maybe_recompile pc=0x00007fb01174153c method=java.util.HashMap.putVal(ILjava/lang/Object;Ljava/lang/Object;ZZ)Ljava/lang/Object; @ 203

Classes redefined (0 events):
No events

Internal exceptions (7 events):
Event: 0.130 Thread 0x00007fb020011000 Exception <a 'java/lang/ClassNotFoundException': sun/awt/resources/awtProvider> (0x00000006d6771110) thrown at [/build/openjdk-9-argm_o/openjdk-9-9~b114/src/hotspot/src/share/vm/classfile/systemDictionary.cpp, line 224]
Event: 0.139 Thread 0x00007fb020011000 Exception <a 'java/io/FileNotFoundException'> (0x00000006d67b10a8) thrown at [/build/openjdk-9-argm_o/openjdk-9-9~b114/src/hotspot/src/share/vm/prims/jni.cpp, line 605]
Event: 0.139 Thread 0x00007fb020011000 Exception <a 'java/io/FileNotFoundException'> (0x00000006d67b9130) thrown at [/build/openjdk-9-argm_o/openjdk-9-9~b114/src/hotspot/src/share/vm/prims/jni.cpp, line 605]
Event: 0.203 Thread 0x00007fb020011000 Exception <a 'java/lang/ClassNotFoundException': com/sun/swing/internal/plaf/metal/resources/metalProvider> (0x00000006d6593b98) thrown at [/build/openjdk-9-argm_o/openjdk-9-9~b114/src/hotspot/src/share/vm/classfile/systemDictionary.cpp, line 224]
Event: 0.204 Thread 0x00007fb020011000 Exception <a 'java/lang/ClassNotFoundException': com/sun/swing/internal/plaf/basic/resources/basicProvider> (0x00000006d65971f8) thrown at [/build/openjdk-9-argm_o/openjdk-9-9~b114/src/hotspot/src/share/vm/classfile/systemDictionary.cpp, line 224]
Event: 0.210 Thread 0x00007fb020011000 Implicit null exception at 0x00007fb011724838 to 0x00007fb0117248c6
Event: 0.228 Thread 0x00007fb020011000 Implicit null exception at 0x00007fb011723d8f to 0x00007fb011723df9

Events (10 events):
Event: 0.349 loading class sun/nio/cs/UTF_16$Decoder
Event: 0.349 loading class sun/nio/cs/UnicodeDecoder
Event: 0.349 loading class sun/nio/cs/UnicodeDecoder done
Event: 0.349 loading class sun/nio/cs/UTF_16$Decoder done
Event: 0.349 loading class sun/font/FileFontStrike
Event: 0.350 loading class sun/font/FileFontStrike done
Event: 0.350 loading class sun/font/FontScaler
Event: 0.350 loading class sun/font/FontScaler done
Event: 0.350 loading class sun/font/FreetypeFontScaler
Event: 0.350 loading class sun/font/FreetypeFontScaler done


Dynamic libraries:
00400000-00401000 r-xp 00000000 103:06 14555810                          /usr/lib/jvm/java-9-openjdk-amd64/bin/java
00600000-00601000 r--p 00000000 103:06 14555810                          /usr/lib/jvm/java-9-openjdk-amd64/bin/java
00601000-00602000 rw-p 00001000 103:06 14555810                          /usr/lib/jvm/java-9-openjdk-amd64/bin/java
00f6f000-00f90000 rw-p 00000000 00:00 0                                  [heap]
6c7000000-6d6a00000 rw-p 00000000 00:00 0 
6d6a00000-7c0000000 ---p 00000000 00:00 0 
7c0000000-7c0180000 rw-p 00000000 00:00 0 
7c0180000-800000000 ---p 00000000 00:00 0 
7faf84000000-7faf84038000 rw-p 00000000 00:00 0 
7faf84038000-7faf88000000 ---p 00000000 00:00 0 
7faf8c000000-7faf8c021000 rw-p 00000000 00:00 0 
7faf8c021000-7faf90000000 ---p 00000000 00:00 0 
7faf90000000-7faf90021000 rw-p 00000000 00:00 0 
7faf90021000-7faf94000000 ---p 00000000 00:00 0 
7faf94000000-7faf94021000 rw-p 00000000 00:00 0 
7faf94021000-7faf98000000 ---p 00000000 00:00 0 
7faf9aa4d000-7faf9ab0d000 rw-p 00000000 00:00 0 
7faf9ab0d000-7faf9ac4d000 ---p 00000000 00:00 0 
7faf9ac4d000-7faf9ac51000 ---p 00000000 00:00 0 
7faf9ac51000-7faf9ad4e000 rw-p 00000000 00:00 0 
7faf9ad4e000-7faf9ad52000 ---p 00000000 00:00 0 
7faf9ad52000-7faf9b04f000 rw-p 00000000 00:00 0 
7faf9b04f000-7faf9b053000 ---p 00000000 00:00 0 
7faf9b053000-7faf9b150000 rw-p 00000000 00:00 0 
7faf9b150000-7faf9b155000 r-xp 00000000 103:06 14425815                  /usr/lib/x86_64-linux-gnu/libXfixes.so.3.1.0
7faf9b155000-7faf9b354000 ---p 00005000 103:06 14425815                  /usr/lib/x86_64-linux-gnu/libXfixes.so.3.1.0
7faf9b354000-7faf9b355000 r--p 00004000 103:06 14425815                  /usr/lib/x86_64-linux-gnu/libXfixes.so.3.1.0
7faf9b355000-7faf9b356000 rw-p 00005000 103:06 14425815                  /usr/lib/x86_64-linux-gnu/libXfixes.so.3.1.0
7faf9b356000-7faf9b35f000 r-xp 00000000 103:06 14420152                  /usr/lib/x86_64-linux-gnu/libXcursor.so.1.0.2
7faf9b35f000-7faf9b55e000 ---p 00009000 103:06 14420152                  /usr/lib/x86_64-linux-gnu/libXcursor.so.1.0.2
7faf9b55e000-7faf9b55f000 r--p 00008000 103:06 14420152                  /usr/lib/x86_64-linux-gnu/libXcursor.so.1.0.2
7faf9b55f000-7faf9b560000 rw-p 00009000 103:06 14420152                  /usr/lib/x86_64-linux-gnu/libXcursor.so.1.0.2
7faf9b560000-7faf9b564000 ---p 00000000 00:00 0 
7faf9b564000-7faf9b661000 rw-p 00000000 00:00 0 
7faf9b661000-7faf9b685000 r-xp 00000000 103:06 16519769                  /lib/x86_64-linux-gnu/libpng12.so.0.54.0
7faf9b685000-7faf9b884000 ---p 00024000 103:06 16519769                  /lib/x86_64-linux-gnu/libpng12.so.0.54.0
7faf9b884000-7faf9b885000 r--p 00023000 103:06 16519769                  /lib/x86_64-linux-gnu/libpng12.so.0.54.0
7faf9b885000-7faf9b886000 rw-p 00024000 103:06 16519769                  /lib/x86_64-linux-gnu/libpng12.so.0.54.0
7faf9b886000-7faf9b92a000 r-xp 00000000 103:06 14426238                  /usr/lib/x86_64-linux-gnu/libfreetype.so.6.12.1
7faf9b92a000-7faf9bb29000 ---p 000a4000 103:06 14426238                  /usr/lib/x86_64-linux-gnu/libfreetype.so.6.12.1
7faf9bb29000-7faf9bb2f000 r--p 000a3000 103:06 14426238                  /usr/lib/x86_64-linux-gnu/libfreetype.so.6.12.1
7faf9bb2f000-7faf9bb30000 rw-p 000a9000 103:06 14426238                  /usr/lib/x86_64-linux-gnu/libfreetype.so.6.12.1
7faf9bb30000-7faf9bbf6000 r-xp 00000000 103:06 14555830                  /usr/lib/jvm/java-9-openjdk-amd64/lib/amd64/libfontmanager.so
7faf9bbf6000-7faf9bdf5000 ---p 000c6000 103:06 14555830                  /usr/lib/jvm/java-9-openjdk-amd64/lib/amd64/libfontmanager.so
7faf9bdf5000-7faf9bdf8000 r--p 000c5000 103:06 14555830                  /usr/lib/jvm/java-9-openjdk-amd64/lib/amd64/libfontmanager.so
7faf9bdf8000-7faf9bdf9000 rw-p 000c8000 103:06 14555830                  /usr/lib/jvm/java-9-openjdk-amd64/lib/amd64/libfontmanager.so
7faf9bdf9000-7faf9bdfa000 rw-p 00000000 00:00 0 
7faf9bdfa000-7faf9bdff000 r-xp 00000000 103:06 14425811                  /usr/lib/x86_64-linux-gnu/libXdmcp.so.6.0.0
7faf9bdff000-7faf9bffe000 ---p 00005000 103:06 14425811                  /usr/lib/x86_64-linux-gnu/libXdmcp.so.6.0.0
7faf9bffe000-7faf9bfff000 r--p 00004000 103:06 14425811                  /usr/lib/x86_64-linux-gnu/libXdmcp.so.6.0.0
7faf9bfff000-7faf9c000000 rw-p 00005000 103:06 14425811                  /usr/lib/x86_64-linux-gnu/libXdmcp.so.6.0.0
7faf9c000000-7faf9c021000 rw-p 00000000 00:00 0 
7faf9c021000-7fafa0000000 ---p 00000000 00:00 0 
7fafa0000000-7fafa0021000 rw-p 00000000 00:00 0 
7fafa0021000-7fafa4000000 ---p 00000000 00:00 0 
7fafa4000000-7fafa4021000 rw-p 00000000 00:00 0 
7fafa4021000-7fafa8000000 ---p 00000000 00:00 0 
7fafa8023000-7fafa8025000 r-xp 00000000 103:06 14425800                  /usr/lib/x86_64-linux-gnu/libXau.so.6.0.0
7fafa8025000-7fafa8225000 ---p 00002000 103:06 14425800                  /usr/lib/x86_64-linux-gnu/libXau.so.6.0.0
7fafa8225000-7fafa8226000 r--p 00002000 103:06 14425800                  /usr/lib/x86_64-linux-gnu/libXau.so.6.0.0
7fafa8226000-7fafa8227000 rw-p 00003000 103:06 14425800                  /usr/lib/x86_64-linux-gnu/libXau.so.6.0.0
7fafa8227000-7fafa8248000 r-xp 00000000 103:06 14427218                  /usr/lib/x86_64-linux-gnu/libxcb.so.1.1.0
7fafa8248000-7fafa8447000 ---p 00021000 103:06 14427218                  /usr/lib/x86_64-linux-gnu/libxcb.so.1.1.0
7fafa8447000-7fafa8448000 r--p 00020000 103:06 14427218                  /usr/lib/x86_64-linux-gnu/libxcb.so.1.1.0
7fafa8448000-7fafa8449000 rw-p 00021000 103:06 14427218                  /usr/lib/x86_64-linux-gnu/libxcb.so.1.1.0
7fafa8449000-7fafa8458000 r-xp 00000000 103:06 14425823                  /usr/lib/x86_64-linux-gnu/libXi.so.6.1.0
7fafa8458000-7fafa8657000 ---p 0000f000 103:06 14425823                  /usr/lib/x86_64-linux-gnu/libXi.so.6.1.0
7fafa8657000-7fafa8658000 r--p 0000e000 103:06 14425823                  /usr/lib/x86_64-linux-gnu/libXi.so.6.1.0
7fafa8658000-7fafa8659000 rw-p 0000f000 103:06 14425823                  /usr/lib/x86_64-linux-gnu/libXi.so.6.1.0
7fafa8659000-7fafa865e000 r-xp 00000000 103:06 14425841                  /usr/lib/x86_64-linux-gnu/libXtst.so.6.1.0
7fafa865e000-7fafa885d000 ---p 00005000 103:06 14425841                  /usr/lib/x86_64-linux-gnu/libXtst.so.6.1.0
7fafa885d000-7fafa885e000 r--p 00004000 103:06 14425841                  /usr/lib/x86_64-linux-gnu/libXtst.so.6.1.0
7fafa885e000-7fafa885f000 rw-p 00005000 103:06 14425841                  /usr/lib/x86_64-linux-gnu/libXtst.so.6.1.0
7fafa885f000-7fafa8868000 r-xp 00000000 103:06 14425835                  /usr/lib/x86_64-linux-gnu/libXrender.so.1.3.0
7fafa8868000-7fafa8a67000 ---p 00009000 103:06 14425835                  /usr/lib/x86_64-linux-gnu/libXrender.so.1.3.0
7fafa8a67000-7fafa8a68000 r--p 00008000 103:06 14425835                  /usr/lib/x86_64-linux-gnu/libXrender.so.1.3.0
7fafa8a68000-7fafa8a69000 rw-p 00009000 103:06 14425835                  /usr/lib/x86_64-linux-gnu/libXrender.so.1.3.0
7fafa8a69000-7fafa8b9e000 r-xp 00000000 103:06 14425796                  /usr/lib/x86_64-linux-gnu/libX11.so.6.3.0
7fafa8b9e000-7fafa8d9e000 ---p 00135000 103:06 14425796                  /usr/lib/x86_64-linux-gnu/libX11.so.6.3.0
7fafa8d9e000-7fafa8d9f000 r--p 00135000 103:06 14425796                  /usr/lib/x86_64-linux-gnu/libX11.so.6.3.0
7fafa8d9f000-7fafa8da3000 rw-p 00136000 103:06 14425796                  /usr/lib/x86_64-linux-gnu/libX11.so.6.3.0
7fafa8da3000-7fafa8dfa000 r-xp 00000000 103:06 14555857                  /usr/lib/jvm/java-9-openjdk-amd64/lib/amd64/libawt_xawt.so
7fafa8dfa000-7fafa8ffa000 ---p 00057000 103:06 14555857                  /usr/lib/jvm/java-9-openjdk-amd64/lib/amd64/libawt_xawt.so
7fafa8ffa000-7fafa8ffb000 r--p 00057000 103:06 14555857                  /usr/lib/jvm/java-9-openjdk-amd64/lib/amd64/libawt_xawt.so
7fafa8ffb000-7fafa8ffe000 rw-p 00058000 103:06 14555857                  /usr/lib/jvm/java-9-openjdk-amd64/lib/amd64/libawt_xawt.so
7fafa8ffe000-7fafac000000 rw-p 00000000 00:00 0 
7fafac000000-7fafac179000 rw-p 00000000 00:00 0 
7fafac179000-7fafb0000000 ---p 00000000 00:00 0 
7fafb0000000-7fafb0021000 rw-p 00000000 00:00 0 
7fafb0021000-7fafb4000000 ---p 00000000 00:00 0 
7fafb4000000-7fafb423f000 rw-p 00000000 00:00 0 
7fafb423f000-7fafb8000000 ---p 00000000 00:00 0 
7fafb8000000-7fafb8169000 rw-p 00000000 00:00 0 
7fafb8169000-7fafbc000000 ---p 00000000 00:00 0 
7fafbc000000-7fafbc021000 rw-p 00000000 00:00 0 
7fafbc021000-7fafc0000000 ---p 00000000 00:00 0 
7fafc0000000-7fafc0021000 rw-p 00000000 00:00 0 
7fafc0021000-7fafc4000000 ---p 00000000 00:00 0 
7fafc4000000-7fafc4021000 rw-p 00000000 00:00 0 
7fafc4021000-7fafc8000000 ---p 00000000 00:00 0 
7fafc8000000-7fafc8021000 rw-p 00000000 00:00 0 
7fafc8021000-7fafcc000000 ---p 00000000 00:00 0 
7fafcc000000-7fafcc021000 rw-p 00000000 00:00 0 
7fafcc021000-7fafd0000000 ---p 00000000 00:00 0 
7fafd0000000-7fafd0021000 rw-p 00000000 00:00 0 
7fafd0021000-7fafd4000000 ---p 00000000 00:00 0 
7fafd4030000-7fafd4041000 r-xp 00000000 103:06 14425813                  /usr/lib/x86_64-linux-gnu/libXext.so.6.4.0
7fafd4041000-7fafd4240000 ---p 00011000 103:06 14425813                  /usr/lib/x86_64-linux-gnu/libXext.so.6.4.0
7fafd4240000-7fafd4241000 r--p 00010000 103:06 14425813                  /usr/lib/x86_64-linux-gnu/libXext.so.6.4.0
7fafd4241000-7fafd4242000 rw-p 00011000 103:06 14425813                  /usr/lib/x86_64-linux-gnu/libXext.so.6.4.0
7fafd4242000-7fafd42e2000 r-xp 00000000 103:06 14555829                  /usr/lib/jvm/java-9-openjdk-amd64/lib/amd64/libawt.so
7fafd42e2000-7fafd44e1000 ---p 000a0000 103:06 14555829                  /usr/lib/jvm/java-9-openjdk-amd64/lib/amd64/libawt.so
7fafd44e1000-7fafd44e2000 r--p 0009f000 103:06 14555829                  /usr/lib/jvm/java-9-openjdk-amd64/lib/amd64/libawt.so
7fafd44e2000-7fafd44ed000 rw-p 000a0000 103:06 14555829                  /usr/lib/jvm/java-9-openjdk-amd64/lib/amd64/libawt.so
7fafd44ed000-7fafd4512000 rw-p 00000000 00:00 0 
7fafd4512000-7fafd4513000 ---p 00000000 00:00 0 
7fafd4513000-7fafd4613000 rw-p 00000000 00:00 0 
7fafd4613000-7fafd4617000 ---p 00000000 00:00 0 
7fafd4617000-7fafd4714000 rw-p 00000000 00:00 0 
7fafd4714000-7fafd4718000 ---p 00000000 00:00 0 
7fafd4718000-7fafd4815000 rw-p 00000000 00:00 0 
7fafd4815000-7fafd482b000 r-xp 00000000 103:06 14555831                  /usr/lib/jvm/java-9-openjdk-amd64/lib/amd64/libnet.so
7fafd482b000-7fafd4a2a000 ---p 00016000 103:06 14555831                  /usr/lib/jvm/java-9-openjdk-amd64/lib/amd64/libnet.so
7fafd4a2a000-7fafd4a2b000 r--p 00015000 103:06 14555831                  /usr/lib/jvm/java-9-openjdk-amd64/lib/amd64/libnet.so
7fafd4a2b000-7fafd4a2c000 rw-p 00016000 103:06 14555831                  /usr/lib/jvm/java-9-openjdk-amd64/lib/amd64/libnet.so
7fafd4a2c000-7fafd4a3d000 r-xp 00000000 103:06 14555858                  /usr/lib/jvm/java-9-openjdk-amd64/lib/amd64/libnio.so
7fafd4a3d000-7fafd4c3d000 ---p 00011000 103:06 14555858                  /usr/lib/jvm/java-9-openjdk-amd64/lib/amd64/libnio.so
7fafd4c3d000-7fafd4c3e000 r--p 00011000 103:06 14555858                  /usr/lib/jvm/java-9-openjdk-amd64/lib/amd64/libnio.so
7fafd4c3e000-7fafd4c3f000 rw-p 00012000 103:06 14555858                  /usr/lib/jvm/java-9-openjdk-amd64/lib/amd64/libnio.so
7fafd4c3f000-7fafd4c43000 ---p 00000000 00:00 0 
7fafd4c43000-7fafd4d40000 rw-p 00000000 00:00 0 
7fafd4d40000-7fafd4d44000 ---p 00000000 00:00 0 
7fafd4d44000-7fafd4e41000 rw-p 00000000 00:00 0 
7fafd4e41000-7fafd5800000 r--p 00000000 103:06 14424899                  /usr/lib/locale/locale-archive
7fafd5800000-7fafd8000000 rw-p 00000000 00:00 0 
7fafd8000000-7fafd8021000 rw-p 00000000 00:00 0 
7fafd8021000-7fafdc000000 ---p 00000000 00:00 0 
7fafdc07d000-7fafdc081000 ---p 00000000 00:00 0 
7fafdc081000-7fafdc17e000 rw-p 00000000 00:00 0 
7fafdc17e000-7fafdc182000 ---p 00000000 00:00 0 
7fafdc182000-7fafdc27f000 rw-p 00000000 00:00 0 
7fafdc27f000-7fafdc283000 ---p 00000000 00:00 0 
7fafdc283000-7fafdc768000 rw-p 00000000 00:00 0 
7fafdc768000-7fafe01c0000 ---p 00000000 00:00 0 
7fafe01c0000-7fafe05a8000 rw-p 00000000 00:00 0 
7fafe05a8000-7fafe4000000 ---p 00000000 00:00 0 
7fafe4000000-7fafe4021000 rw-p 00000000 00:00 0 
7fafe4021000-7fafe8000000 ---p 00000000 00:00 0 
7fafe8000000-7fafe8021000 rw-p 00000000 00:00 0 
7fafe8021000-7fafec000000 ---p 00000000 00:00 0 
7fafec000000-7fafec021000 rw-p 00000000 00:00 0 
7fafec021000-7faff0000000 ---p 00000000 00:00 0 
7faff0000000-7faff0021000 rw-p 00000000 00:00 0 
7faff0021000-7faff4000000 ---p 00000000 00:00 0 
7faff4000000-7faff4021000 rw-p 00000000 00:00 0 
7faff4021000-7faff8000000 ---p 00000000 00:00 0 
7faff8000000-7faff8021000 rw-p 00000000 00:00 0 
7faff8021000-7faffc000000 ---p 00000000 00:00 0 
7faffc000000-7faffc021000 rw-p 00000000 00:00 0 
7faffc021000-7fb000000000 ---p 00000000 00:00 0 
7fb000000000-7fb000021000 rw-p 00000000 00:00 0 
7fb000021000-7fb004000000 ---p 00000000 00:00 0 
7fb004000000-7fb004021000 rw-p 00000000 00:00 0 
7fb004021000-7fb008000000 ---p 00000000 00:00 0 
7fb0080d1000-7fb0080d5000 ---p 00000000 00:00 0 
7fb0080d5000-7fb0081d2000 rw-p 00000000 00:00 0 
7fb0081d2000-7fb0081d6000 ---p 00000000 00:00 0 
7fb0081d6000-7fb0082d3000 rw-p 00000000 00:00 0 
7fb0082d3000-7fb0082d7000 ---p 00000000 00:00 0 
7fb0082d7000-7fb0083d4000 rw-p 00000000 00:00 0 
7fb0083d4000-7fb0083d5000 ---p 00000000 00:00 0 
7fb0083d5000-7fb008d3e000 rw-p 00000000 00:00 0 
7fb008d3e000-7fb009489000 ---p 00000000 00:00 0 
7fb009489000-7fb009506000 rw-p 00000000 00:00 0 
7fb009506000-7fb009c51000 ---p 00000000 00:00 0 
7fb009c51000-7fb009ec1000 rwxp 00000000 00:00 0 
7fb009ec1000-7fb00a1e1000 ---p 00000000 00:00 0 
7fb00a1e1000-7fb00a451000 rwxp 00000000 00:00 0 
7fb00a451000-7fb011719000 ---p 00000000 00:00 0 
7fb011719000-7fb011989000 rwxp 00000000 00:00 0 
7fb011989000-7fb018c51000 ---p 00000000 00:00 0 
7fb018c51000-7fb020000000 r--s 00000000 103:06 14555815                  /usr/lib/jvm/java-9-openjdk-amd64/lib/modules
7fb020000000-7fb020477000 rw-p 00000000 00:00 0 
7fb020477000-7fb024000000 ---p 00000000 00:00 0 
7fb024028000-7fb02409e000 rw-p 00000000 00:00 0 
7fb02409e000-7fb02409f000 ---p 00000000 00:00 0 
7fb02409f000-7fb02419f000 rw-p 00000000 00:00 0 
7fb02419f000-7fb0241a0000 ---p 00000000 00:00 0 
7fb0241a0000-7fb02439a000 rw-p 00000000 00:00 0 
7fb02439a000-7fb024b62000 ---p 00000000 00:00 0 
7fb024b62000-7fb024bdf000 rw-p 00000000 00:00 0 
7fb024bdf000-7fb02532a000 ---p 00000000 00:00 0 
7fb02532a000-7fb02532b000 ---p 00000000 00:00 0 
7fb02532b000-7fb02542b000 rw-p 00000000 00:00 0 
7fb02542b000-7fb02542c000 ---p 00000000 00:00 0 
7fb02542c000-7fb02552c000 rw-p 00000000 00:00 0 
7fb02552c000-7fb02552d000 ---p 00000000 00:00 0 
7fb02552d000-7fb02562d000 rw-p 00000000 00:00 0 
7fb02562d000-7fb02562e000 ---p 00000000 00:00 0 
7fb02562e000-7fb02572e000 rw-p 00000000 00:00 0 
7fb02572e000-7fb02572f000 ---p 00000000 00:00 0 
7fb02572f000-7fb025c33000 rw-p 00000000 00:00 0 
7fb025c33000-7fb025c34000 ---p 00000000 00:00 0 
7fb025c34000-7fb025d34000 rw-p 00000000 00:00 0 
7fb025d34000-7fb025d35000 ---p 00000000 00:00 0 
7fb025d35000-7fb025e35000 rw-p 00000000 00:00 0 
7fb025e35000-7fb025e36000 ---p 00000000 00:00 0 
7fb025e36000-7fb025f36000 rw-p 00000000 00:00 0 
7fb025f36000-7fb025f37000 ---p 00000000 00:00 0 
7fb025f37000-7fb02603c000 rw-p 00000000 00:00 0 
7fb02603c000-7fb026122000 ---p 00000000 00:00 0 
7fb026122000-7fb026127000 rw-p 00000000 00:00 0 
7fb026127000-7fb02620d000 ---p 00000000 00:00 0 
7fb02620d000-7fb026212000 r-xp 00000000 103:06 14555845                  /usr/lib/jvm/java-9-openjdk-amd64/lib/amd64/libjimage.so
7fb026212000-7fb026411000 ---p 00005000 103:06 14555845                  /usr/lib/jvm/java-9-openjdk-amd64/lib/amd64/libjimage.so
7fb026411000-7fb026412000 r--p 00004000 103:06 14555845                  /usr/lib/jvm/java-9-openjdk-amd64/lib/amd64/libjimage.so
7fb026412000-7fb026413000 rw-p 00005000 103:06 14555845                  /usr/lib/jvm/java-9-openjdk-amd64/lib/amd64/libjimage.so
7fb026413000-7fb02641a000 r-xp 00000000 103:06 14555841                  /usr/lib/jvm/java-9-openjdk-amd64/lib/amd64/libzip.so
7fb02641a000-7fb026619000 ---p 00007000 103:06 14555841                  /usr/lib/jvm/java-9-openjdk-amd64/lib/amd64/libzip.so
7fb026619000-7fb02661a000 r--p 00006000 103:06 14555841                  /usr/lib/jvm/java-9-openjdk-amd64/lib/amd64/libzip.so
7fb02661a000-7fb02661b000 rw-p 00007000 103:06 14555841                  /usr/lib/jvm/java-9-openjdk-amd64/lib/amd64/libzip.so
7fb02661b000-7fb026626000 r-xp 00000000 103:06 16519727                  /lib/x86_64-linux-gnu/libnss_files-2.23.so
7fb026626000-7fb026825000 ---p 0000b000 103:06 16519727                  /lib/x86_64-linux-gnu/libnss_files-2.23.so
7fb026825000-7fb026826000 r--p 0000a000 103:06 16519727                  /lib/x86_64-linux-gnu/libnss_files-2.23.so
7fb026826000-7fb026827000 rw-p 0000b000 103:06 16519727                  /lib/x86_64-linux-gnu/libnss_files-2.23.so
7fb026827000-7fb02682d000 rw-p 00000000 00:00 0 
7fb02682d000-7fb026838000 r-xp 00000000 103:06 16519737                  /lib/x86_64-linux-gnu/libnss_nis-2.23.so
7fb026838000-7fb026a37000 ---p 0000b000 103:06 16519737                  /lib/x86_64-linux-gnu/libnss_nis-2.23.so
7fb026a37000-7fb026a38000 r--p 0000a000 103:06 16519737                  /lib/x86_64-linux-gnu/libnss_nis-2.23.so
7fb026a38000-7fb026a39000 rw-p 0000b000 103:06 16519737                  /lib/x86_64-linux-gnu/libnss_nis-2.23.so
7fb026a39000-7fb026a4f000 r-xp 00000000 103:06 16519721                  /lib/x86_64-linux-gnu/libnsl-2.23.so
7fb026a4f000-7fb026c4e000 ---p 00016000 103:06 16519721                  /lib/x86_64-linux-gnu/libnsl-2.23.so
7fb026c4e000-7fb026c4f000 r--p 00015000 103:06 16519721                  /lib/x86_64-linux-gnu/libnsl-2.23.so
7fb026c4f000-7fb026c50000 rw-p 00016000 103:06 16519721                  /lib/x86_64-linux-gnu/libnsl-2.23.so
7fb026c50000-7fb026c52000 rw-p 00000000 00:00 0 
7fb026c52000-7fb026c5a000 r-xp 00000000 103:06 16519723                  /lib/x86_64-linux-gnu/libnss_compat-2.23.so
7fb026c5a000-7fb026e59000 ---p 00008000 103:06 16519723                  /lib/x86_64-linux-gnu/libnss_compat-2.23.so
7fb026e59000-7fb026e5a000 r--p 00007000 103:06 16519723                  /lib/x86_64-linux-gnu/libnss_compat-2.23.so
7fb026e5a000-7fb026e5b000 rw-p 00008000 103:06 16519723                  /lib/x86_64-linux-gnu/libnss_compat-2.23.so
7fb026e5b000-7fb026e86000 r-xp 00000000 103:06 14555824                  /usr/lib/jvm/java-9-openjdk-amd64/lib/amd64/libjava.so
7fb026e86000-7fb027085000 ---p 0002b000 103:06 14555824                  /usr/lib/jvm/java-9-openjdk-amd64/lib/amd64/libjava.so
7fb027085000-7fb027086000 r--p 0002a000 103:06 14555824                  /usr/lib/jvm/java-9-openjdk-amd64/lib/amd64/libjava.so
7fb027086000-7fb027088000 rw-p 0002b000 103:06 14555824                  /usr/lib/jvm/java-9-openjdk-amd64/lib/amd64/libjava.so
7fb027088000-7fb027095000 r-xp 00000000 103:06 14555825                  /usr/lib/jvm/java-9-openjdk-amd64/lib/amd64/libverify.so
7fb027095000-7fb027294000 ---p 0000d000 103:06 14555825                  /usr/lib/jvm/java-9-openjdk-amd64/lib/amd64/libverify.so
7fb027294000-7fb027296000 r--p 0000c000 103:06 14555825                  /usr/lib/jvm/java-9-openjdk-amd64/lib/amd64/libverify.so
7fb027296000-7fb027297000 rw-p 0000e000 103:06 14555825                  /usr/lib/jvm/java-9-openjdk-amd64/lib/amd64/libverify.so
7fb027297000-7fb02729e000 r-xp 00000000 103:06 16519782                  /lib/x86_64-linux-gnu/librt-2.23.so
7fb02729e000-7fb02749d000 ---p 00007000 103:06 16519782                  /lib/x86_64-linux-gnu/librt-2.23.so
7fb02749d000-7fb02749e000 r--p 00006000 103:06 16519782                  /lib/x86_64-linux-gnu/librt-2.23.so
7fb02749e000-7fb02749f000 rw-p 00007000 103:06 16519782                  /lib/x86_64-linux-gnu/librt-2.23.so
7fb02749f000-7fb0274b5000 r-xp 00000000 103:06 16519666                  /lib/x86_64-linux-gnu/libgcc_s.so.1
7fb0274b5000-7fb0276b4000 ---p 00016000 103:06 16519666                  /lib/x86_64-linux-gnu/libgcc_s.so.1
7fb0276b4000-7fb0276b5000 rw-p 00015000 103:06 16519666                  /lib/x86_64-linux-gnu/libgcc_s.so.1
7fb0276b5000-7fb0277bd000 r-xp 00000000 103:06 16519698                  /lib/x86_64-linux-gnu/libm-2.23.so
7fb0277bd000-7fb0279bc000 ---p 00108000 103:06 16519698                  /lib/x86_64-linux-gnu/libm-2.23.so
7fb0279bc000-7fb0279bd000 r--p 00107000 103:06 16519698                  /lib/x86_64-linux-gnu/libm-2.23.so
7fb0279bd000-7fb0279be000 rw-p 00108000 103:06 16519698                  /lib/x86_64-linux-gnu/libm-2.23.so
7fb0279be000-7fb027b30000 r-xp 00000000 103:06 14418108                  /usr/lib/x86_64-linux-gnu/libstdc++.so.6.0.21
7fb027b30000-7fb027d30000 ---p 00172000 103:06 14418108                  /usr/lib/x86_64-linux-gnu/libstdc++.so.6.0.21
7fb027d30000-7fb027d3a000 r--p 00172000 103:06 14418108                  /usr/lib/x86_64-linux-gnu/libstdc++.so.6.0.21
7fb027d3a000-7fb027d3c000 rw-p 0017c000 103:06 14418108                  /usr/lib/x86_64-linux-gnu/libstdc++.so.6.0.21
7fb027d3c000-7fb027d40000 rw-p 00000000 00:00 0 
7fb027d40000-7fb028b9e000 r-xp 00000000 103:06 14555838                  /usr/lib/jvm/java-9-openjdk-amd64/lib/amd64/server/libjvm.so
7fb028b9e000-7fb028d9e000 ---p 00e5e000 103:06 14555838                  /usr/lib/jvm/java-9-openjdk-amd64/lib/amd64/server/libjvm.so
7fb028d9e000-7fb028e50000 r--p 00e5e000 103:06 14555838                  /usr/lib/jvm/java-9-openjdk-amd64/lib/amd64/server/libjvm.so
7fb028e50000-7fb028e82000 rw-p 00f10000 103:06 14555838                  /usr/lib/jvm/java-9-openjdk-amd64/lib/amd64/server/libjvm.so
7fb028e82000-7fb028ec7000 rw-p 00000000 00:00 0 
7fb028ec7000-7fb028edf000 r-xp 00000000 103:06 16519774                  /lib/x86_64-linux-gnu/libpthread-2.23.so
7fb028edf000-7fb0290de000 ---p 00018000 103:06 16519774                  /lib/x86_64-linux-gnu/libpthread-2.23.so
7fb0290de000-7fb0290df000 r--p 00017000 103:06 16519774                  /lib/x86_64-linux-gnu/libpthread-2.23.so
7fb0290df000-7fb0290e0000 rw-p 00018000 103:06 16519774                  /lib/x86_64-linux-gnu/libpthread-2.23.so
7fb0290e0000-7fb0290e4000 rw-p 00000000 00:00 0 
7fb0290e4000-7fb0290e7000 r-xp 00000000 103:06 16519652                  /lib/x86_64-linux-gnu/libdl-2.23.so
7fb0290e7000-7fb0292e6000 ---p 00003000 103:06 16519652                  /lib/x86_64-linux-gnu/libdl-2.23.so
7fb0292e6000-7fb0292e7000 r--p 00002000 103:06 16519652                  /lib/x86_64-linux-gnu/libdl-2.23.so
7fb0292e7000-7fb0292e8000 rw-p 00003000 103:06 16519652                  /lib/x86_64-linux-gnu/libdl-2.23.so
7fb0292e8000-7fb029301000 r-xp 00000000 103:06 16519819                  /lib/x86_64-linux-gnu/libz.so.1.2.8
7fb029301000-7fb029500000 ---p 00019000 103:06 16519819                  /lib/x86_64-linux-gnu/libz.so.1.2.8
7fb029500000-7fb029501000 r--p 00018000 103:06 16519819                  /lib/x86_64-linux-gnu/libz.so.1.2.8
7fb029501000-7fb029502000 rw-p 00019000 103:06 16519819                  /lib/x86_64-linux-gnu/libz.so.1.2.8
7fb029502000-7fb0296c2000 r-xp 00000000 103:06 16519628                  /lib/x86_64-linux-gnu/libc-2.23.so
7fb0296c2000-7fb0298c2000 ---p 001c0000 103:06 16519628                  /lib/x86_64-linux-gnu/libc-2.23.so
7fb0298c2000-7fb0298c6000 r--p 001c0000 103:06 16519628                  /lib/x86_64-linux-gnu/libc-2.23.so
7fb0298c6000-7fb0298c8000 rw-p 001c4000 103:06 16519628                  /lib/x86_64-linux-gnu/libc-2.23.so
7fb0298c8000-7fb0298cc000 rw-p 00000000 00:00 0 
7fb0298cc000-7fb0298da000 r-xp 00000000 103:06 14555855                  /usr/lib/jvm/java-9-openjdk-amd64/lib/amd64/jli/libjli.so
7fb0298da000-7fb029ad9000 ---p 0000e000 103:06 14555855                  /usr/lib/jvm/java-9-openjdk-amd64/lib/amd64/jli/libjli.so
7fb029ad9000-7fb029ada000 r--p 0000d000 103:06 14555855                  /usr/lib/jvm/java-9-openjdk-amd64/lib/amd64/jli/libjli.so
7fb029ada000-7fb029adb000 rw-p 0000e000 103:06 14555855                  /usr/lib/jvm/java-9-openjdk-amd64/lib/amd64/jli/libjli.so
7fb029adb000-7fb029b01000 r-xp 00000000 103:06 16519600                  /lib/x86_64-linux-gnu/ld-2.23.so
7fb029b5d000-7fb029be0000 rw-p 00000000 00:00 0 
7fb029be0000-7fb029be4000 ---p 00000000 00:00 0 
7fb029be4000-7fb029ce6000 rw-p 00000000 00:00 0 
7fb029ce8000-7fb029ced000 rw-p 00000000 00:00 0 
7fb029ced000-7fb029cf4000 ---p 00000000 00:00 0 
7fb029cf4000-7fb029cfc000 rw-s 00000000 103:06 9830422                   /tmp/hsperfdata_srosenberg/11481
7fb029cfc000-7fb029cfd000 rw-p 00000000 00:00 0 
7fb029cfd000-7fb029cfe000 r--p 00000000 00:00 0 
7fb029cfe000-7fb029d00000 rw-p 00000000 00:00 0 
7fb029d00000-7fb029d01000 r--p 00025000 103:06 16519600                  /lib/x86_64-linux-gnu/ld-2.23.so
7fb029d01000-7fb029d02000 rw-p 00026000 103:06 16519600                  /lib/x86_64-linux-gnu/ld-2.23.so
7fb029d02000-7fb029d03000 rw-p 00000000 00:00 0 
7ffc3e42a000-7ffc3e44b000 rw-p 00000000 00:00 0                          [stack]
7ffc3e4a4000-7ffc3e4a6000 r--p 00000000 00:00 0                          [vvar]
7ffc3e4a6000-7ffc3e4a8000 r-xp 00000000 00:00 0                          [vdso]
ffffffffff600000-ffffffffff601000 r-xp 00000000 00:00 0                  [vsyscall]

VM Arguments:
java_command: SimpleCalc
java_class_path (initial): .
Launcher Type: SUN_STANDARD

Environment Variables:
PATH=/home/srosenberg/bin:/home/srosenberg/.local/bin:/usr/local/sbin:/usr/local/bin:/usr/sbin:/usr/bin:/sbin:/bin:/usr/games:/usr/local/games:/snap/bin
SHELL=/bin/bash
DISPLAY=:0

Signal Handlers:
SIGSEGV: [libjvm.so+0xc12c20], sa_mask[0]=11111111011111111101111111111110, sa_flags=SA_RESTART|SA_SIGINFO
SIGBUS: [libjvm.so+0xc12c20], sa_mask[0]=11111111011111111101111111111110, sa_flags=SA_RESTART|SA_SIGINFO
SIGFPE: [libjvm.so+0xc12c20], sa_mask[0]=11111111011111111101111111111110, sa_flags=SA_RESTART|SA_SIGINFO
SIGPIPE: [libjvm.so+0xa3b600], sa_mask[0]=11111111011111111101111111111110, sa_flags=SA_RESTART|SA_SIGINFO
SIGXFSZ: [libjvm.so+0xa3b600], sa_mask[0]=11111111011111111101111111111110, sa_flags=SA_RESTART|SA_SIGINFO
SIGILL: [libjvm.so+0xc12c20], sa_mask[0]=11111111011111111101111111111110, sa_flags=SA_RESTART|SA_SIGINFO
SIGUSR2: [libjvm.so+0xa3b4a0], sa_mask[0]=00000000000000000000000000000000, sa_flags=SA_RESTART|SA_SIGINFO
SIGHUP: [libjvm.so+0xa3b870], sa_mask[0]=11111111011111111101111111111110, sa_flags=SA_RESTART|SA_SIGINFO
SIGINT: [libjvm.so+0xa3b870], sa_mask[0]=11111111011111111101111111111110, sa_flags=SA_RESTART|SA_SIGINFO
SIGTERM: [libjvm.so+0xa3b870], sa_mask[0]=11111111011111111101111111111110, sa_flags=SA_RESTART|SA_SIGINFO
SIGQUIT: [libjvm.so+0xa3b870], sa_mask[0]=11111111011111111101111111111110, sa_flags=SA_RESTART|SA_SIGINFO


---------------  S Y S T E M  ---------------

OS:DISTRIB_ID=Ubuntu
DISTRIB_RELEASE=16.04
DISTRIB_CODENAME=xenial
DISTRIB_DESCRIPTION="Ubuntu 16.04.3 LTS"
uname:Linux 4.10.0-42-generic #46~16.04.1-Ubuntu SMP Mon Dec 4 15:57:59 UTC 2017 x86_64
libc:glibc 2.23 NPTL 2.23 
rlimit: STACK 8192k, CORE 0k, NPROC 63240, NOFILE 1048576, AS infinity
load average:0.53 0.62 0.68

/proc/meminfo:
MemTotal:       16313076 kB
MemFree:         8593456 kB
MemAvailable:   10938832 kB
Buffers:          389880 kB
Cached:          3386512 kB
SwapCached:            0 kB
Active:          4729708 kB
Inactive:        2470736 kB
Active(anon):    3459572 kB
Inactive(anon):  1304692 kB
Active(file):    1270136 kB
Inactive(file):  1166044 kB
Unevictable:         200 kB
Mlocked:             200 kB
SwapTotal:      16659452 kB
SwapFree:       16659452 kB
Dirty:               272 kB
Writeback:             0 kB
AnonPages:       3268792 kB
Mapped:          1069608 kB
Shmem:           1339352 kB
Slab:             320424 kB
SReclaimable:     252544 kB
SUnreclaim:        67880 kB
KernelStack:       14096 kB
PageTables:        72084 kB
NFS_Unstable:          0 kB
Bounce:                0 kB
WritebackTmp:          0 kB
CommitLimit:    24815988 kB
Committed_AS:   13393500 kB
VmallocTotal:   34359738367 kB
VmallocUsed:           0 kB
VmallocChunk:          0 kB
HardwareCorrupted:     0 kB
AnonHugePages:    903168 kB
ShmemHugePages:        0 kB
ShmemPmdMapped:        0 kB
CmaTotal:              0 kB
CmaFree:               0 kB
HugePages_Total:       0
HugePages_Free:        0
HugePages_Rsvd:        0
HugePages_Surp:        0
Hugepagesize:       2048 kB
DirectMap4k:      249256 kB
DirectMap2M:     9070592 kB
DirectMap1G:     8388608 kB


CPU:total 4 (2 cores per cpu, 2 threads per core) family 6 model 142 stepping 9, cmov, cx8, fxsr, mmx, sse, sse2, sse3, ssse3, sse4.1, sse4.2, popcnt, avx, avx2, aes, clmul, erms, 3dnowpref, lzcnt, ht, tsc, tscinvbit, bmi1, bmi2, adx

CPU Model and flags from /proc/cpuinfo:
model name	: Intel(R) Core(TM) i7-7500U CPU @ 2.70GHz
flags		: fpu vme de pse tsc msr pae mce cx8 apic sep mtrr pge mca cmov pat pse36 clflush dts acpi mmx fxsr sse sse2 ss ht tm pbe syscall nx pdpe1gb rdtscp lm constant_tsc art arch_perfmon pebs bts rep_good nopl xtopology nonstop_tsc aperfmperf tsc_known_freq pni pclmulqdq dtes64 monitor ds_cpl vmx est tm2 ssse3 sdbg fma cx16 xtpr pdcm pcid sse4_1 sse4_2 x2apic movbe popcnt tsc_deadline_timer aes xsave avx f16c rdrand lahf_lm abm 3dnowprefetch epb intel_pt tpr_shadow vnmi flexpriority ept vpid fsgsbase tsc_adjust bmi1 avx2 smep bmi2 erms invpcid mpx rdseed adx smap clflushopt xsaveopt xsavec xgetbv1 xsaves dtherm ida arat pln pts hwp hwp_notify hwp_act_window hwp_epp

Memory: 4k page, physical 16313076k(8593456k free), swap 16659452k(16659452k free)

vm_info: OpenJDK 64-Bit Server VM (9-internal+0-2016-04-14-195246.buildd.src) for linux-amd64 JRE (9-internal+0-2016-04-14-195246.buildd.src), built on Apr 14 2016 20:05:37 by "buildd" with gcc 5.3.1 20160413

END.
